#
# There is insufficient memory for the Java Runtime Environment to continue.
# Native memory allocation (malloc) failed to allocate 252656 bytes for Chunk::new
# Possible reasons:
#   The system is out of physical RAM or swap space
#   The process is running with CompressedOops enabled, and the Java Heap may be blocking the growth of the native heap
# Possible solutions:
#   Reduce memory load on the system
#   Increase physical memory or swap space
#   Check if swap backing store is full
#   Decrease Java heap size (-Xmx/-Xms)
#   Decrease number of Java threads
#   Set larger code cache with -XX:ReservedCodeCacheSize=
#   JVM is running with Zero Based Compressed Oops mode in which the Java heap is
#     placed in the first 32GB address space. The Java Heap base address is the
#     maximum limit for the native heap growth. Please use -XX:HeapBaseMinAddress
#     to set the Java Heap base and to place the Java Heap above 32GB virtual address.
# This output file may be truncated or incomplete.
#
#  Out of Memory Error (./src/hotspot/share/memory/arena.cpp:197), pid=34780, tid=28128
#
# JRE version: OpenJDK Runtime Environment (11.0.11+9) (build 11.0.11+9-b60-7590822)
# Java VM: OpenJDK 64-Bit Server VM (11.0.11+9-b60-7590822, mixed mode, tiered, compressed oops, g1 gc, windows-amd64)
# No core dump will be written. Minidumps are not enabled by default on client versions of Windows
#

---------------  S U M M A R Y ------------

Command Line: org.jetbrains.kotlin.cli.jvm.K2JVMCompiler @C:\Users\keerthi-con927\AndroidStudioProjects\algoliademo\app\build\20220309_2067704788996640419.compiler.options

Host: 11th Gen Intel(R) Core(TM) i7-11850H @ 2.50GHz, 16 cores, 15G,  Windows 10 , 64 bit Build 19041 (10.0.19041.1566)
Time: Wed Mar  9 15:43:03 2022 India Standard Time elapsed time: 1.379115 seconds (0d 0h 0m 1s)

---------------  T H R E A D  ---------------

Current thread (0x000002a39583a000):  JavaThread "C2 CompilerThread0" daemon [_thread_in_native, id=28128, stack(0x000000dff1a00000,0x000000dff1b00000)]


Current CompileTask:
C2:   1379 1898   !   4       java.util.zip.InflaterInputStream::read (138 bytes)

Stack: [0x000000dff1a00000,0x000000dff1b00000]
Native frames: (J=compiled Java code, j=interpreted, Vv=VM code, C=native code)
V  [jvm.dll+0x5f214a]
V  [jvm.dll+0x726fb5]
V  [jvm.dll+0x7285cd]
V  [jvm.dll+0x728c83]
V  [jvm.dll+0x243278]
V  [jvm.dll+0xbc53c]
V  [jvm.dll+0xbca3c]
V  [jvm.dll+0x2b5c34]
V  [jvm.dll+0x508488]
V  [jvm.dll+0x1fd4b5]
V  [jvm.dll+0x1fb35f]
V  [jvm.dll+0x183d6c]
V  [jvm.dll+0x209a57]
V  [jvm.dll+0x2082a1]
V  [jvm.dll+0x6ef58f]
V  [jvm.dll+0x6e80b5]
V  [jvm.dll+0x5f1036]
C  [ucrtbase.dll+0x21bb2]
C  [KERNEL32.DLL+0x17034]
C  [ntdll.dll+0x52651]


---------------  P R O C E S S  ---------------

Threads class SMR info:
_java_thread_list=0x000002a395c2fba0, length=12, elements={
0x000002a3f549f800, 0x000002a395814800, 0x000002a395816000, 0x000002a395833800,
0x000002a395836800, 0x000002a395839000, 0x000002a39583a000, 0x000002a395887800,
0x000002a3958a4800, 0x000002a395977800, 0x000002a395a01000, 0x000002a395ca8000
}

Java Threads: ( => current thread )
  0x000002a3f549f800 JavaThread "main" [_thread_blocked, id=3820, stack(0x000000dff0e00000,0x000000dff0f00000)]
  0x000002a395814800 JavaThread "Reference Handler" daemon [_thread_blocked, id=29824, stack(0x000000dff1500000,0x000000dff1600000)]
  0x000002a395816000 JavaThread "Finalizer" daemon [_thread_blocked, id=35712, stack(0x000000dff1600000,0x000000dff1700000)]
  0x000002a395833800 JavaThread "Signal Dispatcher" daemon [_thread_blocked, id=31436, stack(0x000000dff1700000,0x000000dff1800000)]
  0x000002a395836800 JavaThread "Attach Listener" daemon [_thread_blocked, id=16164, stack(0x000000dff1800000,0x000000dff1900000)]
  0x000002a395839000 JavaThread "Service Thread" daemon [_thread_blocked, id=22152, stack(0x000000dff1900000,0x000000dff1a00000)]
=>0x000002a39583a000 JavaThread "C2 CompilerThread0" daemon [_thread_in_native, id=28128, stack(0x000000dff1a00000,0x000000dff1b00000)]
  0x000002a395887800 JavaThread "C1 CompilerThread0" daemon [_thread_blocked, id=26008, stack(0x000000dff1b00000,0x000000dff1c00000)]
  0x000002a3958a4800 JavaThread "Sweeper thread" daemon [_thread_blocked, id=2356, stack(0x000000dff1c00000,0x000000dff1d00000)]
  0x000002a395977800 JavaThread "C1 CompilerThread1" daemon [_thread_blocked, id=32968, stack(0x000000dff1d00000,0x000000dff1e00000)]
  0x000002a395a01000 JavaThread "Common-Cleaner" daemon [_thread_blocked, id=21856, stack(0x000000dff1f00000,0x000000dff2000000)]
  0x000002a395ca8000 JavaThread "C1 CompilerThread2" daemon [_thread_blocked, id=22724, stack(0x000000dff2000000,0x000000dff2100000)]

Other Threads:
  0x000002a3957f0800 VMThread "VM Thread" [stack: 0x000000dff1400000,0x000000dff1500000] [id=21284]
  0x000002a3959f8000 WatcherThread [stack: 0x000000dff1e00000,0x000000dff1f00000] [id=31512]
  0x000002a3f54b6800 GCTaskThread "GC Thread#0" [stack: 0x000000dff0f00000,0x000000dff1000000] [id=31624]
  0x000002a396187800 GCTaskThread "GC Thread#1" [stack: 0x000000dff2100000,0x000000dff2200000] [id=28944]
  0x000002a396193000 GCTaskThread "GC Thread#2" [stack: 0x000000dff2200000,0x000000dff2300000] [id=29532]
  0x000002a396193800 GCTaskThread "GC Thread#3" [stack: 0x000000dff2300000,0x000000dff2400000] [id=23168]
  0x000002a3961a3000 GCTaskThread "GC Thread#4" [stack: 0x000000dff2400000,0x000000dff2500000] [id=28400]
  0x000002a3961a3800 GCTaskThread "GC Thread#5" [stack: 0x000000dff2500000,0x000000dff2600000] [id=33784]
  0x000002a3f54fd000 ConcurrentGCThread "G1 Main Marker" [stack: 0x000000dff1000000,0x000000dff1100000] [id=31668]
  0x000002a3fefe9000 ConcurrentGCThread "G1 Conc#0" [stack: 0x000000dff1100000,0x000000dff1200000] [id=22928]
  0x000002a3963cf800 ConcurrentGCThread "G1 Conc#1" [stack: 0x000000dff2600000,0x000000dff2700000] [id=24924]
  0x000002a396b06000 ConcurrentGCThread "G1 Conc#2" [stack: 0x000000dff2700000,0x000000dff2800000] [id=25380]
  0x000002a3ff137800 ConcurrentGCThread "G1 Refine#0" [stack: 0x000000dff1200000,0x000000dff1300000] [id=25612]
  0x000002a3ff138800 ConcurrentGCThread "G1 Young RemSet Sampling" [stack: 0x000000dff1300000,0x000000dff1400000] [id=30792]

Threads with active compile tasks:
C2 CompilerThread0   1510 1898   !   4       java.util.zip.InflaterInputStream::read (138 bytes)

VM state:at safepoint (normal execution)

VM Mutex/Monitor currently owned by a thread:  ([mutex/lock_event])
[0x000002a3f549c800] Threads_lock - owner thread: 0x000002a3957f0800
[0x000002a3f549b690] Heap_lock - owner thread: 0x000002a3f549f800

Heap address: 0x0000000704600000, size: 4026 MB, Compressed Oops mode: Zero based, Oop shift amount: 3
Narrow klass base: 0x0000000800000000, Narrow klass shift: 0
Compressed class space size: 1073741824 Address: 0x0000000800000000

Heap:
 garbage-first heap   total 258048K, used 9410K [0x0000000704600000, 0x0000000800000000)
  region size 1024K, 4 young (4096K), 4 survivors (4096K)
 Metaspace       used 22501K, capacity 22704K, committed 22784K, reserved 1097728K
  class space    used 2408K, capacity 2492K, committed 2560K, reserved 1048576K
Heap Regions: E=young(eden), S=young(survivor), O=old, HS=humongous(starts), HC=humongous(continues), CS=collection set, F=free, A=archive, TAMS=top-at-mark-start (previous, next)
|   0|0x0000000704600000, 0x0000000704700000, 0x0000000704700000|100%|HS|  |TAMS 0x0000000704700000, 0x0000000704700000| Complete 
|   1|0x0000000704700000, 0x0000000704800000, 0x0000000704800000|100%|HC|  |TAMS 0x0000000704800000, 0x0000000704800000| Complete 
|   2|0x0000000704800000, 0x0000000704900000, 0x0000000704900000|100%|HC|  |TAMS 0x0000000704900000, 0x0000000704900000| Complete 
|   3|0x0000000704900000, 0x0000000704a00000, 0x0000000704a00000|100%| O|  |TAMS 0x0000000704a00000, 0x0000000704a00000| Untracked 
|   4|0x0000000704a00000, 0x0000000704b00000, 0x0000000704b00000|100%| O|  |TAMS 0x0000000704b00000, 0x0000000704b00000| Untracked 
|   5|0x0000000704b00000, 0x0000000704b9cc00, 0x0000000704c00000| 61%| O|  |TAMS 0x0000000704b9cc00, 0x0000000704b9cc00| Untracked 
|   6|0x0000000704c00000, 0x0000000704c00000, 0x0000000704d00000|  0%| F|  |TAMS 0x0000000704c00000, 0x0000000704c00000| Untracked 
|   7|0x0000000704d00000, 0x0000000704d00000, 0x0000000704e00000|  0%| F|  |TAMS 0x0000000704d00000, 0x0000000704d00000| Untracked 
|   8|0x0000000704e00000, 0x0000000704e00000, 0x0000000704f00000|  0%| F|  |TAMS 0x0000000704e00000, 0x0000000704e00000| Untracked 
|   9|0x0000000704f00000, 0x0000000704f00000, 0x0000000705000000|  0%| F|  |TAMS 0x0000000704f00000, 0x0000000704f00000| Untracked 
|  10|0x0000000705000000, 0x0000000705000000, 0x0000000705100000|  0%| F|  |TAMS 0x0000000705000000, 0x0000000705000000| Untracked 
|  11|0x0000000705100000, 0x0000000705100000, 0x0000000705200000|  0%| F|  |TAMS 0x0000000705100000, 0x0000000705100000| Untracked 
|  12|0x0000000705200000, 0x0000000705200000, 0x0000000705300000|  0%| F|  |TAMS 0x0000000705200000, 0x0000000705200000| Untracked 
|  13|0x0000000705300000, 0x0000000705300000, 0x0000000705400000|  0%| F|  |TAMS 0x0000000705300000, 0x0000000705300000| Untracked 
|  14|0x0000000705400000, 0x0000000705400000, 0x0000000705500000|  0%| F|  |TAMS 0x0000000705400000, 0x0000000705400000| Untracked 
|  15|0x0000000705500000, 0x0000000705500000, 0x0000000705600000|  0%| F|  |TAMS 0x0000000705500000, 0x0000000705500000| Untracked 
|  16|0x0000000705600000, 0x0000000705600000, 0x0000000705700000|  0%| F|  |TAMS 0x0000000705600000, 0x0000000705600000| Untracked 
|  17|0x0000000705700000, 0x0000000705700000, 0x0000000705800000|  0%| F|  |TAMS 0x0000000705700000, 0x0000000705700000| Untracked 
|  18|0x0000000705800000, 0x0000000705800000, 0x0000000705900000|  0%| F|  |TAMS 0x0000000705800000, 0x0000000705800000| Untracked 
|  19|0x0000000705900000, 0x0000000705900000, 0x0000000705a00000|  0%| F|  |TAMS 0x0000000705900000, 0x0000000705900000| Untracked 
|  20|0x0000000705a00000, 0x0000000705a00000, 0x0000000705b00000|  0%| F|  |TAMS 0x0000000705a00000, 0x0000000705a00000| Untracked 
|  21|0x0000000705b00000, 0x0000000705b00000, 0x0000000705c00000|  0%| F|  |TAMS 0x0000000705b00000, 0x0000000705b00000| Untracked 
|  22|0x0000000705c00000, 0x0000000705c00000, 0x0000000705d00000|  0%| F|  |TAMS 0x0000000705c00000, 0x0000000705c00000| Untracked 
|  23|0x0000000705d00000, 0x0000000705d00000, 0x0000000705e00000|  0%| F|  |TAMS 0x0000000705d00000, 0x0000000705d00000| Untracked 
|  24|0x0000000705e00000, 0x0000000705e00000, 0x0000000705f00000|  0%| F|  |TAMS 0x0000000705e00000, 0x0000000705e00000| Untracked 
|  25|0x0000000705f00000, 0x0000000705f00000, 0x0000000706000000|  0%| F|  |TAMS 0x0000000705f00000, 0x0000000705f00000| Untracked 
|  26|0x0000000706000000, 0x0000000706000000, 0x0000000706100000|  0%| F|  |TAMS 0x0000000706000000, 0x0000000706000000| Untracked 
|  27|0x0000000706100000, 0x0000000706100000, 0x0000000706200000|  0%| F|  |TAMS 0x0000000706100000, 0x0000000706100000| Untracked 
|  28|0x0000000706200000, 0x0000000706200000, 0x0000000706300000|  0%| F|  |TAMS 0x0000000706200000, 0x0000000706200000| Untracked 
|  29|0x0000000706300000, 0x0000000706300000, 0x0000000706400000|  0%| F|  |TAMS 0x0000000706300000, 0x0000000706300000| Untracked 
|  30|0x0000000706400000, 0x0000000706400000, 0x0000000706500000|  0%| F|  |TAMS 0x0000000706400000, 0x0000000706400000| Untracked 
|  31|0x0000000706500000, 0x0000000706500000, 0x0000000706600000|  0%| F|  |TAMS 0x0000000706500000, 0x0000000706500000| Untracked 
|  32|0x0000000706600000, 0x0000000706600000, 0x0000000706700000|  0%| F|  |TAMS 0x0000000706600000, 0x0000000706600000| Untracked 
|  33|0x0000000706700000, 0x0000000706700000, 0x0000000706800000|  0%| F|  |TAMS 0x0000000706700000, 0x0000000706700000| Untracked 
|  34|0x0000000706800000, 0x0000000706800000, 0x0000000706900000|  0%| F|  |TAMS 0x0000000706800000, 0x0000000706800000| Untracked 
|  35|0x0000000706900000, 0x0000000706900000, 0x0000000706a00000|  0%| F|  |TAMS 0x0000000706900000, 0x0000000706900000| Untracked 
|  36|0x0000000706a00000, 0x0000000706a00000, 0x0000000706b00000|  0%| F|  |TAMS 0x0000000706a00000, 0x0000000706a00000| Untracked 
|  37|0x0000000706b00000, 0x0000000706b00000, 0x0000000706c00000|  0%| F|  |TAMS 0x0000000706b00000, 0x0000000706b00000| Untracked 
|  38|0x0000000706c00000, 0x0000000706c00000, 0x0000000706d00000|  0%| F|  |TAMS 0x0000000706c00000, 0x0000000706c00000| Untracked 
|  39|0x0000000706d00000, 0x0000000706d00000, 0x0000000706e00000|  0%| F|  |TAMS 0x0000000706d00000, 0x0000000706d00000| Untracked 
|  40|0x0000000706e00000, 0x0000000706e00000, 0x0000000706f00000|  0%| F|  |TAMS 0x0000000706e00000, 0x0000000706e00000| Untracked 
|  41|0x0000000706f00000, 0x0000000706f00000, 0x0000000707000000|  0%| F|  |TAMS 0x0000000706f00000, 0x0000000706f00000| Untracked 
|  42|0x0000000707000000, 0x0000000707000000, 0x0000000707100000|  0%| F|  |TAMS 0x0000000707000000, 0x0000000707000000| Untracked 
|  43|0x0000000707100000, 0x0000000707100000, 0x0000000707200000|  0%| F|  |TAMS 0x0000000707100000, 0x0000000707100000| Untracked 
|  44|0x0000000707200000, 0x0000000707200000, 0x0000000707300000|  0%| F|  |TAMS 0x0000000707200000, 0x0000000707200000| Untracked 
|  45|0x0000000707300000, 0x0000000707300000, 0x0000000707400000|  0%| F|  |TAMS 0x0000000707300000, 0x0000000707300000| Untracked 
|  46|0x0000000707400000, 0x0000000707400000, 0x0000000707500000|  0%| F|  |TAMS 0x0000000707400000, 0x0000000707400000| Untracked 
|  47|0x0000000707500000, 0x0000000707500000, 0x0000000707600000|  0%| F|  |TAMS 0x0000000707500000, 0x0000000707500000| Untracked 
|  48|0x0000000707600000, 0x0000000707600000, 0x0000000707700000|  0%| F|  |TAMS 0x0000000707600000, 0x0000000707600000| Untracked 
|  49|0x0000000707700000, 0x0000000707700000, 0x0000000707800000|  0%| F|  |TAMS 0x0000000707700000, 0x0000000707700000| Untracked 
|  50|0x0000000707800000, 0x0000000707800000, 0x0000000707900000|  0%| F|  |TAMS 0x0000000707800000, 0x0000000707800000| Untracked 
|  51|0x0000000707900000, 0x0000000707900000, 0x0000000707a00000|  0%| F|  |TAMS 0x0000000707900000, 0x0000000707900000| Untracked 
|  52|0x0000000707a00000, 0x0000000707a00000, 0x0000000707b00000|  0%| F|  |TAMS 0x0000000707a00000, 0x0000000707a00000| Untracked 
|  53|0x0000000707b00000, 0x0000000707b00000, 0x0000000707c00000|  0%| F|  |TAMS 0x0000000707b00000, 0x0000000707b00000| Untracked 
|  54|0x0000000707c00000, 0x0000000707c00000, 0x0000000707d00000|  0%| F|  |TAMS 0x0000000707c00000, 0x0000000707c00000| Untracked 
|  55|0x0000000707d00000, 0x0000000707d00000, 0x0000000707e00000|  0%| F|  |TAMS 0x0000000707d00000, 0x0000000707d00000| Untracked 
|  56|0x0000000707e00000, 0x0000000707e00000, 0x0000000707f00000|  0%| F|  |TAMS 0x0000000707e00000, 0x0000000707e00000| Untracked 
|  57|0x0000000707f00000, 0x0000000707f00000, 0x0000000708000000|  0%| F|  |TAMS 0x0000000707f00000, 0x0000000707f00000| Untracked 
|  58|0x0000000708000000, 0x0000000708000000, 0x0000000708100000|  0%| F|  |TAMS 0x0000000708000000, 0x0000000708000000| Untracked 
|  59|0x0000000708100000, 0x0000000708100000, 0x0000000708200000|  0%| F|  |TAMS 0x0000000708100000, 0x0000000708100000| Untracked 
|  60|0x0000000708200000, 0x0000000708200000, 0x0000000708300000|  0%| F|  |TAMS 0x0000000708200000, 0x0000000708200000| Untracked 
|  61|0x0000000708300000, 0x0000000708300000, 0x0000000708400000|  0%| F|  |TAMS 0x0000000708300000, 0x0000000708300000| Untracked 
|  62|0x0000000708400000, 0x0000000708400000, 0x0000000708500000|  0%| F|  |TAMS 0x0000000708400000, 0x0000000708400000| Untracked 
|  63|0x0000000708500000, 0x0000000708500000, 0x0000000708600000|  0%| F|  |TAMS 0x0000000708500000, 0x0000000708500000| Untracked 
|  64|0x0000000708600000, 0x0000000708600000, 0x0000000708700000|  0%| F|  |TAMS 0x0000000708600000, 0x0000000708600000| Untracked 
|  65|0x0000000708700000, 0x0000000708700000, 0x0000000708800000|  0%| F|  |TAMS 0x0000000708700000, 0x0000000708700000| Untracked 
|  66|0x0000000708800000, 0x0000000708800000, 0x0000000708900000|  0%| F|  |TAMS 0x0000000708800000, 0x0000000708800000| Untracked 
|  67|0x0000000708900000, 0x0000000708900000, 0x0000000708a00000|  0%| F|  |TAMS 0x0000000708900000, 0x0000000708900000| Untracked 
|  68|0x0000000708a00000, 0x0000000708a00000, 0x0000000708b00000|  0%| F|  |TAMS 0x0000000708a00000, 0x0000000708a00000| Untracked 
|  69|0x0000000708b00000, 0x0000000708b00000, 0x0000000708c00000|  0%| F|  |TAMS 0x0000000708b00000, 0x0000000708b00000| Untracked 
|  70|0x0000000708c00000, 0x0000000708c00000, 0x0000000708d00000|  0%| F|  |TAMS 0x0000000708c00000, 0x0000000708c00000| Untracked 
|  71|0x0000000708d00000, 0x0000000708d00000, 0x0000000708e00000|  0%| F|  |TAMS 0x0000000708d00000, 0x0000000708d00000| Untracked 
|  72|0x0000000708e00000, 0x0000000708e00000, 0x0000000708f00000|  0%| F|  |TAMS 0x0000000708e00000, 0x0000000708e00000| Untracked 
|  73|0x0000000708f00000, 0x0000000708f00000, 0x0000000709000000|  0%| F|  |TAMS 0x0000000708f00000, 0x0000000708f00000| Untracked 
|  74|0x0000000709000000, 0x0000000709000000, 0x0000000709100000|  0%| F|  |TAMS 0x0000000709000000, 0x0000000709000000| Untracked 
|  75|0x0000000709100000, 0x0000000709100000, 0x0000000709200000|  0%| F|  |TAMS 0x0000000709100000, 0x0000000709100000| Untracked 
|  76|0x0000000709200000, 0x0000000709200000, 0x0000000709300000|  0%| F|  |TAMS 0x0000000709200000, 0x0000000709200000| Untracked 
|  77|0x0000000709300000, 0x0000000709300000, 0x0000000709400000|  0%| F|  |TAMS 0x0000000709300000, 0x0000000709300000| Untracked 
|  78|0x0000000709400000, 0x0000000709400000, 0x0000000709500000|  0%| F|  |TAMS 0x0000000709400000, 0x0000000709400000| Untracked 
|  79|0x0000000709500000, 0x0000000709500000, 0x0000000709600000|  0%| F|  |TAMS 0x0000000709500000, 0x0000000709500000| Untracked 
|  80|0x0000000709600000, 0x0000000709600000, 0x0000000709700000|  0%| F|  |TAMS 0x0000000709600000, 0x0000000709600000| Untracked 
|  81|0x0000000709700000, 0x0000000709700000, 0x0000000709800000|  0%| F|  |TAMS 0x0000000709700000, 0x0000000709700000| Untracked 
|  82|0x0000000709800000, 0x0000000709800000, 0x0000000709900000|  0%| F|  |TAMS 0x0000000709800000, 0x0000000709800000| Untracked 
|  83|0x0000000709900000, 0x0000000709900000, 0x0000000709a00000|  0%| F|  |TAMS 0x0000000709900000, 0x0000000709900000| Untracked 
|  84|0x0000000709a00000, 0x0000000709a00000, 0x0000000709b00000|  0%| F|  |TAMS 0x0000000709a00000, 0x0000000709a00000| Untracked 
|  85|0x0000000709b00000, 0x0000000709b00000, 0x0000000709c00000|  0%| F|  |TAMS 0x0000000709b00000, 0x0000000709b00000| Untracked 
|  86|0x0000000709c00000, 0x0000000709c00000, 0x0000000709d00000|  0%| F|  |TAMS 0x0000000709c00000, 0x0000000709c00000| Untracked 
|  87|0x0000000709d00000, 0x0000000709d00000, 0x0000000709e00000|  0%| F|  |TAMS 0x0000000709d00000, 0x0000000709d00000| Untracked 
|  88|0x0000000709e00000, 0x0000000709e00000, 0x0000000709f00000|  0%| F|  |TAMS 0x0000000709e00000, 0x0000000709e00000| Untracked 
|  89|0x0000000709f00000, 0x0000000709f00000, 0x000000070a000000|  0%| F|  |TAMS 0x0000000709f00000, 0x0000000709f00000| Untracked 
|  90|0x000000070a000000, 0x000000070a000000, 0x000000070a100000|  0%| F|  |TAMS 0x000000070a000000, 0x000000070a000000| Untracked 
|  91|0x000000070a100000, 0x000000070a100000, 0x000000070a200000|  0%| F|  |TAMS 0x000000070a100000, 0x000000070a100000| Untracked 
|  92|0x000000070a200000, 0x000000070a200000, 0x000000070a300000|  0%| F|  |TAMS 0x000000070a200000, 0x000000070a200000| Untracked 
|  93|0x000000070a300000, 0x000000070a300000, 0x000000070a400000|  0%| F|  |TAMS 0x000000070a300000, 0x000000070a300000| Untracked 
|  94|0x000000070a400000, 0x000000070a400000, 0x000000070a500000|  0%| F|  |TAMS 0x000000070a400000, 0x000000070a400000| Untracked 
|  95|0x000000070a500000, 0x000000070a500000, 0x000000070a600000|  0%| F|  |TAMS 0x000000070a500000, 0x000000070a500000| Untracked 
|  96|0x000000070a600000, 0x000000070a600000, 0x000000070a700000|  0%| F|  |TAMS 0x000000070a600000, 0x000000070a600000| Untracked 
|  97|0x000000070a700000, 0x000000070a700000, 0x000000070a800000|  0%| F|  |TAMS 0x000000070a700000, 0x000000070a700000| Untracked 
|  98|0x000000070a800000, 0x000000070a800000, 0x000000070a900000|  0%| F|  |TAMS 0x000000070a800000, 0x000000070a800000| Untracked 
|  99|0x000000070a900000, 0x000000070a900000, 0x000000070aa00000|  0%| F|  |TAMS 0x000000070a900000, 0x000000070a900000| Untracked 
| 100|0x000000070aa00000, 0x000000070aa00000, 0x000000070ab00000|  0%| F|  |TAMS 0x000000070aa00000, 0x000000070aa00000| Untracked 
| 101|0x000000070ab00000, 0x000000070ab00000, 0x000000070ac00000|  0%| F|  |TAMS 0x000000070ab00000, 0x000000070ab00000| Untracked 
| 102|0x000000070ac00000, 0x000000070ac00000, 0x000000070ad00000|  0%| F|  |TAMS 0x000000070ac00000, 0x000000070ac00000| Untracked 
| 103|0x000000070ad00000, 0x000000070ad00000, 0x000000070ae00000|  0%| F|  |TAMS 0x000000070ad00000, 0x000000070ad00000| Untracked 
| 104|0x000000070ae00000, 0x000000070ae00000, 0x000000070af00000|  0%| F|  |TAMS 0x000000070ae00000, 0x000000070ae00000| Untracked 
| 105|0x000000070af00000, 0x000000070af00000, 0x000000070b000000|  0%| F|  |TAMS 0x000000070af00000, 0x000000070af00000| Untracked 
| 106|0x000000070b000000, 0x000000070b000000, 0x000000070b100000|  0%| F|  |TAMS 0x000000070b000000, 0x000000070b000000| Untracked 
| 107|0x000000070b100000, 0x000000070b100000, 0x000000070b200000|  0%| F|  |TAMS 0x000000070b100000, 0x000000070b100000| Untracked 
| 108|0x000000070b200000, 0x000000070b200000, 0x000000070b300000|  0%| F|  |TAMS 0x000000070b200000, 0x000000070b200000| Untracked 
| 109|0x000000070b300000, 0x000000070b300000, 0x000000070b400000|  0%| F|  |TAMS 0x000000070b300000, 0x000000070b300000| Untracked 
| 110|0x000000070b400000, 0x000000070b400000, 0x000000070b500000|  0%| F|  |TAMS 0x000000070b400000, 0x000000070b400000| Untracked 
| 111|0x000000070b500000, 0x000000070b500000, 0x000000070b600000|  0%| F|  |TAMS 0x000000070b500000, 0x000000070b500000| Untracked 
| 112|0x000000070b600000, 0x000000070b600000, 0x000000070b700000|  0%| F|  |TAMS 0x000000070b600000, 0x000000070b600000| Untracked 
| 113|0x000000070b700000, 0x000000070b700000, 0x000000070b800000|  0%| F|  |TAMS 0x000000070b700000, 0x000000070b700000| Untracked 
| 114|0x000000070b800000, 0x000000070b800000, 0x000000070b900000|  0%| F|  |TAMS 0x000000070b800000, 0x000000070b800000| Untracked 
| 115|0x000000070b900000, 0x000000070b900000, 0x000000070ba00000|  0%| F|  |TAMS 0x000000070b900000, 0x000000070b900000| Untracked 
| 116|0x000000070ba00000, 0x000000070ba00000, 0x000000070bb00000|  0%| F|  |TAMS 0x000000070ba00000, 0x000000070ba00000| Untracked 
| 117|0x000000070bb00000, 0x000000070bb00000, 0x000000070bc00000|  0%| F|  |TAMS 0x000000070bb00000, 0x000000070bb00000| Untracked 
| 118|0x000000070bc00000, 0x000000070bc00000, 0x000000070bd00000|  0%| F|  |TAMS 0x000000070bc00000, 0x000000070bc00000| Untracked 
| 119|0x000000070bd00000, 0x000000070bd00000, 0x000000070be00000|  0%| F|  |TAMS 0x000000070bd00000, 0x000000070bd00000| Untracked 
| 120|0x000000070be00000, 0x000000070be00000, 0x000000070bf00000|  0%| F|  |TAMS 0x000000070be00000, 0x000000070be00000| Untracked 
| 121|0x000000070bf00000, 0x000000070bf00000, 0x000000070c000000|  0%| F|  |TAMS 0x000000070bf00000, 0x000000070bf00000| Untracked 
| 122|0x000000070c000000, 0x000000070c000000, 0x000000070c100000|  0%| F|  |TAMS 0x000000070c000000, 0x000000070c000000| Untracked 
| 123|0x000000070c100000, 0x000000070c100000, 0x000000070c200000|  0%| F|  |TAMS 0x000000070c100000, 0x000000070c100000| Untracked 
| 124|0x000000070c200000, 0x000000070c200000, 0x000000070c300000|  0%| F|  |TAMS 0x000000070c200000, 0x000000070c200000| Untracked 
| 125|0x000000070c300000, 0x000000070c300000, 0x000000070c400000|  0%| F|  |TAMS 0x000000070c300000, 0x000000070c300000| Untracked 
| 126|0x000000070c400000, 0x000000070c400000, 0x000000070c500000|  0%| F|  |TAMS 0x000000070c400000, 0x000000070c400000| Untracked 
| 127|0x000000070c500000, 0x000000070c500000, 0x000000070c600000|  0%| F|  |TAMS 0x000000070c500000, 0x000000070c500000| Untracked 
| 128|0x000000070c600000, 0x000000070c600000, 0x000000070c700000|  0%| F|  |TAMS 0x000000070c600000, 0x000000070c600000| Untracked 
| 129|0x000000070c700000, 0x000000070c700000, 0x000000070c800000|  0%| F|  |TAMS 0x000000070c700000, 0x000000070c700000| Untracked 
| 130|0x000000070c800000, 0x000000070c800000, 0x000000070c900000|  0%| F|  |TAMS 0x000000070c800000, 0x000000070c800000| Untracked 
| 131|0x000000070c900000, 0x000000070c900000, 0x000000070ca00000|  0%| F|  |TAMS 0x000000070c900000, 0x000000070c900000| Untracked 
| 132|0x000000070ca00000, 0x000000070ca00000, 0x000000070cb00000|  0%| F|  |TAMS 0x000000070ca00000, 0x000000070ca00000| Untracked 
| 133|0x000000070cb00000, 0x000000070cb00000, 0x000000070cc00000|  0%| F|  |TAMS 0x000000070cb00000, 0x000000070cb00000| Untracked 
| 134|0x000000070cc00000, 0x000000070cc00000, 0x000000070cd00000|  0%| F|  |TAMS 0x000000070cc00000, 0x000000070cc00000| Untracked 
| 135|0x000000070cd00000, 0x000000070cd00000, 0x000000070ce00000|  0%| F|  |TAMS 0x000000070cd00000, 0x000000070cd00000| Untracked 
| 136|0x000000070ce00000, 0x000000070ce00000, 0x000000070cf00000|  0%| F|  |TAMS 0x000000070ce00000, 0x000000070ce00000| Untracked 
| 137|0x000000070cf00000, 0x000000070cf00000, 0x000000070d000000|  0%| F|  |TAMS 0x000000070cf00000, 0x000000070cf00000| Untracked 
| 138|0x000000070d000000, 0x000000070d000000, 0x000000070d100000|  0%| F|  |TAMS 0x000000070d000000, 0x000000070d000000| Untracked 
| 139|0x000000070d100000, 0x000000070d100000, 0x000000070d200000|  0%| F|  |TAMS 0x000000070d100000, 0x000000070d100000| Untracked 
| 140|0x000000070d200000, 0x000000070d200000, 0x000000070d300000|  0%| F|  |TAMS 0x000000070d200000, 0x000000070d200000| Untracked 
| 141|0x000000070d300000, 0x000000070d300000, 0x000000070d400000|  0%| F|  |TAMS 0x000000070d300000, 0x000000070d300000| Untracked 
| 142|0x000000070d400000, 0x000000070d400000, 0x000000070d500000|  0%| F|  |TAMS 0x000000070d400000, 0x000000070d400000| Untracked 
| 143|0x000000070d500000, 0x000000070d500000, 0x000000070d600000|  0%| F|  |TAMS 0x000000070d500000, 0x000000070d500000| Untracked 
| 144|0x000000070d600000, 0x000000070d600000, 0x000000070d700000|  0%| F|  |TAMS 0x000000070d600000, 0x000000070d600000| Untracked 
| 145|0x000000070d700000, 0x000000070d700000, 0x000000070d800000|  0%| F|  |TAMS 0x000000070d700000, 0x000000070d700000| Untracked 
| 146|0x000000070d800000, 0x000000070d800000, 0x000000070d900000|  0%| F|  |TAMS 0x000000070d800000, 0x000000070d800000| Untracked 
| 147|0x000000070d900000, 0x000000070d900000, 0x000000070da00000|  0%| F|  |TAMS 0x000000070d900000, 0x000000070d900000| Untracked 
| 148|0x000000070da00000, 0x000000070da00000, 0x000000070db00000|  0%| F|  |TAMS 0x000000070da00000, 0x000000070da00000| Untracked 
| 149|0x000000070db00000, 0x000000070db00000, 0x000000070dc00000|  0%| F|  |TAMS 0x000000070db00000, 0x000000070db00000| Untracked 
| 150|0x000000070dc00000, 0x000000070dc00000, 0x000000070dd00000|  0%| F|  |TAMS 0x000000070dc00000, 0x000000070dc00000| Untracked 
| 151|0x000000070dd00000, 0x000000070dd00000, 0x000000070de00000|  0%| F|  |TAMS 0x000000070dd00000, 0x000000070dd00000| Untracked 
| 152|0x000000070de00000, 0x000000070de00000, 0x000000070df00000|  0%| F|  |TAMS 0x000000070de00000, 0x000000070de00000| Untracked 
| 153|0x000000070df00000, 0x000000070df00000, 0x000000070e000000|  0%| F|  |TAMS 0x000000070df00000, 0x000000070df00000| Untracked 
| 154|0x000000070e000000, 0x000000070e000000, 0x000000070e100000|  0%| F|  |TAMS 0x000000070e000000, 0x000000070e000000| Untracked 
| 155|0x000000070e100000, 0x000000070e100000, 0x000000070e200000|  0%| F|  |TAMS 0x000000070e100000, 0x000000070e100000| Untracked 
| 156|0x000000070e200000, 0x000000070e200000, 0x000000070e300000|  0%| F|  |TAMS 0x000000070e200000, 0x000000070e200000| Untracked 
| 157|0x000000070e300000, 0x000000070e300000, 0x000000070e400000|  0%| F|  |TAMS 0x000000070e300000, 0x000000070e300000| Untracked 
| 158|0x000000070e400000, 0x000000070e400000, 0x000000070e500000|  0%| F|  |TAMS 0x000000070e400000, 0x000000070e400000| Untracked 
| 159|0x000000070e500000, 0x000000070e500000, 0x000000070e600000|  0%| F|  |TAMS 0x000000070e500000, 0x000000070e500000| Untracked 
| 160|0x000000070e600000, 0x000000070e600000, 0x000000070e700000|  0%| F|  |TAMS 0x000000070e600000, 0x000000070e600000| Untracked 
| 161|0x000000070e700000, 0x000000070e700000, 0x000000070e800000|  0%| F|  |TAMS 0x000000070e700000, 0x000000070e700000| Untracked 
| 162|0x000000070e800000, 0x000000070e800000, 0x000000070e900000|  0%| F|  |TAMS 0x000000070e800000, 0x000000070e800000| Untracked 
| 163|0x000000070e900000, 0x000000070e900000, 0x000000070ea00000|  0%| F|  |TAMS 0x000000070e900000, 0x000000070e900000| Untracked 
| 164|0x000000070ea00000, 0x000000070ea00000, 0x000000070eb00000|  0%| F|  |TAMS 0x000000070ea00000, 0x000000070ea00000| Untracked 
| 165|0x000000070eb00000, 0x000000070eb00000, 0x000000070ec00000|  0%| F|  |TAMS 0x000000070eb00000, 0x000000070eb00000| Untracked 
| 166|0x000000070ec00000, 0x000000070ec00000, 0x000000070ed00000|  0%| F|  |TAMS 0x000000070ec00000, 0x000000070ec00000| Untracked 
| 167|0x000000070ed00000, 0x000000070ed00000, 0x000000070ee00000|  0%| F|  |TAMS 0x000000070ed00000, 0x000000070ed00000| Untracked 
| 168|0x000000070ee00000, 0x000000070ee00000, 0x000000070ef00000|  0%| F|  |TAMS 0x000000070ee00000, 0x000000070ee00000| Untracked 
| 169|0x000000070ef00000, 0x000000070ef00000, 0x000000070f000000|  0%| F|  |TAMS 0x000000070ef00000, 0x000000070ef00000| Untracked 
| 170|0x000000070f000000, 0x000000070f000000, 0x000000070f100000|  0%| F|  |TAMS 0x000000070f000000, 0x000000070f000000| Untracked 
| 171|0x000000070f100000, 0x000000070f100000, 0x000000070f200000|  0%| F|  |TAMS 0x000000070f100000, 0x000000070f100000| Untracked 
| 172|0x000000070f200000, 0x000000070f200000, 0x000000070f300000|  0%| F|  |TAMS 0x000000070f200000, 0x000000070f200000| Untracked 
| 173|0x000000070f300000, 0x000000070f300000, 0x000000070f400000|  0%| F|  |TAMS 0x000000070f300000, 0x000000070f300000| Untracked 
| 174|0x000000070f400000, 0x000000070f400000, 0x000000070f500000|  0%| F|  |TAMS 0x000000070f400000, 0x000000070f400000| Untracked 
| 175|0x000000070f500000, 0x000000070f500000, 0x000000070f600000|  0%| F|  |TAMS 0x000000070f500000, 0x000000070f500000| Untracked 
| 176|0x000000070f600000, 0x000000070f600000, 0x000000070f700000|  0%| F|  |TAMS 0x000000070f600000, 0x000000070f600000| Untracked 
| 177|0x000000070f700000, 0x000000070f700000, 0x000000070f800000|  0%| F|  |TAMS 0x000000070f700000, 0x000000070f700000| Untracked 
| 178|0x000000070f800000, 0x000000070f800000, 0x000000070f900000|  0%| F|  |TAMS 0x000000070f800000, 0x000000070f800000| Untracked 
| 179|0x000000070f900000, 0x000000070f900000, 0x000000070fa00000|  0%| F|  |TAMS 0x000000070f900000, 0x000000070f900000| Untracked 
| 180|0x000000070fa00000, 0x000000070fa00000, 0x000000070fb00000|  0%| F|  |TAMS 0x000000070fa00000, 0x000000070fa00000| Untracked 
| 181|0x000000070fb00000, 0x000000070fb00000, 0x000000070fc00000|  0%| F|  |TAMS 0x000000070fb00000, 0x000000070fb00000| Untracked 
| 182|0x000000070fc00000, 0x000000070fc00000, 0x000000070fd00000|  0%| F|  |TAMS 0x000000070fc00000, 0x000000070fc00000| Untracked 
| 183|0x000000070fd00000, 0x000000070fd00000, 0x000000070fe00000|  0%| F|  |TAMS 0x000000070fd00000, 0x000000070fd00000| Untracked 
| 184|0x000000070fe00000, 0x000000070fe00000, 0x000000070ff00000|  0%| F|  |TAMS 0x000000070fe00000, 0x000000070fe00000| Untracked 
| 185|0x000000070ff00000, 0x000000070ff00000, 0x0000000710000000|  0%| F|  |TAMS 0x000000070ff00000, 0x000000070ff00000| Untracked 
| 186|0x0000000710000000, 0x0000000710000000, 0x0000000710100000|  0%| F|  |TAMS 0x0000000710000000, 0x0000000710000000| Untracked 
| 187|0x0000000710100000, 0x0000000710100000, 0x0000000710200000|  0%| F|  |TAMS 0x0000000710100000, 0x0000000710100000| Untracked 
| 188|0x0000000710200000, 0x0000000710200000, 0x0000000710300000|  0%| F|  |TAMS 0x0000000710200000, 0x0000000710200000| Untracked 
| 189|0x0000000710300000, 0x0000000710300000, 0x0000000710400000|  0%| F|  |TAMS 0x0000000710300000, 0x0000000710300000| Untracked 
| 190|0x0000000710400000, 0x0000000710400000, 0x0000000710500000|  0%| F|  |TAMS 0x0000000710400000, 0x0000000710400000| Untracked 
| 191|0x0000000710500000, 0x0000000710500000, 0x0000000710600000|  0%| F|  |TAMS 0x0000000710500000, 0x0000000710500000| Untracked 
| 192|0x0000000710600000, 0x0000000710600000, 0x0000000710700000|  0%| F|  |TAMS 0x0000000710600000, 0x0000000710600000| Untracked 
| 193|0x0000000710700000, 0x0000000710700000, 0x0000000710800000|  0%| F|  |TAMS 0x0000000710700000, 0x0000000710700000| Untracked 
| 194|0x0000000710800000, 0x0000000710800000, 0x0000000710900000|  0%| F|  |TAMS 0x0000000710800000, 0x0000000710800000| Untracked 
| 195|0x0000000710900000, 0x0000000710900000, 0x0000000710a00000|  0%| F|  |TAMS 0x0000000710900000, 0x0000000710900000| Untracked 
| 196|0x0000000710a00000, 0x0000000710a00000, 0x0000000710b00000|  0%| F|  |TAMS 0x0000000710a00000, 0x0000000710a00000| Untracked 
| 197|0x0000000710b00000, 0x0000000710b00000, 0x0000000710c00000|  0%| F|  |TAMS 0x0000000710b00000, 0x0000000710b00000| Untracked 
| 198|0x0000000710c00000, 0x0000000710c00000, 0x0000000710d00000|  0%| F|  |TAMS 0x0000000710c00000, 0x0000000710c00000| Untracked 
| 199|0x0000000710d00000, 0x0000000710d00000, 0x0000000710e00000|  0%| F|  |TAMS 0x0000000710d00000, 0x0000000710d00000| Untracked 
| 200|0x0000000710e00000, 0x0000000710e00000, 0x0000000710f00000|  0%| F|  |TAMS 0x0000000710e00000, 0x0000000710e00000| Untracked 
| 201|0x0000000710f00000, 0x0000000710f00000, 0x0000000711000000|  0%| F|  |TAMS 0x0000000710f00000, 0x0000000710f00000| Untracked 
| 202|0x0000000711000000, 0x0000000711000000, 0x0000000711100000|  0%| F|  |TAMS 0x0000000711000000, 0x0000000711000000| Untracked 
| 203|0x0000000711100000, 0x0000000711100000, 0x0000000711200000|  0%| F|  |TAMS 0x0000000711100000, 0x0000000711100000| Untracked 
| 204|0x0000000711200000, 0x0000000711200000, 0x0000000711300000|  0%| F|  |TAMS 0x0000000711200000, 0x0000000711200000| Untracked 
| 205|0x0000000711300000, 0x0000000711300000, 0x0000000711400000|  0%| F|  |TAMS 0x0000000711300000, 0x0000000711300000| Untracked 
| 206|0x0000000711400000, 0x0000000711400000, 0x0000000711500000|  0%| F|  |TAMS 0x0000000711400000, 0x0000000711400000| Untracked 
| 207|0x0000000711500000, 0x0000000711500000, 0x0000000711600000|  0%| F|  |TAMS 0x0000000711500000, 0x0000000711500000| Untracked 
| 208|0x0000000711600000, 0x0000000711600000, 0x0000000711700000|  0%| F|  |TAMS 0x0000000711600000, 0x0000000711600000| Untracked 
| 209|0x0000000711700000, 0x0000000711700000, 0x0000000711800000|  0%| F|  |TAMS 0x0000000711700000, 0x0000000711700000| Untracked 
| 210|0x0000000711800000, 0x0000000711800000, 0x0000000711900000|  0%| F|  |TAMS 0x0000000711800000, 0x0000000711800000| Untracked 
| 211|0x0000000711900000, 0x0000000711900000, 0x0000000711a00000|  0%| F|  |TAMS 0x0000000711900000, 0x0000000711900000| Untracked 
| 212|0x0000000711a00000, 0x0000000711a00000, 0x0000000711b00000|  0%| F|  |TAMS 0x0000000711a00000, 0x0000000711a00000| Untracked 
| 213|0x0000000711b00000, 0x0000000711b00000, 0x0000000711c00000|  0%| F|  |TAMS 0x0000000711b00000, 0x0000000711b00000| Untracked 
| 214|0x0000000711c00000, 0x0000000711c00000, 0x0000000711d00000|  0%| F|  |TAMS 0x0000000711c00000, 0x0000000711c00000| Untracked 
| 215|0x0000000711d00000, 0x0000000711d00000, 0x0000000711e00000|  0%| F|  |TAMS 0x0000000711d00000, 0x0000000711d00000| Untracked 
| 216|0x0000000711e00000, 0x0000000711e00000, 0x0000000711f00000|  0%| F|  |TAMS 0x0000000711e00000, 0x0000000711e00000| Untracked 
| 217|0x0000000711f00000, 0x0000000711f00000, 0x0000000712000000|  0%| F|  |TAMS 0x0000000711f00000, 0x0000000711f00000| Untracked 
| 218|0x0000000712000000, 0x0000000712000000, 0x0000000712100000|  0%| F|  |TAMS 0x0000000712000000, 0x0000000712000000| Untracked 
| 219|0x0000000712100000, 0x0000000712100000, 0x0000000712200000|  0%| F|  |TAMS 0x0000000712100000, 0x0000000712100000| Untracked 
| 220|0x0000000712200000, 0x0000000712200000, 0x0000000712300000|  0%| F|  |TAMS 0x0000000712200000, 0x0000000712200000| Untracked 
| 221|0x0000000712300000, 0x0000000712300000, 0x0000000712400000|  0%| F|  |TAMS 0x0000000712300000, 0x0000000712300000| Untracked 
| 222|0x0000000712400000, 0x0000000712400000, 0x0000000712500000|  0%| F|  |TAMS 0x0000000712400000, 0x0000000712400000| Untracked 
| 223|0x0000000712500000, 0x0000000712500000, 0x0000000712600000|  0%| F|  |TAMS 0x0000000712500000, 0x0000000712500000| Untracked 
| 224|0x0000000712600000, 0x0000000712600000, 0x0000000712700000|  0%| F|  |TAMS 0x0000000712600000, 0x0000000712600000| Untracked 
| 225|0x0000000712700000, 0x0000000712700000, 0x0000000712800000|  0%| F|  |TAMS 0x0000000712700000, 0x0000000712700000| Untracked 
| 226|0x0000000712800000, 0x0000000712800000, 0x0000000712900000|  0%| F|  |TAMS 0x0000000712800000, 0x0000000712800000| Untracked 
| 227|0x0000000712900000, 0x0000000712900000, 0x0000000712a00000|  0%| F|  |TAMS 0x0000000712900000, 0x0000000712900000| Untracked 
| 228|0x0000000712a00000, 0x0000000712a00000, 0x0000000712b00000|  0%| F|  |TAMS 0x0000000712a00000, 0x0000000712a00000| Untracked 
| 229|0x0000000712b00000, 0x0000000712b00000, 0x0000000712c00000|  0%| F|  |TAMS 0x0000000712b00000, 0x0000000712b00000| Untracked 
| 230|0x0000000712c00000, 0x0000000712c00000, 0x0000000712d00000|  0%| F|  |TAMS 0x0000000712c00000, 0x0000000712c00000| Untracked 
| 231|0x0000000712d00000, 0x0000000712d00000, 0x0000000712e00000|  0%| F|  |TAMS 0x0000000712d00000, 0x0000000712d00000| Untracked 
| 232|0x0000000712e00000, 0x0000000712e00000, 0x0000000712f00000|  0%| F|  |TAMS 0x0000000712e00000, 0x0000000712e00000| Untracked 
| 233|0x0000000712f00000, 0x0000000712f00000, 0x0000000713000000|  0%| F|  |TAMS 0x0000000712f00000, 0x0000000712f00000| Untracked 
| 234|0x0000000713000000, 0x0000000713000000, 0x0000000713100000|  0%| F|  |TAMS 0x0000000713000000, 0x0000000713000000| Untracked 
| 235|0x0000000713100000, 0x0000000713100000, 0x0000000713200000|  0%| F|  |TAMS 0x0000000713100000, 0x0000000713100000| Untracked 
| 236|0x0000000713200000, 0x0000000713200000, 0x0000000713300000|  0%| F|  |TAMS 0x0000000713200000, 0x0000000713200000| Untracked 
| 237|0x0000000713300000, 0x0000000713300000, 0x0000000713400000|  0%| F|  |TAMS 0x0000000713300000, 0x0000000713300000| Untracked 
| 238|0x0000000713400000, 0x0000000713400000, 0x0000000713500000|  0%| F|  |TAMS 0x0000000713400000, 0x0000000713400000| Untracked 
| 239|0x0000000713500000, 0x0000000713593e18, 0x0000000713600000| 57%| S|CS|TAMS 0x0000000713500000, 0x0000000713500000| Complete 
| 240|0x0000000713600000, 0x0000000713700000, 0x0000000713700000|100%| S|CS|TAMS 0x0000000713600000, 0x0000000713600000| Complete 
| 241|0x0000000713700000, 0x0000000713800000, 0x0000000713800000|100%| S|CS|TAMS 0x0000000713700000, 0x0000000713700000| Complete 
| 242|0x0000000713800000, 0x0000000713900000, 0x0000000713900000|100%| S|CS|TAMS 0x0000000713800000, 0x0000000713800000| Complete 
| 243|0x0000000713900000, 0x0000000713900000, 0x0000000713a00000|  0%| F|  |TAMS 0x0000000713900000, 0x0000000713900000| Untracked 
| 244|0x0000000713a00000, 0x0000000713a00000, 0x0000000713b00000|  0%| F|  |TAMS 0x0000000713a00000, 0x0000000713a00000| Untracked 
| 245|0x0000000713b00000, 0x0000000713b00000, 0x0000000713c00000|  0%| F|  |TAMS 0x0000000713b00000, 0x0000000713b00000| Untracked 
| 246|0x0000000713c00000, 0x0000000713c00000, 0x0000000713d00000|  0%| F|  |TAMS 0x0000000713c00000, 0x0000000713c00000| Untracked 
| 247|0x0000000713d00000, 0x0000000713d00000, 0x0000000713e00000|  0%| F|  |TAMS 0x0000000713d00000, 0x0000000713d00000| Untracked 
| 248|0x0000000713e00000, 0x0000000713e00000, 0x0000000713f00000|  0%| F|  |TAMS 0x0000000713e00000, 0x0000000713e00000| Untracked 
| 249|0x0000000713f00000, 0x0000000713f00000, 0x0000000714000000|  0%| F|  |TAMS 0x0000000713f00000, 0x0000000713f00000| Untracked 
| 250|0x0000000714000000, 0x0000000714000000, 0x0000000714100000|  0%| F|  |TAMS 0x0000000714000000, 0x0000000714000000| Untracked 
| 251|0x0000000714100000, 0x0000000714100000, 0x0000000714200000|  0%| F|  |TAMS 0x0000000714100000, 0x0000000714100000| Untracked 

Card table byte_map: [0x000002a3f9f90000,0x000002a3fa770000] _byte_map_base: 0x000002a3f676d000

Marking Bits (Prev, Next): (CMBitMap*) 0x000002a3f54fbf18, (CMBitMap*) 0x000002a3f54fbf50
 Prev Bits: [0x000002a3faf50000, 0x000002a3fee38000)
 Next Bits: [0x000002a38f000000, 0x000002a392ee8000)

Polling page: 0x000002a3f4c00000

Metaspace:

Usage:
  Non-class:     19.74 MB capacity,    19.62 MB (>99%) used,    90.12 KB ( <1%) free+waste,    28.94 KB ( <1%) overhead. 
      Class:      2.43 MB capacity,     2.35 MB ( 97%) used,    70.73 KB (  3%) free+waste,    13.13 KB ( <1%) overhead. 
       Both:     22.17 MB capacity,    21.97 MB (>99%) used,   160.85 KB ( <1%) free+waste,    42.06 KB ( <1%) overhead. 

Virtual space:
  Non-class space:       48.00 MB reserved,      19.75 MB ( 41%) committed 
      Class space:        1.00 GB reserved,       2.50 MB ( <1%) committed 
             Both:        1.05 GB reserved,      22.25 MB (  2%) committed 

Chunk freelists:
   Non-Class:  12.00 KB
       Class:  4.00 KB
        Both:  16.00 KB

MaxMetaspaceSize: 17179869184.00 GB
CompressedClassSpaceSize: 1.00 GB

CodeHeap 'non-profiled nmethods': size=119168Kb used=505Kb max_used=505Kb free=118662Kb
 bounds [0x000002a387ba0000, 0x000002a387e10000, 0x000002a38f000000]
CodeHeap 'profiled nmethods': size=119168Kb used=3943Kb max_used=3943Kb free=115224Kb
 bounds [0x000002a380740000, 0x000002a380b20000, 0x000002a387ba0000]
CodeHeap 'non-nmethods': size=7424Kb used=2281Kb max_used=2295Kb free=5142Kb
 bounds [0x000002a380000000, 0x000002a380270000, 0x000002a380740000]
 total_blobs=2384 nmethods=1925 adapters=368
 compilation: enabled
              stopped_count=0, restarted_count=0
 full_count=0

Compilation events (20 events):
Event: 1.340 Thread 0x000002a395ca8000 nmethod 1886 0x000002a380b02810 code [0x000002a380b029e0, 0x000002a380b02c08]
Event: 1.341 Thread 0x000002a395887800 nmethod 1885 0x000002a380b02d10 code [0x000002a380b030c0, 0x000002a380b04698]
Event: 1.344 Thread 0x000002a39583a000 nmethod 1883 0x000002a387c1c490 code [0x000002a387c1c660, 0x000002a387c1cd88]
Event: 1.344 Thread 0x000002a39583a000 1884       4       java.util.jar.JarFile::maybeInstantiateVerifier (112 bytes)
Event: 1.349 Thread 0x000002a39583a000 nmethod 1884 0x000002a387c1d190 code [0x000002a387c1d380, 0x000002a387c1d690]
Event: 1.364 Thread 0x000002a395977800 1887       3       java.lang.invoke.MethodHandles$Lookup::isClassAccessible (32 bytes)
Event: 1.365 Thread 0x000002a395ca8000 1889       3       jdk.internal.org.objectweb.asm.Type::getDescriptor (87 bytes)
Event: 1.365 Thread 0x000002a395887800 1890       3       jdk.internal.org.objectweb.asm.Type::getDescriptor (18 bytes)
Event: 1.365 Thread 0x000002a395977800 nmethod 1887 0x000002a380b04d90 code [0x000002a380b04f80, 0x000002a380b05378]
Event: 1.365 Thread 0x000002a395887800 nmethod 1890 0x000002a380b05510 code [0x000002a380b05740, 0x000002a380b05db8]
Event: 1.366 Thread 0x000002a395ca8000 nmethod 1889 0x000002a380b06010 code [0x000002a380b06240, 0x000002a380b06748]
Event: 1.366 Thread 0x000002a39583a000 1892       4       java.lang.invoke.MethodType::parameterCount (6 bytes)
Event: 1.367 Thread 0x000002a39583a000 nmethod 1892 0x000002a387c1e210 code [0x000002a387c1e3a0, 0x000002a387c1e418]
Event: 1.368 Thread 0x000002a395977800 1895       3       sun.invoke.util.BytecodeDescriptor::unparse (37 bytes)
Event: 1.369 Thread 0x000002a395887800 1896       3       java.util.Arrays::hashCode (56 bytes)
Event: 1.369 Thread 0x000002a395ca8000 1897       3       java.lang.invoke.MethodTypeForm::cachedLambdaForm (44 bytes)
Event: 1.369 Thread 0x000002a395977800 nmethod 1895 0x000002a380b06990 code [0x000002a380b06bc0, 0x000002a380b072d8]
Event: 1.369 Thread 0x000002a395ca8000 nmethod 1897 0x000002a380b07510 code [0x000002a380b076e0, 0x000002a380b07a48]
Event: 1.369 Thread 0x000002a395887800 nmethod 1896 0x000002a380b07b90 code [0x000002a380b07d60, 0x000002a380b080a8]
Event: 1.372 Thread 0x000002a39583a000 1898   !   4       java.util.zip.InflaterInputStream::read (138 bytes)

GC Heap History (6 events):
Event: 0.631 GC heap before
{Heap before GC invocations=0 (full 0):
 garbage-first heap   total 258048K, used 27648K [0x0000000704600000, 0x0000000800000000)
  region size 1024K, 24 young (24576K), 0 survivors (0K)
 Metaspace       used 12338K, capacity 12501K, committed 12800K, reserved 1060864K
  class space    used 1160K, capacity 1206K, committed 1280K, reserved 1048576K
}
Event: 0.635 GC heap after
{Heap after GC invocations=1 (full 0):
 garbage-first heap   total 258048K, used 5831K [0x0000000704600000, 0x0000000800000000)
  region size 1024K, 3 young (3072K), 3 survivors (3072K)
 Metaspace       used 12338K, capacity 12501K, committed 12800K, reserved 1060864K
  class space    used 1160K, capacity 1206K, committed 1280K, reserved 1048576K
}
Event: 1.296 GC heap before
{Heap before GC invocations=1 (full 0):
 garbage-first heap   total 258048K, used 40647K [0x0000000704600000, 0x0000000800000000)
  region size 1024K, 38 young (38912K), 3 survivors (3072K)
 Metaspace       used 20921K, capacity 21118K, committed 21248K, reserved 1075200K
  class space    used 2199K, capacity 2280K, committed 2304K, reserved 1048576K
}
Event: 1.307 GC heap after
{Heap after GC invocations=2 (full 0):
 garbage-first heap   total 258048K, used 9172K [0x0000000704600000, 0x0000000800000000)
  region size 1024K, 6 young (6144K), 6 survivors (6144K)
 Metaspace       used 20921K, capacity 21118K, committed 21248K, reserved 1075200K
  class space    used 2199K, capacity 2280K, committed 2304K, reserved 1048576K
}
Event: 1.349 GC heap before
{Heap before GC invocations=3 (full 0):
 garbage-first heap   total 258048K, used 11220K [0x0000000704600000, 0x0000000800000000)
  region size 1024K, 9 young (9216K), 6 survivors (6144K)
 Metaspace       used 21330K, capacity 21508K, committed 21632K, reserved 1085440K
  class space    used 2258K, capacity 2346K, committed 2432K, reserved 1048576K
}
Event: 1.355 GC heap after
{Heap after GC invocations=4 (full 0):
 garbage-first heap   total 258048K, used 9373K [0x0000000704600000, 0x0000000800000000)
  region size 1024K, 4 young (4096K), 4 survivors (4096K)
 Metaspace       used 21330K, capacity 21508K, committed 21632K, reserved 1085440K
  class space    used 2258K, capacity 2346K, committed 2432K, reserved 1048576K
}

Deoptimization events (20 events):
Event: 0.817 Thread 0x000002a3f549f800 Uncommon trap: trap_request=0xffffffc6 fr.pc=0x000002a387bd3d6c relative=0x000000000000038c
Event: 0.817 Thread 0x000002a3f549f800 Uncommon trap: reason=bimorphic_or_optimized_type_check action=maybe_recompile pc=0x000002a387bd3d6c method=java.util.HashMap.getNode(ILjava/lang/Object;)Ljava/util/HashMap$Node; @ 126 c2
Event: 0.817 Thread 0x000002a3f549f800 DEOPT PACKING pc=0x000002a387bd3d6c sp=0x000000dff0efc770
Event: 0.817 Thread 0x000002a3f549f800 DEOPT UNPACKING pc=0x000002a3800083af sp=0x000000dff0efc6e8 mode 2
Event: 0.844 Thread 0x000002a3f549f800 Uncommon trap: trap_request=0xffffffc6 fr.pc=0x000002a387bd3d6c relative=0x000000000000038c
Event: 0.844 Thread 0x000002a3f549f800 Uncommon trap: reason=bimorphic_or_optimized_type_check action=maybe_recompile pc=0x000002a387bd3d6c method=java.util.HashMap.getNode(ILjava/lang/Object;)Ljava/util/HashMap$Node; @ 126 c2
Event: 0.844 Thread 0x000002a3f549f800 DEOPT PACKING pc=0x000002a387bd3d6c sp=0x000000dff0efd7b0
Event: 0.844 Thread 0x000002a3f549f800 DEOPT UNPACKING pc=0x000002a3800083af sp=0x000000dff0efd728 mode 2
Event: 0.942 Thread 0x000002a3f549f800 Uncommon trap: trap_request=0xffffff4d fr.pc=0x000002a387bd157c relative=0x00000000000001dc
Event: 0.942 Thread 0x000002a3f549f800 Uncommon trap: reason=unstable_if action=reinterpret pc=0x000002a387bd157c method=java.lang.String.startsWith(Ljava/lang/String;I)Z @ 14 c2
Event: 0.942 Thread 0x000002a3f549f800 DEOPT PACKING pc=0x000002a387bd157c sp=0x000000dff0efef80
Event: 0.942 Thread 0x000002a3f549f800 DEOPT UNPACKING pc=0x000002a3800083af sp=0x000000dff0efee90 mode 2
Event: 0.942 Thread 0x000002a3f549f800 Uncommon trap: trap_request=0xffffff4d fr.pc=0x000002a387bc5908 relative=0x0000000000000248
Event: 0.942 Thread 0x000002a3f549f800 Uncommon trap: reason=unstable_if action=reinterpret pc=0x000002a387bc5908 method=java.lang.String.startsWith(Ljava/lang/String;I)Z @ 14 c2
Event: 0.942 Thread 0x000002a3f549f800 DEOPT PACKING pc=0x000002a387bc5908 sp=0x000000dff0efef10
Event: 0.942 Thread 0x000002a3f549f800 DEOPT UNPACKING pc=0x000002a3800083af sp=0x000000dff0efee90 mode 2
Event: 0.992 Thread 0x000002a3f549f800 Uncommon trap: trap_request=0xffffff4d fr.pc=0x000002a387bc8d0c relative=0x00000000000000cc
Event: 0.992 Thread 0x000002a3f549f800 Uncommon trap: reason=unstable_if action=reinterpret pc=0x000002a387bc8d0c method=java.lang.Integer.valueOf(I)Ljava/lang/Integer; @ 3 c2
Event: 0.992 Thread 0x000002a3f549f800 DEOPT PACKING pc=0x000002a387bc8d0c sp=0x000000dff0efd040
Event: 0.992 Thread 0x000002a3f549f800 DEOPT UNPACKING pc=0x000002a3800083af sp=0x000000dff0efcfd8 mode 2

Classes redefined (0 events):
No events

Internal exceptions (16 events):
Event: 0.969 Thread 0x000002a3f549f800 Exception <a 'java/lang/NoSuchMethodError'{0x0000000712d07af0}: 'int java.lang.invoke.DelegatingMethodHandle$Holder.reinvoke_L(java.lang.Object, java.lang.Object, java.lang.Object, long, int, int)'> (0x0000000712d07af0) thrown at [./src/hotspot/share/interpreter/linkResolver.cpp, line 773]
Event: 0.970 Thread 0x000002a3f549f800 Exception <a 'java/lang/NoSuchMethodError'{0x0000000712d15478}: 'int java.lang.invoke.DelegatingMethodHandle$Holder.reinvoke_L(java.lang.Object, java.lang.Object, java.lang.Object, long, long, long)'> (0x0000000712d15478) thrown at [./src/hotspot/share/interpreter/linkResolver.cpp, line 773]
Event: 0.972 Thread 0x000002a3f549f800 Exception <a 'java/lang/NoSuchMethodError'{0x0000000712d22630}: 'int java.lang.invoke.DelegatingMethodHandle$Holder.reinvoke_L(java.lang.Object, java.lang.Object, java.lang.Object, long, java.lang.Object, java.lang.Object)'> (0x0000000712d22630) thrown at [./src/hotspot/share/interpreter/linkResolver.cpp, line 773]
Event: 0.974 Thread 0x000002a3f549f800 Exception <a 'java/lang/NoSuchMethodError'{0x0000000712d2fa98}: 'void java.lang.invoke.DelegatingMethodHandle$Holder.reinvoke_L(java.lang.Object, java.lang.Object, java.lang.Object, long, java.lang.Object)'> (0x0000000712d2fa98) thrown at [./src/hotspot/share/interpreter/linkResolver.cpp, line 773]
Event: 0.976 Thread 0x000002a3f549f800 Exception <a 'java/lang/NoSuchMethodError'{0x0000000712d39318}: 'java.lang.Object java.lang.invoke.DirectMethodHandle$Holder.invokeSpecial(java.lang.Object, java.lang.Object, java.lang.Object, java.lang.Object, long)'> (0x0000000712d39318) thrown at [./src/hotspot/share/interpreter/linkResolver.cpp, line 773]
Event: 0.976 Thread 0x000002a3f549f800 Exception <a 'java/lang/NoSuchMethodError'{0x0000000712d3c870}: 'java.lang.Object java.lang.invoke.DelegatingMethodHandle$Holder.reinvoke_L(java.lang.Object, java.lang.Object, java.lang.Object, long)'> (0x0000000712d3c870) thrown at [./src/hotspot/share/interpreter/linkResolver.cpp, line 773]
Event: 0.978 Thread 0x000002a3f549f800 Exception <a 'java/lang/NoSuchMethodError'{0x0000000712d56e28}: 'long java.lang.invoke.Invokers$Holder.invoke_MT(java.lang.Object, java.lang.Object, java.lang.Object, java.lang.Object)'> (0x0000000712d56e28) thrown at [./src/hotspot/share/interpreter/linkResolver.cpp, line 773]
Event: 0.978 Thread 0x000002a3f549f800 Exception <a 'java/lang/NoSuchMethodError'{0x0000000712d5a4a8}: 'long java.lang.invoke.DelegatingMethodHandle$Holder.reinvoke_L(java.lang.Object, java.lang.Object, java.lang.Object)'> (0x0000000712d5a4a8) thrown at [./src/hotspot/share/interpreter/linkResolver.cpp, line 773]
Event: 0.979 Thread 0x000002a3f549f800 Exception <a 'java/lang/NoSuchMethodError'{0x0000000712d64168}: 'int java.lang.invoke.DirectMethodHandle$Holder.invokeSpecial(java.lang.Object, java.lang.Object, java.lang.Object, java.lang.Object)'> (0x0000000712d64168) thrown at [./src/hotspot/share/interpreter/linkResolver.cpp, line 773]
Event: 0.982 Thread 0x000002a3f549f800 Exception <a 'java/lang/NoSuchMethodError'{0x0000000712d73278}: 'int java.lang.invoke.DelegatingMethodHandle$Holder.reinvoke_L(java.lang.Object, java.lang.Object, java.lang.Object, long, int)'> (0x0000000712d73278) thrown at [./src/hotspot/share/interpreter/linkResolver.cpp, line 773]
Event: 1.093 Thread 0x000002a3f549f800 Exception <a 'java/lang/NoSuchMethodError'{0x00000007126e0290}: 'int java.lang.invoke.DirectMethodHandle$Holder.invokeSpecialIFC(java.lang.Object, java.lang.Object, int)'> (0x00000007126e0290) thrown at [./src/hotspot/share/interpreter/linkResolver.cpp, line 773]
Event: 1.249 Thread 0x000002a3f549f800 Exception <a 'java/lang/NoSuchMethodError'{0x0000000711ffeaa0}: 'java.lang.Object java.lang.invoke.DirectMethodHandle$Holder.invokeStaticInit(java.lang.Object, int)'> (0x0000000711ffeaa0) thrown at [./src/hotspot/share/interpreter/linkResolver.cpp, line 773]
Event: 1.280 Thread 0x000002a3f549f800 Exception <a 'java/lang/NoSuchMethodError'{0x0000000711dc9e60}: 'long java.lang.invoke.DirectMethodHandle$Holder.invokeStatic(java.lang.Object)'> (0x0000000711dc9e60) thrown at [./src/hotspot/share/interpreter/linkResolver.cpp, line 773]
Event: 1.280 Thread 0x000002a3f549f800 Exception <a 'java/lang/NoSuchMethodError'{0x0000000711dcccb8}: 'long java.lang.invoke.DirectMethodHandle$Holder.invokeStaticInit(java.lang.Object)'> (0x0000000711dcccb8) thrown at [./src/hotspot/share/interpreter/linkResolver.cpp, line 773]
Event: 1.364 Thread 0x000002a3f549f800 Exception <a 'java/lang/NoSuchMethodError'{0x000000071414c7c8}: 'int java.lang.invoke.DirectMethodHandle$Holder.invokeStaticInit(java.lang.Object, java.lang.Object, java.lang.Object)'> (0x000000071414c7c8) thrown at [./src/hotspot/share/interpreter/linkResolver.cpp, line 773]
Event: 1.369 Thread 0x000002a3f549f800 Exception <a 'java/lang/NoSuchMethodError'{0x00000007141782e8}: 'int java.lang.invoke.DirectMethodHandle$Holder.invokeStaticInit(java.lang.Object, java.lang.Object)'> (0x00000007141782e8) thrown at [./src/hotspot/share/interpreter/linkResolver.cpp, line 773]

Events (20 events):
Event: 1.372 loading class org/jetbrains/kotlin/com/intellij/psi/impl/source/tree/JavaASTFactory
Event: 1.372 loading class org/jetbrains/kotlin/com/intellij/psi/impl/source/tree/JavaASTFactory done
Event: 1.372 loading class org/jetbrains/kotlin/com/intellij/psi/impl/source/tree/java/PsiIdentifierImpl
Event: 1.372 loading class org/jetbrains/kotlin/com/intellij/psi/impl/source/tree/java/PsiIdentifierImpl done
Event: 1.373 loading class org/jetbrains/kotlin/com/intellij/psi/PsiIdentifier
Event: 1.373 loading class org/jetbrains/kotlin/com/intellij/psi/PsiIdentifier done
Event: 1.373 loading class org/jetbrains/kotlin/com/intellij/psi/PsiJavaToken
Event: 1.373 loading class org/jetbrains/kotlin/com/intellij/psi/PsiJavaToken done
Event: 1.374 loading class org/jetbrains/kotlin/com/intellij/psi/impl/source/tree/java/PsiKeywordImpl
Event: 1.374 loading class org/jetbrains/kotlin/com/intellij/psi/impl/source/tree/java/PsiKeywordImpl done
Event: 1.374 loading class org/jetbrains/kotlin/com/intellij/psi/PsiKeyword
Event: 1.374 loading class org/jetbrains/kotlin/com/intellij/psi/PsiKeyword done
Event: 1.375 loading class org/jetbrains/kotlin/com/intellij/psi/impl/source/tree/java/PsiJavaTokenImpl
Event: 1.375 loading class org/jetbrains/kotlin/com/intellij/psi/impl/source/tree/java/PsiJavaTokenImpl done
Event: 1.375 loading class org/jetbrains/kotlin/com/intellij/psi/impl/source/javadoc/PsiDocTokenImpl
Event: 1.375 loading class org/jetbrains/kotlin/com/intellij/psi/impl/source/javadoc/PsiDocTokenImpl done
Event: 1.375 loading class org/jetbrains/kotlin/com/intellij/psi/javadoc/PsiDocToken
Event: 1.375 loading class org/jetbrains/kotlin/com/intellij/psi/javadoc/PsiDocToken done
Event: 1.376 loading class org/jetbrains/kotlin/com/intellij/psi/impl/source/javadoc/PsiDocTagValueImpl
Event: 1.376 loading class org/jetbrains/kotlin/com/intellij/psi/impl/source/javadoc/PsiDocTagValueImpl done


Dynamic libraries:
0x00007ff6ee050000 - 0x00007ff6ee05a000 	C:\Program Files\Android\Android Studio\jre\bin\java.exe
0x00007ffabc150000 - 0x00007ffabc345000 	C:\Windows\SYSTEM32\ntdll.dll
0x00007ffabafc0000 - 0x00007ffabb07e000 	C:\Windows\System32\KERNEL32.DLL
0x00007ffab9c80000 - 0x00007ffab9f48000 	C:\Windows\System32\KERNELBASE.dll
0x00007ffaba050000 - 0x00007ffaba150000 	C:\Windows\System32\ucrtbase.dll
0x00007ffa9dbd0000 - 0x00007ffa9dbe9000 	C:\Program Files\Android\Android Studio\jre\bin\jli.dll
0x00007ffa9db60000 - 0x00007ffa9db77000 	C:\Program Files\Android\Android Studio\jre\bin\VCRUNTIME140.dll
0x00007ffabb1f0000 - 0x00007ffabb390000 	C:\Windows\System32\USER32.dll
0x00007ffaba150000 - 0x00007ffaba172000 	C:\Windows\System32\win32u.dll
0x00007ffabbf30000 - 0x00007ffabbf5b000 	C:\Windows\System32\GDI32.dll
0x00007ffab9b70000 - 0x00007ffab9c7b000 	C:\Windows\System32\gdi32full.dll
0x00007ffab9ad0000 - 0x00007ffab9b6d000 	C:\Windows\System32\msvcp_win.dll
0x00007ffab8c10000 - 0x00007ffab8eaa000 	C:\Windows\WinSxS\amd64_microsoft.windows.common-controls_6595b64144ccf1df_6.0.19041.1110_none_60b5254171f9507e\COMCTL32.dll
0x00007ffabb390000 - 0x00007ffabb42e000 	C:\Windows\System32\msvcrt.dll
0x00007ffabb8f0000 - 0x00007ffabb920000 	C:\Windows\System32\IMM32.DLL
0x00007ffaae6e0000 - 0x00007ffaae8e2000 	C:\Windows\system32\tmumh\20019\AddOn\8.53.0.1128\TmUmEvt64.dll
0x00007ffabae50000 - 0x00007ffabae58000 	C:\Windows\System32\PSAPI.DLL
0x00007ffabaf10000 - 0x00007ffabafbe000 	C:\Windows\System32\ADVAPI32.dll
0x00007ffabac90000 - 0x00007ffabad2c000 	C:\Windows\System32\sechost.dll
0x00007ffabb990000 - 0x00007ffabbab5000 	C:\Windows\System32\RPCRT4.dll
0x0000000052fc0000 - 0x0000000053130000 	C:\Windows\system32\tmumh\20019\TmMon\2.8.0.1054\tmmon64.dll
0x00007ffa81e90000 - 0x00007ffa81f2d000 	C:\Program Files\Android\Android Studio\jre\bin\msvcp140.dll
0x00007ffa439a0000 - 0x00007ffa44475000 	C:\Program Files\Android\Android Studio\jre\bin\server\jvm.dll
0x00007ffa9fe70000 - 0x00007ffa9fe79000 	C:\Windows\SYSTEM32\WSOCK32.dll
0x00007ffabb920000 - 0x00007ffabb98b000 	C:\Windows\System32\WS2_32.dll
0x00007ffab0060000 - 0x00007ffab0087000 	C:\Windows\SYSTEM32\WINMM.dll
0x00007ffaacb50000 - 0x00007ffaacb5a000 	C:\Windows\SYSTEM32\VERSION.dll
0x00007ffab7ac0000 - 0x00007ffab7ad2000 	C:\Windows\SYSTEM32\kernel.appcore.dll
0x00007ffa70830000 - 0x00007ffa70841000 	C:\Program Files\Android\Android Studio\jre\bin\verify.dll
0x00007ffab9070000 - 0x00007ffab9254000 	C:\Windows\SYSTEM32\DBGHELP.DLL
0x00007ffab9020000 - 0x00007ffab904c000 	C:\Windows\SYSTEM32\dbgcore.DLL
0x00007ffab98e0000 - 0x00007ffab9962000 	C:\Windows\System32\bcryptPrimitives.dll
0x00007ffa70800000 - 0x00007ffa70829000 	C:\Program Files\Android\Android Studio\jre\bin\java.dll
0x00007ffa707f0000 - 0x00007ffa707fb000 	C:\Program Files\Android\Android Studio\jre\bin\jimage.dll
0x00007ffa707d0000 - 0x00007ffa707e8000 	C:\Program Files\Android\Android Studio\jre\bin\zip.dll
0x00007ffaba1b0000 - 0x00007ffaba8f4000 	C:\Windows\System32\SHELL32.dll
0x00007ffab7310000 - 0x00007ffab7aa4000 	C:\Windows\SYSTEM32\windows.storage.dll
0x00007ffaba900000 - 0x00007ffabac54000 	C:\Windows\System32\combase.dll
0x00007ffab8be0000 - 0x00007ffab8c0c000 	C:\Windows\SYSTEM32\Wldp.dll
0x00007ffabb770000 - 0x00007ffabb81d000 	C:\Windows\System32\SHCORE.dll
0x00007ffabb5d0000 - 0x00007ffabb625000 	C:\Windows\System32\shlwapi.dll
0x00007ffab97b0000 - 0x00007ffab97cf000 	C:\Windows\SYSTEM32\profapi.dll
0x00007ffa707b0000 - 0x00007ffa707ca000 	C:\Program Files\Android\Android Studio\jre\bin\net.dll
0x00007ffab1bd0000 - 0x00007ffab1cd9000 	C:\Windows\SYSTEM32\WINHTTP.dll
0x00007ffab8a80000 - 0x00007ffab8aea000 	C:\Windows\system32\mswsock.dll
0x00007ffa70790000 - 0x00007ffa707a4000 	C:\Program Files\Android\Android Studio\jre\bin\nio.dll

dbghelp: loaded successfully - version: 4.0.5 - missing functions: none
symbol engine: initialized successfully - sym options: 0x614 - pdb path: .;C:\Program Files\Android\Android Studio\jre\bin;C:\Windows\SYSTEM32;C:\Windows\WinSxS\amd64_microsoft.windows.common-controls_6595b64144ccf1df_6.0.19041.1110_none_60b5254171f9507e;C:\Windows\system32\tmumh\20019\AddOn\8.53.0.1128;C:\Windows\system32\tmumh\20019\TmMon\2.8.0.1054;C:\Program Files\Android\Android Studio\jre\bin\server

VM Arguments:
java_command: org.jetbrains.kotlin.cli.jvm.K2JVMCompiler @C:\Users\keerthi-con927\AndroidStudioProjects\algoliademo\app\build\20220309_2067704788996640419.compiler.options
java_class_path (initial): C:\Users\keerthi-con927\.gradle\caches\modules-2\files-2.1\org.jetbrains.kotlin\kotlin-compiler-embeddable\1.6.0\aa8da3bedc53c89219b84a0b40c7419431a13e76\kotlin-compiler-embeddable-1.6.0.jar;C:\Users\keerthi-con927\.gradle\caches\modules-2\files-2.1\org.jetbrains.kotlin\kotlin-reflect\1.6.0\a215a7f914d5916dc5fd2d45cea16524e0220203\kotlin-reflect-1.6.0.jar;C:\Users\keerthi-con927\.gradle\caches\modules-2\files-2.1\org.jetbrains.kotlin\kotlin-stdlib\1.6.0\a40b8b22529b733892edf4b73468ce598bb17f04\kotlin-stdlib-1.6.0.jar;C:\Users\keerthi-con927\.gradle\caches\modules-2\files-2.1\org.jetbrains.kotlin\kotlin-script-runtime\1.6.0\55f72526ddcff6fc77d72cdf949c7e3d9bd95620\kotlin-script-runtime-1.6.0.jar;C:\Users\keerthi-con927\.gradle\caches\modules-2\files-2.1\org.jetbrains.kotlin\kotlin-daemon-embeddable\1.6.0\d6242b37f4ce6b637d10847c7558446272ec8432\kotlin-daemon-embeddable-1.6.0.jar;C:\Users\keerthi-con927\.gradle\caches\modules-2\files-2.1\org.jetbrains.intellij.deps\trove4j\1.0.20181211\216c2e14b070f334479d800987affe4054cd563f\trove4j-1.0.20181211.jar;C:\Users\keerthi-con927\.gradle\caches\modules-2\files-2.1\net.java.dev.jna\jna\5.6.0\330f2244e9030119ab3030fc3fededc86713d9cc\jna-5.6.0.jar;C:\Users\keerthi-con927\.gradle\caches\modules-2\files-2.1\org.jetbrains\annotations\13.0\919f0dfe192fb4e063e7dacadee7f8bb9a2672a9\annotations-13.0.jar;C:\Users\keerthi-con927\.gradle\caches\modules-2\files-2.1\org.jetbrains.kotlin\kotlin-stdlib-common\1.6.0\7857e365f925cfa060f941c1357cda1f8790502c\kotlin-stdlib-common-1.6.0.jar
Launcher Type: SUN_STANDARD

[Global flags]
     intx CICompilerCount                          = 12                                        {product} {ergonomic}
     uint ConcGCThreads                            = 3                                         {product} {ergonomic}
     uint G1ConcRefinementThreads                  = 13                                        {product} {ergonomic}
   size_t G1HeapRegionSize                         = 1048576                                   {product} {ergonomic}
    uintx GCDrainStackTargetSize                   = 64                                        {product} {ergonomic}
   size_t InitialHeapSize                          = 264241152                                 {product} {ergonomic}
   size_t MarkStackSize                            = 4194304                                   {product} {ergonomic}
   size_t MaxHeapSize                              = 4221566976                                {product} {ergonomic}
   size_t MaxNewSize                               = 2532311040                                {product} {ergonomic}
   size_t MinHeapDeltaBytes                        = 1048576                                   {product} {ergonomic}
    uintx NonNMethodCodeHeapSize                   = 7594288                                {pd product} {ergonomic}
    uintx NonProfiledCodeHeapSize                  = 122031976                              {pd product} {ergonomic}
    uintx ProfiledCodeHeapSize                     = 122031976                              {pd product} {ergonomic}
    uintx ReservedCodeCacheSize                    = 251658240                              {pd product} {ergonomic}
     bool SegmentedCodeCache                       = true                                      {product} {ergonomic}
     bool UseCompressedClassPointers               = true                                 {lp64_product} {ergonomic}
     bool UseCompressedOops                        = true                                 {lp64_product} {ergonomic}
     bool UseG1GC                                  = true                                      {product} {ergonomic}
     bool UseLargePagesIndividualAllocation        = false                                  {pd product} {ergonomic}

Logging:
Log output configuration:
 #0: stdout all=warning uptime,level,tags
 #1: stderr all=off uptime,level,tags

Environment Variables:
PATH=C:\Program Files (x86)\Common Files\Oracle\Java\javapath;C:\Windows\system32;C:\Windows;C:\Windows\System32\Wbem;C:\Windows\System32\WindowsPowerShell\v1.0\;C:\Windows\System32\OpenSSH\;C:\Program Files\Git\cmd;C:\Program Files\nodejs\;C:\Users\keerthi-con927\AppData\Local\Microsoft\WindowsApps;;C:\Program Files\JetBrains\IntelliJ IDEA Community Edition 2021.3.2\bin;;C:\Users\keerthi-con927\AppData\Local\Programs\Microsoft VS Code\bin;C:\Users\keerthi-con927\AppData\Roaming\npm
USERNAME=keerthi-con927
OS=Windows_NT
PROCESSOR_IDENTIFIER=Intel64 Family 6 Model 141 Stepping 1, GenuineIntel



---------------  S Y S T E M  ---------------

OS: Windows 10 , 64 bit Build 19041 (10.0.19041.1566)
OS uptime: 3 days 4:15 hours

CPU:total 16 (initial active 16) (8 cores per cpu, 2 threads per core) family 6 model 141 stepping 1 microcode 0x3c, cmov, cx8, fxsr, mmx, sse, sse2, sse3, ssse3, sse4.1, sse4.2, popcnt, avx, avx2, aes, clmul, erms, 3dnowpref, lzcnt, ht, tsc, tscinvbit, bmi1, bmi2, adx, evex, sha, fma

Memory: 4k page, system-wide physical 16103M (359M free)
TotalPageFile size 45555M (AvailPageFile size 0M)
current process WorkingSet (physical memory assigned to process): 127M, peak: 127M
current process commit charge ("private bytes"): 378M, peak: 379M

vm_info: OpenJDK 64-Bit Server VM (11.0.11+9-b60-7590822) for windows-amd64 JRE (11.0.11+9-b60-7590822), built on Jul 29 2021 21:43:44 by "builder" with MS VC++ 14.0 (VS2015)

END.
