#
# There is insufficient memory for the Java Runtime Environment to continue.
# Native memory allocation (mmap) failed to map 153092096 bytes for Failed to commit area from 0x0000000096600000 to 0x000000009f800000 of length 153092096.
# Possible reasons:
#   The system is out of physical RAM or swap space
#   The process is running with CompressedOops enabled, and the Java Heap may be blocking the growth of the native heap
# Possible solutions:
#   Reduce memory load on the system
#   Increase physical memory or swap space
#   Check if swap backing store is full
#   Decrease Java heap size (-Xmx/-Xms)
#   Decrease number of Java threads
#   Decrease Java thread stack sizes (-Xss)
#   Set larger code cache with -XX:ReservedCodeCacheSize=
#   JVM is running with Unscaled Compressed Oops mode in which the Java heap is
#     placed in the first 4GB address space. The Java Heap base address is the
#     maximum limit for the native heap growth. Please use -XX:HeapBaseMinAddress
#     to set the Java Heap base and to place the Java Heap above 4GB virtual address.
# This output file may be truncated or incomplete.
#
#  Out of Memory Error (./src/hotspot/os/windows/os_windows.cpp:3301), pid=37496, tid=27468
#
# JRE version: OpenJDK Runtime Environment (11.0.11+9) (build 11.0.11+9-b60-7590822)
# Java VM: OpenJDK 64-Bit Server VM (11.0.11+9-b60-7590822, mixed mode, tiered, compressed oops, g1 gc, windows-amd64)
# No core dump will be written. Minidumps are not enabled by default on client versions of Windows
#

---------------  S U M M A R Y ------------

Command Line: --add-opens=java.base/java.util=ALL-UNNAMED --add-opens=java.base/java.lang=ALL-UNNAMED --add-opens=java.base/java.lang.invoke=ALL-UNNAMED --add-opens=java.base/java.util=ALL-UNNAMED --add-opens=java.prefs/java.util.prefs=ALL-UNNAMED --add-opens=java.prefs/java.util.prefs=ALL-UNNAMED --add-opens=java.base/java.nio.charset=ALL-UNNAMED --add-opens=java.base/java.net=ALL-UNNAMED --add-opens=java.base/java.util.concurrent.atomic=ALL-UNNAMED -Xmx2048m -Dfile.encoding=UTF-8 -Duser.country=IN -Duser.language=en -Duser.variant org.gradle.launcher.daemon.bootstrap.GradleDaemon 7.0.2

Host: 11th Gen Intel(R) Core(TM) i7-11850H @ 2.50GHz, 16 cores, 15G,  Windows 10 , 64 bit Build 19041 (10.0.19041.1566)
Time: Tue Mar 22 11:05:53 2022 India Standard Time elapsed time: 33.473343 seconds (0d 0h 0m 33s)

---------------  T H R E A D  ---------------

Current thread (0x000001c729ef3000):  VMThread "VM Thread" [stack: 0x0000007cb4d00000,0x0000007cb4e00000] [id=27468]

Stack: [0x0000007cb4d00000,0x0000007cb4e00000]
[error occurred during error reporting (printing stack bounds), id 0xc0000005, EXCEPTION_ACCESS_VIOLATION (0xc0000005) at pc=0x000001c7120d10e7]

Native frames: (J=compiled Java code, j=interpreted, Vv=VM code, C=native code)
V  [jvm.dll+0x5f214a]
V  [jvm.dll+0x726fb5]
V  [jvm.dll+0x7285cd]
V  [jvm.dll+0x728be5]
V  [jvm.dll+0x728b9b]
V  [jvm.dll+0x5f14e8]
V  [jvm.dll+0x5f1c78]
C  [ntdll.dll+0xa20cf]
C  [ntdll.dll+0x51454]
C  [ntdll.dll+0xa0bfe]
C  0x000001c7120d10e7

VM_Operation (0x0000007cb82f8e60): G1CollectForAllocation, mode: safepoint, requested by thread 0x000001c72eadd000


---------------  P R O C E S S  ---------------

Threads class SMR info:
_java_thread_list=0x000001c73223c100, length=90, elements={
0x000001c70e652800, 0x000001c728b35000, 0x000001c728b36800, 0x000001c729f47800,
0x000001c729f4a000, 0x000001c729f4b000, 0x000001c729f4f800, 0x000001c729f51800,
0x000001c729f5a800, 0x000001c72a0b8000, 0x000001c72b72c000, 0x000001c72bf43000,
0x000001c72ac74800, 0x000001c72baaf000, 0x000001c72a10f800, 0x000001c72a31e800,
0x000001c72a31f800, 0x000001c72ade6800, 0x000001c72acb8000, 0x000001c72a31b800,
0x000001c72a317000, 0x000001c72a31a000, 0x000001c72a31b000, 0x000001c72a316000,
0x000001c72a317800, 0x000001c72a318800, 0x000001c72a31c800, 0x000001c72a319800,
0x000001c72eacf000, 0x000001c72ead0800, 0x000001c72ead2000, 0x000001c72eace000,
0x000001c72ead4000, 0x000001c72eacf800, 0x000001c72ead8800, 0x000001c72ead9800,
0x000001c72eadb000, 0x000001c72ead6800, 0x000001c72eadd000, 0x000001c72ead7000,
0x000001c72ead8000, 0x000001c72eada800, 0x000001c72eadc000, 0x000001c72c638000,
0x000001c72c63b800, 0x000001c72c639000, 0x000001c72c637000, 0x000001c72c63a800,
0x000001c72c63c000, 0x000001c72c63d000, 0x000001c72c63e800, 0x000001c72c63e000,
0x000001c72c63f800, 0x000001c72c639800, 0x000001c72c642000, 0x000001c72c642800,
0x000001c72c643800, 0x000001c72c644800, 0x000001c72c645000, 0x000001c72c646000,
0x000001c72c640000, 0x000001c72c641000, 0x000001c72acef000, 0x000001c72acf0800,
0x000001c72acf4800, 0x000001c72acf2800, 0x000001c72acf1800, 0x000001c72acf3000,
0x000001c72acf4000, 0x000001c72acf5800, 0x000001c72acf0000, 0x000001c72acfb800,
0x000001c72acf6800, 0x000001c72acfd000, 0x000001c72acfc000, 0x000001c72acf7000,
0x000001c72acfd800, 0x000001c72acf8000, 0x000001c72acf9800, 0x000001c72acfa800,
0x000001c72acf9000, 0x000001c72cd06000, 0x000001c72cd05000, 0x000001c72cd04800,
0x000001c72ca74800, 0x000001c7326b5800, 0x000001c7326b6000, 0x000001c734b40800,
0x000001c72cd02800, 0x000001c72cd03800
}

Java Threads: ( => current thread )
  0x000001c70e652800 JavaThread "main" [_thread_blocked, id=17128, stack(0x0000007cb4700000,0x0000007cb4800000)]
  0x000001c728b35000 JavaThread "Reference Handler" daemon [_thread_blocked, id=26556, stack(0x0000007cb4e00000,0x0000007cb4f00000)]
  0x000001c728b36800 JavaThread "Finalizer" daemon [_thread_blocked, id=13804, stack(0x0000007cb4f00000,0x0000007cb5000000)]
  0x000001c729f47800 JavaThread "Signal Dispatcher" daemon [_thread_blocked, id=20644, stack(0x0000007cb5000000,0x0000007cb5100000)]
  0x000001c729f4a000 JavaThread "Attach Listener" daemon [_thread_blocked, id=12952, stack(0x0000007cb5100000,0x0000007cb5200000)]
  0x000001c729f4b000 JavaThread "Service Thread" daemon [_thread_blocked, id=17916, stack(0x0000007cb5200000,0x0000007cb5300000)]
  0x000001c729f4f800 JavaThread "C2 CompilerThread0" daemon [_thread_blocked, id=33832, stack(0x0000007cb5300000,0x0000007cb5400000)]
  0x000001c729f51800 JavaThread "C1 CompilerThread0" daemon [_thread_blocked, id=23356, stack(0x0000007cb5400000,0x0000007cb5500000)]
  0x000001c729f5a800 JavaThread "Sweeper thread" daemon [_thread_blocked, id=21180, stack(0x0000007cb5500000,0x0000007cb5600000)]
  0x000001c72a0b8000 JavaThread "Common-Cleaner" daemon [_thread_blocked, id=25192, stack(0x0000007cb5600000,0x0000007cb5700000)]
  0x000001c72b72c000 JavaThread "Daemon health stats" [_thread_blocked, id=30180, stack(0x0000007cb5d00000,0x0000007cb5e00000)]
  0x000001c72bf43000 JavaThread "Incoming local TCP Connector on port 55014" [_thread_in_native, id=10132, stack(0x0000007cb5e00000,0x0000007cb5f00000)]
  0x000001c72ac74800 JavaThread "Daemon periodic checks" [_thread_blocked, id=26560, stack(0x0000007cb5f00000,0x0000007cb6000000)]
  0x000001c72baaf000 JavaThread "Daemon" [_thread_blocked, id=23352, stack(0x0000007cb6000000,0x0000007cb6100000)]
  0x000001c72a10f800 JavaThread "Handler for socket connection from /127.0.0.1:55014 to /127.0.0.1:55015" [_thread_in_native, id=27548, stack(0x0000007cb6100000,0x0000007cb6200000)]
  0x000001c72a31e800 JavaThread "Cancel handler" [_thread_blocked, id=12684, stack(0x0000007cb6200000,0x0000007cb6300000)]
  0x000001c72a31f800 JavaThread "Daemon worker" [_thread_blocked, id=8268, stack(0x0000007cb6300000,0x0000007cb6400000)]
  0x000001c72ade6800 JavaThread "Asynchronous log dispatcher for DefaultDaemonConnection: socket connection from /127.0.0.1:55014 to /127.0.0.1:55015" [_thread_blocked, id=21936, stack(0x0000007cb6400000,0x0000007cb6500000)]
  0x000001c72acb8000 JavaThread "Stdin handler" [_thread_blocked, id=28240, stack(0x0000007cb6500000,0x0000007cb6600000)]
  0x000001c72a31b800 JavaThread "Daemon client event forwarder" [_thread_blocked, id=33072, stack(0x0000007cb6600000,0x0000007cb6700000)]
  0x000001c72a317000 JavaThread "Cache worker for file hash cache (C:\Users\keerthi-con927\.gradle\caches\7.0.2\fileHashes)" [_thread_blocked, id=38300, stack(0x0000007cb6700000,0x0000007cb6800000)]
  0x000001c72a31a000 JavaThread "File lock request listener" [_thread_in_native, id=28436, stack(0x0000007cb6800000,0x0000007cb6900000)]
  0x000001c72a31b000 JavaThread "Cache worker for journal cache (C:\Users\keerthi-con927\.gradle\caches\journal-1)" [_thread_blocked, id=28132, stack(0x0000007cb7200000,0x0000007cb7300000)]
  0x000001c72a316000 JavaThread "Cache worker for file hash cache (C:\Users\keerthi-con927\AndroidStudioProjects\algoliademo\.gradle\7.0.2\fileHashes)" [_thread_blocked, id=20340, stack(0x0000007cb7300000,0x0000007cb7400000)]
  0x000001c72a317800 JavaThread "File watcher server" daemon [_thread_blocked, id=32408, stack(0x0000007cb7400000,0x0000007cb7500000)]
  0x000001c72a318800 JavaThread "File watcher consumer" daemon [_thread_blocked, id=18876, stack(0x0000007cb7500000,0x0000007cb7600000)]
  0x000001c72a31c800 JavaThread "Cache worker for checksums cache (C:\Users\keerthi-con927\AndroidStudioProjects\algoliademo\.gradle\checksums)" [_thread_blocked, id=15332, stack(0x0000007cb7600000,0x0000007cb7700000)]
  0x000001c72a319800 JavaThread "Cache worker for cache directory md-supplier (C:\Users\keerthi-con927\.gradle\caches\7.0.2\md-supplier)" [_thread_blocked, id=23568, stack(0x0000007cb7700000,0x0000007cb7800000)]
  0x000001c72eacf000 JavaThread "Cache worker for cache directory md-rule (C:\Users\keerthi-con927\.gradle\caches\7.0.2\md-rule)" [_thread_blocked, id=38124, stack(0x0000007cb7800000,0x0000007cb7900000)]
  0x000001c72ead0800 JavaThread "Cache worker for execution history cache (C:\Users\keerthi-con927\.gradle\caches\7.0.2\executionHistory)" [_thread_blocked, id=13676, stack(0x0000007cb7900000,0x0000007cb7a00000)]
  0x000001c72ead2000 JavaThread "jar transforms" [_thread_blocked, id=36628, stack(0x0000007cb7a00000,0x0000007cb7b00000)]
  0x000001c72eace000 JavaThread "jar transforms Thread 2" [_thread_blocked, id=17848, stack(0x0000007cb7b00000,0x0000007cb7c00000)]
  0x000001c72ead4000 JavaThread "Cache worker for file content cache (C:\Users\keerthi-con927\.gradle\caches\7.0.2\fileContent)" [_thread_blocked, id=34232, stack(0x0000007cb7c00000,0x0000007cb7d00000)]
  0x000001c72eacf800 JavaThread "Cache worker for dependencies-accessors (C:\Users\keerthi-con927\AndroidStudioProjects\algoliademo\.gradle\7.0.2\dependencies-accessors)" [_thread_blocked, id=38848, stack(0x0000007cb7d00000,0x0000007cb7e00000)]
  0x000001c72ead8800 JavaThread "jar transforms Thread 3" [_thread_blocked, id=31624, stack(0x0000007cb7e00000,0x0000007cb7f00000)]
  0x000001c72ead9800 JavaThread "Cache worker for Build Output Cleanup Cache (C:\Users\keerthi-con927\AndroidStudioProjects\algoliademo\.gradle\buildOutputCleanup)" [_thread_blocked, id=38600, stack(0x0000007cb7f00000,0x0000007cb8000000)]
  0x000001c72eadb000 JavaThread "Build operations" [_thread_blocked, id=36500, stack(0x0000007cb8000000,0x0000007cb8100000)]
  0x000001c72ead6800 JavaThread "Build operations Thread 2" [_thread_blocked, id=25924, stack(0x0000007cb8100000,0x0000007cb8200000)]
  0x000001c72eadd000 JavaThread "Build operations Thread 3" [_thread_blocked, id=19952, stack(0x0000007cb8200000,0x0000007cb8300000)]
  0x000001c72ead7000 JavaThread "Build operations Thread 4" [_thread_blocked, id=38288, stack(0x0000007cb8300000,0x0000007cb8400000)]
  0x000001c72ead8000 JavaThread "Build operations Thread 5" [_thread_blocked, id=8308, stack(0x0000007cb8400000,0x0000007cb8500000)]
  0x000001c72eada800 JavaThread "Build operations Thread 6" [_thread_blocked, id=38744, stack(0x0000007cb8500000,0x0000007cb8600000)]
  0x000001c72eadc000 JavaThread "Build operations Thread 7" [_thread_blocked, id=26508, stack(0x0000007cb8600000,0x0000007cb8700000)]
  0x000001c72c638000 JavaThread "Build operations Thread 8" [_thread_blocked, id=38588, stack(0x0000007cb8700000,0x0000007cb8800000)]
  0x000001c72c63b800 JavaThread "Build operations Thread 9" [_thread_blocked, id=37696, stack(0x0000007cb8800000,0x0000007cb8900000)]
  0x000001c72c639000 JavaThread "Build operations Thread 10" [_thread_blocked, id=2396, stack(0x0000007cb8900000,0x0000007cb8a00000)]
  0x000001c72c637000 JavaThread "Build operations Thread 11" [_thread_blocked, id=15424, stack(0x0000007cb8a00000,0x0000007cb8b00000)]
  0x000001c72c63a800 JavaThread "Build operations Thread 12" [_thread_blocked, id=25820, stack(0x0000007cb8b00000,0x0000007cb8c00000)]
  0x000001c72c63c000 JavaThread "Build operations Thread 13" [_thread_blocked, id=34324, stack(0x0000007cb8c00000,0x0000007cb8d00000)]
  0x000001c72c63d000 JavaThread "Build operations Thread 14" [_thread_blocked, id=14452, stack(0x0000007cb8d00000,0x0000007cb8e00000)]
  0x000001c72c63e800 JavaThread "Build operations Thread 15" [_thread_blocked, id=13476, stack(0x0000007cb8e00000,0x0000007cb8f00000)]
  0x000001c72c63e000 JavaThread "Build operations Thread 16" [_thread_blocked, id=33404, stack(0x0000007cb8f00000,0x0000007cb9000000)]
  0x000001c72c63f800 JavaThread "jar transforms Thread 4" [_thread_blocked, id=37900, stack(0x0000007cb9000000,0x0000007cb9100000)]
  0x000001c72c639800 JavaThread "jar transforms Thread 5" [_thread_blocked, id=33500, stack(0x0000007cb9100000,0x0000007cb9200000)]
  0x000001c72c642000 JavaThread "jar transforms Thread 6" [_thread_blocked, id=28292, stack(0x0000007cb9200000,0x0000007cb9300000)]
  0x000001c72c642800 JavaThread "jar transforms Thread 7" [_thread_blocked, id=13112, stack(0x0000007cb9300000,0x0000007cb9400000)]
  0x000001c72c643800 JavaThread "jar transforms Thread 8" [_thread_blocked, id=32236, stack(0x0000007cb9400000,0x0000007cb9500000)]
  0x000001c72c644800 JavaThread "jar transforms Thread 9" [_thread_blocked, id=38324, stack(0x0000007cb9500000,0x0000007cb9600000)]
  0x000001c72c645000 JavaThread "jar transforms Thread 10" [_thread_blocked, id=17888, stack(0x0000007cb9600000,0x0000007cb9700000)]
  0x000001c72c646000 JavaThread "jar transforms Thread 11" [_thread_blocked, id=1384, stack(0x0000007cb9700000,0x0000007cb9800000)]
  0x000001c72c640000 JavaThread "jar transforms Thread 12" [_thread_blocked, id=30044, stack(0x0000007cb9800000,0x0000007cb9900000)]
  0x000001c72c641000 JavaThread "jar transforms Thread 13" [_thread_blocked, id=34456, stack(0x0000007cb9900000,0x0000007cb9a00000)]
  0x000001c72acef000 JavaThread "jar transforms Thread 14" [_thread_blocked, id=27276, stack(0x0000007cb9a00000,0x0000007cb9b00000)]
  0x000001c72acf0800 JavaThread "jar transforms Thread 15" [_thread_blocked, id=1784, stack(0x0000007cb9b00000,0x0000007cb9c00000)]
  0x000001c72acf4800 JavaThread "jar transforms Thread 16" [_thread_blocked, id=24080, stack(0x0000007cb9c00000,0x0000007cb9d00000)]
  0x000001c72acf2800 JavaThread "Memory manager" [_thread_blocked, id=28784, stack(0x0000007cb9d00000,0x0000007cb9e00000)]
  0x000001c72acf1800 JavaThread "build event listener" [_thread_blocked, id=19356, stack(0x0000007cb9e00000,0x0000007cb9f00000)]
  0x000001c72acf3000 JavaThread "build event listener" [_thread_blocked, id=32004, stack(0x0000007cb9f00000,0x0000007cba000000)]
  0x000001c72acf4000 JavaThread "Execution worker for ':'" [_thread_blocked, id=36776, stack(0x0000007cba000000,0x0000007cba100000)]
  0x000001c72acf5800 JavaThread "Execution worker for ':' Thread 2" [_thread_blocked, id=37820, stack(0x0000007cba100000,0x0000007cba200000)]
  0x000001c72acf0000 JavaThread "Execution worker for ':' Thread 3" [_thread_blocked, id=28392, stack(0x0000007cba200000,0x0000007cba300000)]
  0x000001c72acfb800 JavaThread "Execution worker for ':' Thread 4" [_thread_blocked, id=14196, stack(0x0000007cba300000,0x0000007cba400000)]
  0x000001c72acf6800 JavaThread "Execution worker for ':' Thread 5" [_thread_blocked, id=20960, stack(0x0000007cba400000,0x0000007cba500000)]
  0x000001c72acfd000 JavaThread "Execution worker for ':' Thread 6" [_thread_blocked, id=33980, stack(0x0000007cba500000,0x0000007cba600000)]
  0x000001c72acfc000 JavaThread "Execution worker for ':' Thread 7" [_thread_blocked, id=24252, stack(0x0000007cba600000,0x0000007cba700000)]
  0x000001c72acf7000 JavaThread "Execution worker for ':' Thread 8" [_thread_blocked, id=26984, stack(0x0000007cba700000,0x0000007cba800000)]
  0x000001c72acfd800 JavaThread "Execution worker for ':' Thread 9" [_thread_blocked, id=35328, stack(0x0000007cba800000,0x0000007cba900000)]
  0x000001c72acf8000 JavaThread "Execution worker for ':' Thread 10" [_thread_blocked, id=38036, stack(0x0000007cba900000,0x0000007cbaa00000)]
  0x000001c72acf9800 JavaThread "Execution worker for ':' Thread 11" [_thread_blocked, id=35032, stack(0x0000007cbaa00000,0x0000007cbab00000)]
  0x000001c72acfa800 JavaThread "Execution worker for ':' Thread 12" [_thread_blocked, id=28556, stack(0x0000007cbab00000,0x0000007cbac00000)]
  0x000001c72acf9000 JavaThread "Execution worker for ':' Thread 13" [_thread_blocked, id=37016, stack(0x0000007cbac00000,0x0000007cbad00000)]
  0x000001c72cd06000 JavaThread "Execution worker for ':' Thread 14" [_thread_blocked, id=2976, stack(0x0000007cbad00000,0x0000007cbae00000)]
  0x000001c72cd05000 JavaThread "Execution worker for ':' Thread 15" [_thread_blocked, id=18856, stack(0x0000007cbae00000,0x0000007cbaf00000)]
  0x000001c72cd04800 JavaThread "Cache worker for execution history cache (C:\Users\keerthi-con927\AndroidStudioProjects\algoliademo\.gradle\7.0.2\executionHistory)" [_thread_blocked, id=32528, stack(0x0000007cbaf00000,0x0000007cbb000000)]
  0x000001c72ca74800 JavaThread "C1 CompilerThread1" daemon [_thread_blocked, id=17996, stack(0x0000007cbb000000,0x0000007cbb100000)]
  0x000001c7326b5800 JavaThread "C2 CompilerThread1" daemon [_thread_in_native, id=33604, stack(0x0000007cbb100000,0x0000007cbb200000)]
  0x000001c7326b6000 JavaThread "C1 CompilerThread2" daemon [_thread_blocked, id=17456, stack(0x0000007cbb200000,0x0000007cbb300000)]
  0x000001c734b40800 JavaThread "C2 CompilerThread2" daemon [_thread_blocked, id=36672, stack(0x0000007cbb300000,0x0000007cbb400000)]
  0x000001c72cd02800 JavaThread "WorkerExecutor Queue" [_thread_in_native, id=20508, stack(0x0000007cbb400000,0x0000007cbb500000)]
  0x000001c72cd03800 JavaThread "pool-3-thread-1" [_thread_blocked, id=27860, stack(0x0000007cbb500000,0x0000007cbb600000)]

Other Threads:
=>0x000001c729ef3000 VMThread "VM Thread" [stack: 0x0000007cb4d00000,0x0000007cb4e00000] [id=27468]
  0x000001c72a122800 WatcherThread [stack: 0x0000007cb5700000,0x0000007cb5800000] [id=1748]
  0x000001c70e66a000 GCTaskThread "GC Thread#0" [stack: 0x0000007cb4800000,0x0000007cb4900000] [id=12028]
  0x000001c72ac2a800 GCTaskThread "GC Thread#1" [stack: 0x0000007cb5800000,0x0000007cb5900000] [id=38788]
  0x000001c72aad6800 GCTaskThread "GC Thread#2" [stack: 0x0000007cb5900000,0x0000007cb5a00000] [id=31392]
  0x000001c72aad7000 GCTaskThread "GC Thread#3" [stack: 0x0000007cb5a00000,0x0000007cb5b00000] [id=11488]
  0x000001c72ac8f800 GCTaskThread "GC Thread#4" [stack: 0x0000007cb5b00000,0x0000007cb5c00000] [id=28160]
  0x000001c72ac90000 GCTaskThread "GC Thread#5" [stack: 0x0000007cb5c00000,0x0000007cb5d00000] [id=38504]
  0x000001c72a695800 GCTaskThread "GC Thread#6" [stack: 0x0000007cb6900000,0x0000007cb6a00000] [id=19688]
  0x000001c72a505000 GCTaskThread "GC Thread#7" [stack: 0x0000007cb6a00000,0x0000007cb6b00000] [id=26288]
  0x000001c72a505800 GCTaskThread "GC Thread#8" [stack: 0x0000007cb6b00000,0x0000007cb6c00000] [id=15440]
  0x000001c72c582800 GCTaskThread "GC Thread#9" [stack: 0x0000007cb6c00000,0x0000007cb6d00000] [id=23844]
  0x000001c72a4e5800 GCTaskThread "GC Thread#10" [stack: 0x0000007cb6d00000,0x0000007cb6e00000] [id=31788]
  0x000001c72a4e6000 GCTaskThread "GC Thread#11" [stack: 0x0000007cb6e00000,0x0000007cb6f00000] [id=28320]
  0x000001c72c594800 GCTaskThread "GC Thread#12" [stack: 0x0000007cb6f00000,0x0000007cb7000000] [id=12412]
  0x000001c70e69f000 ConcurrentGCThread "G1 Main Marker" [stack: 0x0000007cb4900000,0x0000007cb4a00000] [id=36512]
  0x000001c70e6a0000 ConcurrentGCThread "G1 Conc#0" [stack: 0x0000007cb4a00000,0x0000007cb4b00000] [id=16808]
  0x000001c72ae8e800 ConcurrentGCThread "G1 Conc#1" [stack: 0x0000007cb7000000,0x0000007cb7100000] [id=38528]
  0x000001c72a4fb800 ConcurrentGCThread "G1 Conc#2" [stack: 0x0000007cb7100000,0x0000007cb7200000] [id=36812]
  0x000001c728a7d800 ConcurrentGCThread "G1 Refine#0" [stack: 0x0000007cb4b00000,0x0000007cb4c00000] [id=24308]
  0x000001c728a7e800 ConcurrentGCThread "G1 Young RemSet Sampling" [stack: 0x0000007cb4c00000,0x0000007cb4d00000] [id=23296]

Threads with active compile tasks:
C2 CompilerThread0  33626 17013       4       com.android.tools.r8.internal.Mv::a (430 bytes)
C1 CompilerThread0  33626 17270       1       com.android.tools.r8.internal.Pf::g (5 bytes)
C1 CompilerThread1  33626 17274       2       com.android.tools.r8.internal.p4::a (61 bytes)
C2 CompilerThread1  33626 17120       4       com.android.tools.r8.internal.U6::a (6044 bytes)
C1 CompilerThread2  33626 17275       2       com.android.tools.r8.internal.Me::a (72 bytes)
C2 CompilerThread2  33626 16738 %     4       com.android.tools.r8.ir.regalloc.a::a @ 2157 (3985 bytes)

VM state:at safepoint (normal execution)

VM Mutex/Monitor currently owned by a thread:  ([mutex/lock_event])
[0x000001c70e64f530] Threads_lock - owner thread: 0x000001c729ef3000
[0x000001c70e64e450] Heap_lock - owner thread: 0x000001c72eadd000

Heap address: 0x0000000080000000, size: 2048 MB, Compressed Oops mode: 32-bit
Narrow klass base: 0x0000000000000000, Narrow klass shift: 3
Compressed class space size: 1073741824 Address: 0x0000000100000000

Heap:
 garbage-first heap   total 516096K, used 206690K [0x0000000080000000, 0x0000000100000000)
  region size 1024K, 12 young (12288K), 12 survivors (12288K)
 Metaspace       used 104253K, capacity 106913K, committed 109312K, reserved 1142784K
  class space    used 13394K, capacity 14413K, committed 15360K, reserved 1048576K
Heap Regions: E=young(eden), S=young(survivor), O=old, HS=humongous(starts), HC=humongous(continues), CS=collection set, F=free, A=archive, TAMS=top-at-mark-start (previous, next)
|   0|0x0000000080000000, 0x0000000080100000, 0x0000000080100000|100%| O|  |TAMS 0x0000000080100000, 0x0000000080000000| Untracked 
|   1|0x0000000080100000, 0x0000000080200000, 0x0000000080200000|100%| O|  |TAMS 0x0000000080200000, 0x0000000080100000| Untracked 
|   2|0x0000000080200000, 0x0000000080300000, 0x0000000080300000|100%| O|  |TAMS 0x0000000080300000, 0x0000000080200000| Untracked 
|   3|0x0000000080300000, 0x0000000080400000, 0x0000000080400000|100%|HS|  |TAMS 0x0000000080400000, 0x0000000080300000| Complete 
|   4|0x0000000080400000, 0x0000000080500000, 0x0000000080500000|100%|HC|  |TAMS 0x0000000080500000, 0x0000000080400000| Complete 
|   5|0x0000000080500000, 0x0000000080600000, 0x0000000080600000|100%|HC|  |TAMS 0x0000000080600000, 0x0000000080500000| Complete 
|   6|0x0000000080600000, 0x0000000080700000, 0x0000000080700000|100%| O|  |TAMS 0x0000000080700000, 0x0000000080600000| Untracked 
|   7|0x0000000080700000, 0x0000000080800000, 0x0000000080800000|100%| O|  |TAMS 0x0000000080800000, 0x0000000080700000| Untracked 
|   8|0x0000000080800000, 0x0000000080900000, 0x0000000080900000|100%| O|  |TAMS 0x0000000080900000, 0x0000000080800000| Untracked 
|   9|0x0000000080900000, 0x0000000080a00000, 0x0000000080a00000|100%| O|  |TAMS 0x0000000080a00000, 0x0000000080900000| Untracked 
|  10|0x0000000080a00000, 0x0000000080b00000, 0x0000000080b00000|100%| O|  |TAMS 0x0000000080b00000, 0x0000000080a00000| Untracked 
|  11|0x0000000080b00000, 0x0000000080c00000, 0x0000000080c00000|100%| O|  |TAMS 0x0000000080c00000, 0x0000000080b00000| Untracked 
|  12|0x0000000080c00000, 0x0000000080d00000, 0x0000000080d00000|100%| O|  |TAMS 0x0000000080d00000, 0x0000000080c00000| Untracked 
|  13|0x0000000080d00000, 0x0000000080e00000, 0x0000000080e00000|100%| O|  |TAMS 0x0000000080e00000, 0x0000000080d00000| Untracked 
|  14|0x0000000080e00000, 0x0000000080f00000, 0x0000000080f00000|100%| O|  |TAMS 0x0000000080f00000, 0x0000000080e00000| Untracked 
|  15|0x0000000080f00000, 0x0000000081000000, 0x0000000081000000|100%| O|  |TAMS 0x0000000081000000, 0x0000000080f00000| Untracked 
|  16|0x0000000081000000, 0x0000000081100000, 0x0000000081100000|100%|HS|  |TAMS 0x0000000081100000, 0x0000000081000000| Complete 
|  17|0x0000000081100000, 0x0000000081200000, 0x0000000081200000|100%|HS|  |TAMS 0x0000000081200000, 0x0000000081100000| Complete 
|  18|0x0000000081200000, 0x0000000081300000, 0x0000000081300000|100%|HS|  |TAMS 0x0000000081300000, 0x0000000081200000| Complete 
|  19|0x0000000081300000, 0x0000000081400000, 0x0000000081400000|100%|HS|  |TAMS 0x0000000081400000, 0x0000000081300000| Complete 
|  20|0x0000000081400000, 0x0000000081500000, 0x0000000081500000|100%|HC|  |TAMS 0x0000000081500000, 0x0000000081400000| Complete 
|  21|0x0000000081500000, 0x0000000081600000, 0x0000000081600000|100%|HC|  |TAMS 0x0000000081600000, 0x0000000081500000| Complete 
|  22|0x0000000081600000, 0x0000000081700000, 0x0000000081700000|100%|HS|  |TAMS 0x0000000081700000, 0x0000000081600000| Complete 
|  23|0x0000000081700000, 0x0000000081800000, 0x0000000081800000|100%|HC|  |TAMS 0x0000000081800000, 0x0000000081700000| Complete 
|  24|0x0000000081800000, 0x0000000081900000, 0x0000000081900000|100%| O|  |TAMS 0x0000000081900000, 0x0000000081800000| Untracked 
|  25|0x0000000081900000, 0x0000000081a00000, 0x0000000081a00000|100%| O|  |TAMS 0x0000000081a00000, 0x0000000081900000| Untracked 
|  26|0x0000000081a00000, 0x0000000081b00000, 0x0000000081b00000|100%| O|  |TAMS 0x0000000081b00000, 0x0000000081a00000| Untracked 
|  27|0x0000000081b00000, 0x0000000081c00000, 0x0000000081c00000|100%| O|  |TAMS 0x0000000081c00000, 0x0000000081b00000| Untracked 
|  28|0x0000000081c00000, 0x0000000081d00000, 0x0000000081d00000|100%| O|  |TAMS 0x0000000081d00000, 0x0000000081c00000| Untracked 
|  29|0x0000000081d00000, 0x0000000081e00000, 0x0000000081e00000|100%| O|  |TAMS 0x0000000081e00000, 0x0000000081d00000| Untracked 
|  30|0x0000000081e00000, 0x0000000081f00000, 0x0000000081f00000|100%| O|  |TAMS 0x0000000081f00000, 0x0000000081e00000| Untracked 
|  31|0x0000000081f00000, 0x0000000082000000, 0x0000000082000000|100%| O|  |TAMS 0x0000000082000000, 0x0000000081f00000| Untracked 
|  32|0x0000000082000000, 0x0000000082100000, 0x0000000082100000|100%| O|  |TAMS 0x0000000082100000, 0x0000000082000000| Untracked 
|  33|0x0000000082100000, 0x0000000082200000, 0x0000000082200000|100%| O|  |TAMS 0x0000000082200000, 0x0000000082100000| Untracked 
|  34|0x0000000082200000, 0x0000000082300000, 0x0000000082300000|100%| O|  |TAMS 0x0000000082300000, 0x0000000082200000| Untracked 
|  35|0x0000000082300000, 0x0000000082400000, 0x0000000082400000|100%| O|  |TAMS 0x0000000082400000, 0x0000000082300000| Untracked 
|  36|0x0000000082400000, 0x0000000082500000, 0x0000000082500000|100%| O|  |TAMS 0x0000000082500000, 0x0000000082400000| Untracked 
|  37|0x0000000082500000, 0x0000000082600000, 0x0000000082600000|100%| O|  |TAMS 0x0000000082600000, 0x0000000082500000| Untracked 
|  38|0x0000000082600000, 0x0000000082700000, 0x0000000082700000|100%| O|  |TAMS 0x0000000082700000, 0x0000000082600000| Untracked 
|  39|0x0000000082700000, 0x0000000082800000, 0x0000000082800000|100%| O|  |TAMS 0x0000000082800000, 0x0000000082700000| Untracked 
|  40|0x0000000082800000, 0x0000000082900000, 0x0000000082900000|100%| O|  |TAMS 0x0000000082900000, 0x0000000082800000| Untracked 
|  41|0x0000000082900000, 0x0000000082a00000, 0x0000000082a00000|100%| O|  |TAMS 0x0000000082a00000, 0x0000000082900000| Untracked 
|  42|0x0000000082a00000, 0x0000000082b00000, 0x0000000082b00000|100%| O|  |TAMS 0x0000000082b00000, 0x0000000082a00000| Untracked 
|  43|0x0000000082b00000, 0x0000000082c00000, 0x0000000082c00000|100%| O|  |TAMS 0x0000000082c00000, 0x0000000082b00000| Untracked 
|  44|0x0000000082c00000, 0x0000000082d00000, 0x0000000082d00000|100%| O|  |TAMS 0x0000000082d00000, 0x0000000082c00000| Untracked 
|  45|0x0000000082d00000, 0x0000000082e00000, 0x0000000082e00000|100%| O|  |TAMS 0x0000000082e00000, 0x0000000082d00000| Untracked 
|  46|0x0000000082e00000, 0x0000000082f00000, 0x0000000082f00000|100%| O|  |TAMS 0x0000000082f00000, 0x0000000082e00000| Untracked 
|  47|0x0000000082f00000, 0x0000000083000000, 0x0000000083000000|100%| O|  |TAMS 0x0000000083000000, 0x0000000082f00000| Complete 
|  48|0x0000000083000000, 0x0000000083100000, 0x0000000083100000|100%| O|  |TAMS 0x0000000083100000, 0x0000000083000000| Complete 
|  49|0x0000000083100000, 0x0000000083200000, 0x0000000083200000|100%| O|  |TAMS 0x0000000083200000, 0x0000000083100000| Untracked 
|  50|0x0000000083200000, 0x0000000083300000, 0x0000000083300000|100%| O|  |TAMS 0x0000000083300000, 0x0000000083200000| Untracked 
|  51|0x0000000083300000, 0x0000000083400000, 0x0000000083400000|100%| O|  |TAMS 0x0000000083400000, 0x0000000083300000| Untracked 
|  52|0x0000000083400000, 0x0000000083500000, 0x0000000083500000|100%| O|  |TAMS 0x0000000083500000, 0x0000000083400000| Untracked 
|  53|0x0000000083500000, 0x0000000083600000, 0x0000000083600000|100%| O|  |TAMS 0x0000000083600000, 0x0000000083500000| Untracked 
|  54|0x0000000083600000, 0x0000000083700000, 0x0000000083700000|100%| O|  |TAMS 0x0000000083700000, 0x0000000083600000| Untracked 
|  55|0x0000000083700000, 0x0000000083800000, 0x0000000083800000|100%| O|  |TAMS 0x0000000083800000, 0x0000000083700000| Untracked 
|  56|0x0000000083800000, 0x0000000083900000, 0x0000000083900000|100%| O|  |TAMS 0x0000000083900000, 0x0000000083800000| Untracked 
|  57|0x0000000083900000, 0x0000000083a00000, 0x0000000083a00000|100%| O|  |TAMS 0x0000000083a00000, 0x0000000083900000| Untracked 
|  58|0x0000000083a00000, 0x0000000083b00000, 0x0000000083b00000|100%| O|  |TAMS 0x0000000083b00000, 0x0000000083a00000| Untracked 
|  59|0x0000000083b00000, 0x0000000083c00000, 0x0000000083c00000|100%| O|  |TAMS 0x0000000083c00000, 0x0000000083b00000| Untracked 
|  60|0x0000000083c00000, 0x0000000083d00000, 0x0000000083d00000|100%| O|  |TAMS 0x0000000083d00000, 0x0000000083c00000| Untracked 
|  61|0x0000000083d00000, 0x0000000083e00000, 0x0000000083e00000|100%| O|  |TAMS 0x0000000083e00000, 0x0000000083d00000| Complete 
|  62|0x0000000083e00000, 0x0000000083f00000, 0x0000000083f00000|100%| O|  |TAMS 0x0000000083f00000, 0x0000000083e00000| Complete 
|  63|0x0000000083f00000, 0x0000000084000000, 0x0000000084000000|100%| O|  |TAMS 0x0000000084000000, 0x0000000083f00000| Untracked 
|  64|0x0000000084000000, 0x0000000084100000, 0x0000000084100000|100%| O|  |TAMS 0x0000000084100000, 0x0000000084000000| Untracked 
|  65|0x0000000084100000, 0x0000000084200000, 0x0000000084200000|100%| O|  |TAMS 0x0000000084200000, 0x0000000084100000| Untracked 
|  66|0x0000000084200000, 0x0000000084300000, 0x0000000084300000|100%| O|  |TAMS 0x0000000084300000, 0x0000000084200000| Untracked 
|  67|0x0000000084300000, 0x0000000084400000, 0x0000000084400000|100%| O|  |TAMS 0x0000000084400000, 0x0000000084300000| Untracked 
|  68|0x0000000084400000, 0x0000000084500000, 0x0000000084500000|100%| O|  |TAMS 0x0000000084500000, 0x0000000084400000| Untracked 
|  69|0x0000000084500000, 0x0000000084600000, 0x0000000084600000|100%| O|  |TAMS 0x0000000084600000, 0x0000000084500000| Untracked 
|  70|0x0000000084600000, 0x0000000084700000, 0x0000000084700000|100%| O|  |TAMS 0x0000000084700000, 0x0000000084600000| Untracked 
|  71|0x0000000084700000, 0x0000000084800000, 0x0000000084800000|100%| O|  |TAMS 0x0000000084800000, 0x0000000084700000| Untracked 
|  72|0x0000000084800000, 0x0000000084900000, 0x0000000084900000|100%| O|  |TAMS 0x0000000084900000, 0x0000000084800000| Untracked 
|  73|0x0000000084900000, 0x0000000084a00000, 0x0000000084a00000|100%| O|  |TAMS 0x0000000084a00000, 0x0000000084900000| Untracked 
|  74|0x0000000084a00000, 0x0000000084b00000, 0x0000000084b00000|100%| O|  |TAMS 0x0000000084b00000, 0x0000000084a00000| Untracked 
|  75|0x0000000084b00000, 0x0000000084c00000, 0x0000000084c00000|100%| O|  |TAMS 0x0000000084c00000, 0x0000000084b00000| Untracked 
|  76|0x0000000084c00000, 0x0000000084d00000, 0x0000000084d00000|100%| O|  |TAMS 0x0000000084d00000, 0x0000000084c00000| Complete 
|  77|0x0000000084d00000, 0x0000000084e00000, 0x0000000084e00000|100%| O|  |TAMS 0x0000000084e00000, 0x0000000084d00000| Complete 
|  78|0x0000000084e00000, 0x0000000084f00000, 0x0000000084f00000|100%| O|  |TAMS 0x0000000084f00000, 0x0000000084e00000| Untracked 
|  79|0x0000000084f00000, 0x0000000085000000, 0x0000000085000000|100%| O|  |TAMS 0x0000000085000000, 0x0000000084f00000| Untracked 
|  80|0x0000000085000000, 0x0000000085100000, 0x0000000085100000|100%| O|  |TAMS 0x0000000085100000, 0x0000000085000000| Untracked 
|  81|0x0000000085100000, 0x0000000085200000, 0x0000000085200000|100%| O|  |TAMS 0x0000000085200000, 0x0000000085100000| Untracked 
|  82|0x0000000085200000, 0x0000000085300000, 0x0000000085300000|100%| O|  |TAMS 0x0000000085300000, 0x0000000085200000| Untracked 
|  83|0x0000000085300000, 0x0000000085400000, 0x0000000085400000|100%| O|  |TAMS 0x0000000085400000, 0x0000000085300000| Untracked 
|  84|0x0000000085400000, 0x0000000085500000, 0x0000000085500000|100%| O|  |TAMS 0x0000000085500000, 0x0000000085400000| Complete 
|  85|0x0000000085500000, 0x0000000085600000, 0x0000000085600000|100%| O|  |TAMS 0x0000000085600000, 0x0000000085500000| Complete 
|  86|0x0000000085600000, 0x0000000085700000, 0x0000000085700000|100%| O|  |TAMS 0x0000000085700000, 0x0000000085600000| Complete 
|  87|0x0000000085700000, 0x0000000085800000, 0x0000000085800000|100%| O|  |TAMS 0x0000000085800000, 0x0000000085700000| Complete 
|  88|0x0000000085800000, 0x0000000085900000, 0x0000000085900000|100%| O|  |TAMS 0x0000000085900000, 0x0000000085800000| Untracked 
|  89|0x0000000085900000, 0x0000000085a00000, 0x0000000085a00000|100%| O|  |TAMS 0x0000000085a00000, 0x0000000085900000| Untracked 
|  90|0x0000000085a00000, 0x0000000085b00000, 0x0000000085b00000|100%| O|  |TAMS 0x0000000085b00000, 0x0000000085a00000| Untracked 
|  91|0x0000000085b00000, 0x0000000085c00000, 0x0000000085c00000|100%| O|  |TAMS 0x0000000085c00000, 0x0000000085b00000| Untracked 
|  92|0x0000000085c00000, 0x0000000085d00000, 0x0000000085d00000|100%| O|  |TAMS 0x0000000085d00000, 0x0000000085c00000| Complete 
|  93|0x0000000085d00000, 0x0000000085e00000, 0x0000000085e00000|100%| O|  |TAMS 0x0000000085e00000, 0x0000000085d00000| Untracked 
|  94|0x0000000085e00000, 0x0000000085f00000, 0x0000000085f00000|100%| O|  |TAMS 0x0000000085f00000, 0x0000000085e00000| Untracked 
|  95|0x0000000085f00000, 0x0000000086000000, 0x0000000086000000|100%| O|  |TAMS 0x0000000086000000, 0x0000000085f00000| Untracked 
|  96|0x0000000086000000, 0x0000000086100000, 0x0000000086100000|100%| O|  |TAMS 0x0000000086100000, 0x0000000086000000| Untracked 
|  97|0x0000000086100000, 0x0000000086200000, 0x0000000086200000|100%| O|  |TAMS 0x0000000086200000, 0x0000000086100000| Untracked 
|  98|0x0000000086200000, 0x0000000086300000, 0x0000000086300000|100%| O|  |TAMS 0x0000000086300000, 0x0000000086200000| Untracked 
|  99|0x0000000086300000, 0x0000000086400000, 0x0000000086400000|100%| O|  |TAMS 0x0000000086400000, 0x0000000086300000| Untracked 
| 100|0x0000000086400000, 0x0000000086500000, 0x0000000086500000|100%| O|  |TAMS 0x0000000086500000, 0x0000000086400000| Untracked 
| 101|0x0000000086500000, 0x0000000086600000, 0x0000000086600000|100%| O|  |TAMS 0x0000000086600000, 0x0000000086500000| Untracked 
| 102|0x0000000086600000, 0x0000000086700000, 0x0000000086700000|100%| O|  |TAMS 0x0000000086700000, 0x0000000086600000| Complete 
| 103|0x0000000086700000, 0x0000000086800000, 0x0000000086800000|100%| O|  |TAMS 0x0000000086800000, 0x0000000086700000| Complete 
| 104|0x0000000086800000, 0x0000000086900000, 0x0000000086900000|100%| O|  |TAMS 0x0000000086900000, 0x0000000086800000| Complete 
| 105|0x0000000086900000, 0x0000000086a00000, 0x0000000086a00000|100%| O|  |TAMS 0x0000000086a00000, 0x0000000086900000| Complete 
| 106|0x0000000086a00000, 0x0000000086b00000, 0x0000000086b00000|100%| O|  |TAMS 0x0000000086b00000, 0x0000000086a00000| Complete 
| 107|0x0000000086b00000, 0x0000000086c00000, 0x0000000086c00000|100%| O|  |TAMS 0x0000000086c00000, 0x0000000086b00000| Complete 
| 108|0x0000000086c00000, 0x0000000086d00000, 0x0000000086d00000|100%| O|  |TAMS 0x0000000086d00000, 0x0000000086c00000| Untracked 
| 109|0x0000000086d00000, 0x0000000086e00000, 0x0000000086e00000|100%| O|  |TAMS 0x0000000086e00000, 0x0000000086d00000| Complete 
| 110|0x0000000086e00000, 0x0000000086f00000, 0x0000000086f00000|100%| O|  |TAMS 0x0000000086f00000, 0x0000000086e00000| Complete 
| 111|0x0000000086f00000, 0x0000000087000000, 0x0000000087000000|100%| O|  |TAMS 0x0000000087000000, 0x0000000086f00000| Complete 
| 112|0x0000000087000000, 0x0000000087100000, 0x0000000087100000|100%| O|  |TAMS 0x0000000087100000, 0x0000000087000000| Complete 
| 113|0x0000000087100000, 0x0000000087200000, 0x0000000087200000|100%| O|  |TAMS 0x0000000087200000, 0x0000000087100000| Complete 
| 114|0x0000000087200000, 0x0000000087300000, 0x0000000087300000|100%| O|  |TAMS 0x0000000087300000, 0x0000000087200000| Complete 
| 115|0x0000000087300000, 0x0000000087400000, 0x0000000087400000|100%| O|  |TAMS 0x0000000087400000, 0x0000000087300000| Complete 
| 116|0x0000000087400000, 0x0000000087500000, 0x0000000087500000|100%| O|  |TAMS 0x0000000087500000, 0x0000000087400000| Untracked 
| 117|0x0000000087500000, 0x0000000087600000, 0x0000000087600000|100%| O|  |TAMS 0x0000000087600000, 0x0000000087500000| Untracked 
| 118|0x0000000087600000, 0x0000000087700000, 0x0000000087700000|100%| O|  |TAMS 0x0000000087700000, 0x0000000087600000| Untracked 
| 119|0x0000000087700000, 0x0000000087800000, 0x0000000087800000|100%| O|  |TAMS 0x0000000087800000, 0x0000000087700000| Untracked 
| 120|0x0000000087800000, 0x0000000087900000, 0x0000000087900000|100%| O|  |TAMS 0x0000000087900000, 0x0000000087800000| Complete 
| 121|0x0000000087900000, 0x0000000087a00000, 0x0000000087a00000|100%| O|  |TAMS 0x0000000087a00000, 0x0000000087900000| Complete 
| 122|0x0000000087a00000, 0x0000000087b00000, 0x0000000087b00000|100%| O|  |TAMS 0x0000000087b00000, 0x0000000087a00000| Complete 
| 123|0x0000000087b00000, 0x0000000087c00000, 0x0000000087c00000|100%| O|  |TAMS 0x0000000087c00000, 0x0000000087b00000| Complete 
| 124|0x0000000087c00000, 0x0000000087d00000, 0x0000000087d00000|100%| O|  |TAMS 0x0000000087d00000, 0x0000000087c00000| Complete 
| 125|0x0000000087d00000, 0x0000000087e00000, 0x0000000087e00000|100%| O|  |TAMS 0x0000000087e00000, 0x0000000087d00000| Untracked 
| 126|0x0000000087e00000, 0x0000000087f00000, 0x0000000087f00000|100%| O|  |TAMS 0x0000000087f00000, 0x0000000087e00000| Untracked 
| 127|0x0000000087f00000, 0x0000000088000000, 0x0000000088000000|100%| O|  |TAMS 0x0000000088000000, 0x0000000087f00000| Untracked 
| 128|0x0000000088000000, 0x0000000088100000, 0x0000000088100000|100%| O|  |TAMS 0x0000000088100000, 0x0000000088000000| Untracked 
| 129|0x0000000088100000, 0x0000000088200000, 0x0000000088200000|100%| O|  |TAMS 0x0000000088200000, 0x0000000088100000| Untracked 
| 130|0x0000000088200000, 0x0000000088300000, 0x0000000088300000|100%| O|  |TAMS 0x0000000088300000, 0x0000000088200000| Untracked 
| 131|0x0000000088300000, 0x0000000088400000, 0x0000000088400000|100%| O|  |TAMS 0x0000000088400000, 0x0000000088300000| Untracked 
| 132|0x0000000088400000, 0x0000000088500000, 0x0000000088500000|100%| O|  |TAMS 0x0000000088500000, 0x0000000088400000| Untracked 
| 133|0x0000000088500000, 0x0000000088600000, 0x0000000088600000|100%| O|  |TAMS 0x0000000088600000, 0x0000000088500000| Untracked 
| 134|0x0000000088600000, 0x0000000088700000, 0x0000000088700000|100%| O|  |TAMS 0x0000000088700000, 0x0000000088600000| Complete 
| 135|0x0000000088700000, 0x0000000088800000, 0x0000000088800000|100%| O|  |TAMS 0x0000000088800000, 0x0000000088700000| Complete 
| 136|0x0000000088800000, 0x0000000088900000, 0x0000000088900000|100%| O|  |TAMS 0x0000000088900000, 0x0000000088800000| Untracked 
| 137|0x0000000088900000, 0x0000000088a00000, 0x0000000088a00000|100%| O|  |TAMS 0x0000000088a00000, 0x0000000088900000| Complete 
| 138|0x0000000088a00000, 0x0000000088b00000, 0x0000000088b00000|100%| O|  |TAMS 0x0000000088b00000, 0x0000000088a00000| Untracked 
| 139|0x0000000088b00000, 0x0000000088c00000, 0x0000000088c00000|100%| O|  |TAMS 0x0000000088c00000, 0x0000000088b00000| Complete 
| 140|0x0000000088c00000, 0x0000000088d00000, 0x0000000088d00000|100%| O|  |TAMS 0x0000000088d00000, 0x0000000088c00000| Complete 
| 141|0x0000000088d00000, 0x0000000088e00000, 0x0000000088e00000|100%| O|  |TAMS 0x0000000088e00000, 0x0000000088d00000| Complete 
| 142|0x0000000088e00000, 0x0000000088f00000, 0x0000000088f00000|100%| O|  |TAMS 0x0000000088f00000, 0x0000000088e00000| Untracked 
| 143|0x0000000088f00000, 0x0000000089000000, 0x0000000089000000|100%| O|  |TAMS 0x0000000089000000, 0x0000000088f00000| Untracked 
| 144|0x0000000089000000, 0x0000000089100000, 0x0000000089100000|100%| O|  |TAMS 0x0000000089100000, 0x0000000089000000| Untracked 
| 145|0x0000000089100000, 0x0000000089200000, 0x0000000089200000|100%| O|  |TAMS 0x0000000089200000, 0x0000000089100000| Complete 
| 146|0x0000000089200000, 0x0000000089300000, 0x0000000089300000|100%| O|  |TAMS 0x0000000089300000, 0x0000000089200000| Untracked 
| 147|0x0000000089300000, 0x0000000089400000, 0x0000000089400000|100%| O|  |TAMS 0x0000000089400000, 0x0000000089300000| Untracked 
| 148|0x0000000089400000, 0x0000000089500000, 0x0000000089500000|100%| O|  |TAMS 0x0000000089500000, 0x0000000089400000| Complete 
| 149|0x0000000089500000, 0x0000000089600000, 0x0000000089600000|100%| O|  |TAMS 0x0000000089600000, 0x0000000089500000| Complete 
| 150|0x0000000089600000, 0x0000000089700000, 0x0000000089700000|100%| O|  |TAMS 0x0000000089700000, 0x0000000089600000| Complete 
| 151|0x0000000089700000, 0x0000000089800000, 0x0000000089800000|100%| O|  |TAMS 0x0000000089800000, 0x0000000089700000| Untracked 
| 152|0x0000000089800000, 0x0000000089900000, 0x0000000089900000|100%| O|  |TAMS 0x0000000089900000, 0x0000000089800000| Untracked 
| 153|0x0000000089900000, 0x0000000089a00000, 0x0000000089a00000|100%| O|  |TAMS 0x0000000089a00000, 0x0000000089900000| Untracked 
| 154|0x0000000089a00000, 0x0000000089b00000, 0x0000000089b00000|100%| O|  |TAMS 0x0000000089b00000, 0x0000000089a00000| Untracked 
| 155|0x0000000089b00000, 0x0000000089c00000, 0x0000000089c00000|100%| O|  |TAMS 0x0000000089c00000, 0x0000000089b00000| Untracked 
| 156|0x0000000089c00000, 0x0000000089d00000, 0x0000000089d00000|100%| O|  |TAMS 0x0000000089d00000, 0x0000000089c00000| Complete 
| 157|0x0000000089d00000, 0x0000000089e00000, 0x0000000089e00000|100%| O|  |TAMS 0x0000000089d00000, 0x0000000089d00000| Untracked 
| 158|0x0000000089e00000, 0x0000000089f00000, 0x0000000089f00000|100%| O|  |TAMS 0x0000000089f00000, 0x0000000089e00000| Complete 
| 159|0x0000000089f00000, 0x000000008a000000, 0x000000008a000000|100%| O|  |TAMS 0x000000008a000000, 0x0000000089f00000| Complete 
| 160|0x000000008a000000, 0x000000008a100000, 0x000000008a100000|100%| O|  |TAMS 0x000000008a100000, 0x000000008a000000| Untracked 
| 161|0x000000008a100000, 0x000000008a200000, 0x000000008a200000|100%| O|  |TAMS 0x000000008a200000, 0x000000008a100000| Untracked 
| 162|0x000000008a200000, 0x000000008a300000, 0x000000008a300000|100%| O|  |TAMS 0x000000008a300000, 0x000000008a200000| Untracked 
| 163|0x000000008a300000, 0x000000008a400000, 0x000000008a400000|100%| O|  |TAMS 0x000000008a400000, 0x000000008a300000| Complete 
| 164|0x000000008a400000, 0x000000008a500000, 0x000000008a500000|100%| O|  |TAMS 0x000000008a500000, 0x000000008a400000| Untracked 
| 165|0x000000008a500000, 0x000000008a600000, 0x000000008a600000|100%| O|  |TAMS 0x000000008a600000, 0x000000008a500000| Untracked 
| 166|0x000000008a600000, 0x000000008a700000, 0x000000008a700000|100%| O|  |TAMS 0x000000008a700000, 0x000000008a600000| Untracked 
| 167|0x000000008a700000, 0x000000008a800000, 0x000000008a800000|100%| O|  |TAMS 0x000000008a800000, 0x000000008a700000| Untracked 
| 168|0x000000008a800000, 0x000000008a900000, 0x000000008a900000|100%| O|  |TAMS 0x000000008a900000, 0x000000008a800000| Untracked 
| 169|0x000000008a900000, 0x000000008aa00000, 0x000000008aa00000|100%| O|  |TAMS 0x000000008aa00000, 0x000000008a900000| Untracked 
| 170|0x000000008aa00000, 0x000000008ab00000, 0x000000008ab00000|100%| O|  |TAMS 0x000000008aa04400, 0x000000008aa00000| Untracked 
| 171|0x000000008ab00000, 0x000000008ac00000, 0x000000008ac00000|100%| O|  |TAMS 0x000000008ab00000, 0x000000008ab00000| Untracked 
| 172|0x000000008ac00000, 0x000000008ad00000, 0x000000008ad00000|100%| O|  |TAMS 0x000000008ac00000, 0x000000008ac00000| Untracked 
| 173|0x000000008ad00000, 0x000000008ae00000, 0x000000008ae00000|100%| O|  |TAMS 0x000000008ad00000, 0x000000008ad00000| Untracked 
| 174|0x000000008ae00000, 0x000000008af00000, 0x000000008af00000|100%| O|  |TAMS 0x000000008ae00000, 0x000000008ae00000| Untracked 
| 175|0x000000008af00000, 0x000000008b000000, 0x000000008b000000|100%| O|  |TAMS 0x000000008af00000, 0x000000008af00000| Untracked 
| 176|0x000000008b000000, 0x000000008b100000, 0x000000008b100000|100%| O|  |TAMS 0x000000008b000000, 0x000000008b000000| Untracked 
| 177|0x000000008b100000, 0x000000008b200000, 0x000000008b200000|100%| O|  |TAMS 0x000000008b100000, 0x000000008b100000| Untracked 
| 178|0x000000008b200000, 0x000000008b300000, 0x000000008b300000|100%| O|  |TAMS 0x000000008b200000, 0x000000008b200000| Untracked 
| 179|0x000000008b300000, 0x000000008b400000, 0x000000008b400000|100%| O|  |TAMS 0x000000008b300000, 0x000000008b300000| Untracked 
| 180|0x000000008b400000, 0x000000008b500000, 0x000000008b500000|100%| O|  |TAMS 0x000000008b400000, 0x000000008b400000| Untracked 
| 181|0x000000008b500000, 0x000000008b600000, 0x000000008b600000|100%| O|  |TAMS 0x000000008b500000, 0x000000008b500000| Untracked 
| 182|0x000000008b600000, 0x000000008b700000, 0x000000008b700000|100%| O|  |TAMS 0x000000008b600000, 0x000000008b600000| Untracked 
| 183|0x000000008b700000, 0x000000008b800000, 0x000000008b800000|100%| O|  |TAMS 0x000000008b700000, 0x000000008b700000| Untracked 
| 184|0x000000008b800000, 0x000000008b900000, 0x000000008b900000|100%| O|  |TAMS 0x000000008b800000, 0x000000008b800000| Untracked 
| 185|0x000000008b900000, 0x000000008ba00000, 0x000000008ba00000|100%| O|  |TAMS 0x000000008b900000, 0x000000008b900000| Untracked 
| 186|0x000000008ba00000, 0x000000008bb00000, 0x000000008bb00000|100%| O|  |TAMS 0x000000008ba00000, 0x000000008ba00000| Untracked 
| 187|0x000000008bb00000, 0x000000008bc00000, 0x000000008bc00000|100%| O|  |TAMS 0x000000008bb00000, 0x000000008bb00000| Untracked 
| 188|0x000000008bc00000, 0x000000008bd00000, 0x000000008bd00000|100%| O|  |TAMS 0x000000008bc00000, 0x000000008bc00000| Untracked 
| 189|0x000000008bd00000, 0x000000008be00000, 0x000000008be00000|100%| O|  |TAMS 0x000000008bd00000, 0x000000008bd00000| Untracked 
| 190|0x000000008be00000, 0x000000008be44200, 0x000000008bf00000| 26%| O|  |TAMS 0x000000008be00000, 0x000000008be00000| Untracked 
| 191|0x000000008bf00000, 0x000000008bf00000, 0x000000008c000000|  0%| F|  |TAMS 0x000000008bf00000, 0x000000008bf00000| Untracked 
| 192|0x000000008c000000, 0x000000008c000000, 0x000000008c100000|  0%| F|  |TAMS 0x000000008c000000, 0x000000008c000000| Untracked 
| 193|0x000000008c100000, 0x000000008c100000, 0x000000008c200000|  0%| F|  |TAMS 0x000000008c100000, 0x000000008c100000| Untracked 
| 194|0x000000008c200000, 0x000000008c200000, 0x000000008c300000|  0%| F|  |TAMS 0x000000008c200000, 0x000000008c200000| Untracked 
| 195|0x000000008c300000, 0x000000008c300000, 0x000000008c400000|  0%| F|  |TAMS 0x000000008c300000, 0x000000008c300000| Untracked 
| 196|0x000000008c400000, 0x000000008c400000, 0x000000008c500000|  0%| F|  |TAMS 0x000000008c400000, 0x000000008c400000| Untracked 
| 197|0x000000008c500000, 0x000000008c500000, 0x000000008c600000|  0%| F|  |TAMS 0x000000008c500000, 0x000000008c500000| Untracked 
| 198|0x000000008c600000, 0x000000008c600000, 0x000000008c700000|  0%| F|  |TAMS 0x000000008c600000, 0x000000008c600000| Untracked 
| 199|0x000000008c700000, 0x000000008c700000, 0x000000008c800000|  0%| F|  |TAMS 0x000000008c700000, 0x000000008c700000| Untracked 
| 200|0x000000008c800000, 0x000000008c800000, 0x000000008c900000|  0%| F|  |TAMS 0x000000008c800000, 0x000000008c800000| Untracked 
| 201|0x000000008c900000, 0x000000008c900000, 0x000000008ca00000|  0%| F|  |TAMS 0x000000008c900000, 0x000000008c900000| Untracked 
| 202|0x000000008ca00000, 0x000000008ca00000, 0x000000008cb00000|  0%| F|  |TAMS 0x000000008ca00000, 0x000000008ca00000| Untracked 
| 203|0x000000008cb00000, 0x000000008cb00000, 0x000000008cc00000|  0%| F|  |TAMS 0x000000008cb00000, 0x000000008cb00000| Untracked 
| 204|0x000000008cc00000, 0x000000008cc00000, 0x000000008cd00000|  0%| F|  |TAMS 0x000000008cc00000, 0x000000008cc00000| Untracked 
| 205|0x000000008cd00000, 0x000000008cd00000, 0x000000008ce00000|  0%| F|  |TAMS 0x000000008cd00000, 0x000000008cd00000| Untracked 
| 206|0x000000008ce00000, 0x000000008ce00000, 0x000000008cf00000|  0%| F|  |TAMS 0x000000008ce00000, 0x000000008ce00000| Untracked 
| 207|0x000000008cf00000, 0x000000008cf00000, 0x000000008d000000|  0%| F|  |TAMS 0x000000008cf00000, 0x000000008cf00000| Untracked 
| 208|0x000000008d000000, 0x000000008d000000, 0x000000008d100000|  0%| F|  |TAMS 0x000000008d000000, 0x000000008d000000| Untracked 
| 209|0x000000008d100000, 0x000000008d100000, 0x000000008d200000|  0%| F|  |TAMS 0x000000008d100000, 0x000000008d100000| Untracked 
| 210|0x000000008d200000, 0x000000008d200000, 0x000000008d300000|  0%| F|  |TAMS 0x000000008d200000, 0x000000008d200000| Untracked 
| 211|0x000000008d300000, 0x000000008d300000, 0x000000008d400000|  0%| F|  |TAMS 0x000000008d300000, 0x000000008d300000| Untracked 
| 212|0x000000008d400000, 0x000000008d400000, 0x000000008d500000|  0%| F|  |TAMS 0x000000008d400000, 0x000000008d400000| Untracked 
| 213|0x000000008d500000, 0x000000008d500000, 0x000000008d600000|  0%| F|  |TAMS 0x000000008d500000, 0x000000008d500000| Untracked 
| 214|0x000000008d600000, 0x000000008d600000, 0x000000008d700000|  0%| F|  |TAMS 0x000000008d600000, 0x000000008d600000| Untracked 
| 215|0x000000008d700000, 0x000000008d700000, 0x000000008d800000|  0%| F|  |TAMS 0x000000008d700000, 0x000000008d700000| Untracked 
| 216|0x000000008d800000, 0x000000008d800000, 0x000000008d900000|  0%| F|  |TAMS 0x000000008d800000, 0x000000008d800000| Untracked 
| 217|0x000000008d900000, 0x000000008d900000, 0x000000008da00000|  0%| F|  |TAMS 0x000000008d900000, 0x000000008d900000| Untracked 
| 218|0x000000008da00000, 0x000000008da00000, 0x000000008db00000|  0%| F|  |TAMS 0x000000008da00000, 0x000000008da00000| Untracked 
| 219|0x000000008db00000, 0x000000008db00000, 0x000000008dc00000|  0%| F|  |TAMS 0x000000008db00000, 0x000000008db00000| Untracked 
| 220|0x000000008dc00000, 0x000000008dc00000, 0x000000008dd00000|  0%| F|  |TAMS 0x000000008dc00000, 0x000000008dc00000| Untracked 
| 221|0x000000008dd00000, 0x000000008dd00000, 0x000000008de00000|  0%| F|  |TAMS 0x000000008dd00000, 0x000000008dd00000| Untracked 
| 222|0x000000008de00000, 0x000000008de00000, 0x000000008df00000|  0%| F|  |TAMS 0x000000008de00000, 0x000000008de00000| Untracked 
| 223|0x000000008df00000, 0x000000008df00000, 0x000000008e000000|  0%| F|  |TAMS 0x000000008df00000, 0x000000008df00000| Untracked 
| 224|0x000000008e000000, 0x000000008e000000, 0x000000008e100000|  0%| F|  |TAMS 0x000000008e000000, 0x000000008e000000| Untracked 
| 225|0x000000008e100000, 0x000000008e100000, 0x000000008e200000|  0%| F|  |TAMS 0x000000008e100000, 0x000000008e100000| Untracked 
| 226|0x000000008e200000, 0x000000008e200000, 0x000000008e300000|  0%| F|  |TAMS 0x000000008e200000, 0x000000008e200000| Untracked 
| 227|0x000000008e300000, 0x000000008e300000, 0x000000008e400000|  0%| F|  |TAMS 0x000000008e300000, 0x000000008e300000| Untracked 
| 228|0x000000008e400000, 0x000000008e400000, 0x000000008e500000|  0%| F|  |TAMS 0x000000008e400000, 0x000000008e400000| Untracked 
| 229|0x000000008e500000, 0x000000008e500000, 0x000000008e600000|  0%| F|  |TAMS 0x000000008e500000, 0x000000008e500000| Untracked 
| 230|0x000000008e600000, 0x000000008e600000, 0x000000008e700000|  0%| F|  |TAMS 0x000000008e600000, 0x000000008e600000| Untracked 
| 231|0x000000008e700000, 0x000000008e700000, 0x000000008e800000|  0%| F|  |TAMS 0x000000008e700000, 0x000000008e700000| Untracked 
| 232|0x000000008e800000, 0x000000008e800000, 0x000000008e900000|  0%| F|  |TAMS 0x000000008e800000, 0x000000008e800000| Untracked 
| 233|0x000000008e900000, 0x000000008e900000, 0x000000008ea00000|  0%| F|  |TAMS 0x000000008e900000, 0x000000008e900000| Untracked 
| 234|0x000000008ea00000, 0x000000008ea00000, 0x000000008eb00000|  0%| F|  |TAMS 0x000000008ea00000, 0x000000008ea00000| Untracked 
| 235|0x000000008eb00000, 0x000000008eb00000, 0x000000008ec00000|  0%| F|  |TAMS 0x000000008eb00000, 0x000000008eb00000| Untracked 
| 236|0x000000008ec00000, 0x000000008ec00000, 0x000000008ed00000|  0%| F|  |TAMS 0x000000008ec00000, 0x000000008ec00000| Untracked 
| 237|0x000000008ed00000, 0x000000008ed00000, 0x000000008ee00000|  0%| F|  |TAMS 0x000000008ed00000, 0x000000008ed00000| Untracked 
| 238|0x000000008ee00000, 0x000000008ee00000, 0x000000008ef00000|  0%| F|  |TAMS 0x000000008ee00000, 0x000000008ee00000| Untracked 
| 239|0x000000008ef00000, 0x000000008ef00000, 0x000000008f000000|  0%| F|  |TAMS 0x000000008ef00000, 0x000000008ef00000| Untracked 
| 240|0x000000008f000000, 0x000000008f000000, 0x000000008f100000|  0%| F|  |TAMS 0x000000008f000000, 0x000000008f000000| Untracked 
| 241|0x000000008f100000, 0x000000008f100000, 0x000000008f200000|  0%| F|  |TAMS 0x000000008f100000, 0x000000008f100000| Untracked 
| 242|0x000000008f200000, 0x000000008f200000, 0x000000008f300000|  0%| F|  |TAMS 0x000000008f200000, 0x000000008f200000| Untracked 
| 243|0x000000008f300000, 0x000000008f300000, 0x000000008f400000|  0%| F|  |TAMS 0x000000008f300000, 0x000000008f300000| Untracked 
| 244|0x000000008f400000, 0x000000008f400000, 0x000000008f500000|  0%| F|  |TAMS 0x000000008f400000, 0x000000008f400000| Untracked 
| 245|0x000000008f500000, 0x000000008f5947e8, 0x000000008f600000| 58%| S|CS|TAMS 0x000000008f500000, 0x000000008f500000| Complete 
| 246|0x000000008f600000, 0x000000008f700000, 0x000000008f700000|100%| S|CS|TAMS 0x000000008f600000, 0x000000008f600000| Complete 
| 247|0x000000008f700000, 0x000000008f800000, 0x000000008f800000|100%| S|CS|TAMS 0x000000008f700000, 0x000000008f700000| Complete 
| 248|0x000000008f800000, 0x000000008f900000, 0x000000008f900000|100%| S|CS|TAMS 0x000000008f800000, 0x000000008f800000| Complete 
| 249|0x000000008f900000, 0x000000008fa00000, 0x000000008fa00000|100%| S|CS|TAMS 0x000000008f900000, 0x000000008f900000| Complete 
| 250|0x000000008fa00000, 0x000000008fb00000, 0x000000008fb00000|100%| S|CS|TAMS 0x000000008fa00000, 0x000000008fa00000| Complete 
| 251|0x000000008fb00000, 0x000000008fb00000, 0x000000008fc00000|  0%| F|  |TAMS 0x000000008fb00000, 0x000000008fb00000| Untracked 
| 252|0x000000008fc00000, 0x000000008fc00000, 0x000000008fd00000|  0%| F|  |TAMS 0x000000008fc00000, 0x000000008fc00000| Untracked 
| 253|0x000000008fd00000, 0x000000008fd00000, 0x000000008fe00000|  0%| F|  |TAMS 0x000000008fd00000, 0x000000008fd00000| Untracked 
| 254|0x000000008fe00000, 0x000000008fe00000, 0x000000008ff00000|  0%| F|  |TAMS 0x000000008fe00000, 0x000000008fe00000| Untracked 
| 255|0x000000008ff00000, 0x000000008ff00000, 0x0000000090000000|  0%| F|  |TAMS 0x000000008ff00000, 0x000000008ff00000| Untracked 
| 256|0x0000000090000000, 0x0000000090000000, 0x0000000090100000|  0%| F|  |TAMS 0x0000000090000000, 0x0000000090000000| Untracked 
| 257|0x0000000090100000, 0x0000000090100000, 0x0000000090200000|  0%| F|  |TAMS 0x0000000090100000, 0x0000000090100000| Untracked 
| 258|0x0000000090200000, 0x0000000090200000, 0x0000000090300000|  0%| F|  |TAMS 0x0000000090200000, 0x0000000090200000| Untracked 
| 259|0x0000000090300000, 0x0000000090300000, 0x0000000090400000|  0%| F|  |TAMS 0x0000000090300000, 0x0000000090300000| Untracked 
| 260|0x0000000090400000, 0x0000000090400000, 0x0000000090500000|  0%| F|  |TAMS 0x0000000090400000, 0x0000000090400000| Untracked 
| 261|0x0000000090500000, 0x0000000090500000, 0x0000000090600000|  0%| F|  |TAMS 0x0000000090500000, 0x0000000090500000| Untracked 
| 262|0x0000000090600000, 0x0000000090600000, 0x0000000090700000|  0%| F|  |TAMS 0x0000000090600000, 0x0000000090600000| Untracked 
| 263|0x0000000090700000, 0x0000000090700000, 0x0000000090800000|  0%| F|  |TAMS 0x0000000090700000, 0x0000000090700000| Untracked 
| 264|0x0000000090800000, 0x0000000090800000, 0x0000000090900000|  0%| F|  |TAMS 0x0000000090800000, 0x0000000090800000| Untracked 
| 265|0x0000000090900000, 0x0000000090a00000, 0x0000000090a00000|100%| S|CS|TAMS 0x0000000090900000, 0x0000000090900000| Complete 
| 266|0x0000000090a00000, 0x0000000090b00000, 0x0000000090b00000|100%| S|CS|TAMS 0x0000000090a00000, 0x0000000090a00000| Complete 
| 267|0x0000000090b00000, 0x0000000090c00000, 0x0000000090c00000|100%| S|CS|TAMS 0x0000000090b00000, 0x0000000090b00000| Complete 
| 268|0x0000000090c00000, 0x0000000090d00000, 0x0000000090d00000|100%| S|CS|TAMS 0x0000000090c00000, 0x0000000090c00000| Complete 
| 269|0x0000000090d00000, 0x0000000090e00000, 0x0000000090e00000|100%| S|CS|TAMS 0x0000000090d00000, 0x0000000090d00000| Complete 
| 270|0x0000000090e00000, 0x0000000090f00000, 0x0000000090f00000|100%| S|CS|TAMS 0x0000000090e00000, 0x0000000090e00000| Complete 
| 271|0x0000000090f00000, 0x0000000090f00000, 0x0000000091000000|  0%| F|  |TAMS 0x0000000090f00000, 0x0000000090f00000| Untracked 
| 272|0x0000000091000000, 0x0000000091000000, 0x0000000091100000|  0%| F|  |TAMS 0x0000000091000000, 0x0000000091000000| Untracked 
| 273|0x0000000091100000, 0x0000000091100000, 0x0000000091200000|  0%| F|  |TAMS 0x0000000091100000, 0x0000000091100000| Untracked 
| 274|0x0000000091200000, 0x0000000091200000, 0x0000000091300000|  0%| F|  |TAMS 0x0000000091200000, 0x0000000091200000| Untracked 
| 275|0x0000000091300000, 0x0000000091300000, 0x0000000091400000|  0%| F|  |TAMS 0x0000000091300000, 0x0000000091300000| Untracked 
| 276|0x0000000091400000, 0x0000000091400000, 0x0000000091500000|  0%| F|  |TAMS 0x0000000091400000, 0x0000000091400000| Untracked 
| 277|0x0000000091500000, 0x0000000091500000, 0x0000000091600000|  0%| F|  |TAMS 0x0000000091500000, 0x0000000091500000| Untracked 
| 278|0x0000000091600000, 0x0000000091600000, 0x0000000091700000|  0%| F|  |TAMS 0x0000000091600000, 0x0000000091600000| Untracked 
| 279|0x0000000091700000, 0x0000000091700000, 0x0000000091800000|  0%| F|  |TAMS 0x0000000091700000, 0x0000000091700000| Untracked 
| 280|0x0000000091800000, 0x0000000091800000, 0x0000000091900000|  0%| F|  |TAMS 0x0000000091800000, 0x0000000091800000| Untracked 
| 281|0x0000000091900000, 0x0000000091900000, 0x0000000091a00000|  0%| F|  |TAMS 0x0000000091900000, 0x0000000091900000| Untracked 
| 282|0x0000000091a00000, 0x0000000091a00000, 0x0000000091b00000|  0%| F|  |TAMS 0x0000000091a00000, 0x0000000091a00000| Untracked 
| 283|0x0000000091b00000, 0x0000000091b00000, 0x0000000091c00000|  0%| F|  |TAMS 0x0000000091b00000, 0x0000000091b00000| Untracked 
| 284|0x0000000091c00000, 0x0000000091c00000, 0x0000000091d00000|  0%| F|  |TAMS 0x0000000091c00000, 0x0000000091c00000| Untracked 
| 285|0x0000000091d00000, 0x0000000091d00000, 0x0000000091e00000|  0%| F|  |TAMS 0x0000000091d00000, 0x0000000091d00000| Untracked 
| 286|0x0000000091e00000, 0x0000000091e00000, 0x0000000091f00000|  0%| F|  |TAMS 0x0000000091e00000, 0x0000000091e00000| Untracked 
| 287|0x0000000091f00000, 0x0000000091f00000, 0x0000000092000000|  0%| F|  |TAMS 0x0000000091f00000, 0x0000000091f00000| Untracked 
| 288|0x0000000092000000, 0x0000000092000000, 0x0000000092100000|  0%| F|  |TAMS 0x0000000092000000, 0x0000000092000000| Untracked 
| 289|0x0000000092100000, 0x0000000092100000, 0x0000000092200000|  0%| F|  |TAMS 0x0000000092100000, 0x0000000092100000| Untracked 
| 290|0x0000000092200000, 0x0000000092200000, 0x0000000092300000|  0%| F|  |TAMS 0x0000000092200000, 0x0000000092200000| Untracked 
| 291|0x0000000092300000, 0x0000000092300000, 0x0000000092400000|  0%| F|  |TAMS 0x0000000092300000, 0x0000000092300000| Untracked 
| 292|0x0000000092400000, 0x0000000092400000, 0x0000000092500000|  0%| F|  |TAMS 0x0000000092400000, 0x0000000092400000| Untracked 
| 293|0x0000000092500000, 0x0000000092500000, 0x0000000092600000|  0%| F|  |TAMS 0x0000000092500000, 0x0000000092500000| Untracked 
| 294|0x0000000092600000, 0x0000000092600000, 0x0000000092700000|  0%| F|  |TAMS 0x0000000092600000, 0x0000000092600000| Untracked 
| 295|0x0000000092700000, 0x0000000092700000, 0x0000000092800000|  0%| F|  |TAMS 0x0000000092700000, 0x0000000092700000| Untracked 
| 296|0x0000000092800000, 0x0000000092800000, 0x0000000092900000|  0%| F|  |TAMS 0x0000000092800000, 0x0000000092800000| Untracked 
| 297|0x0000000092900000, 0x0000000092900000, 0x0000000092a00000|  0%| F|  |TAMS 0x0000000092900000, 0x0000000092900000| Untracked 
| 298|0x0000000092a00000, 0x0000000092a00000, 0x0000000092b00000|  0%| F|  |TAMS 0x0000000092a00000, 0x0000000092a00000| Untracked 
| 299|0x0000000092b00000, 0x0000000092b00000, 0x0000000092c00000|  0%| F|  |TAMS 0x0000000092b00000, 0x0000000092b00000| Untracked 
| 300|0x0000000092c00000, 0x0000000092c00000, 0x0000000092d00000|  0%| F|  |TAMS 0x0000000092c00000, 0x0000000092c00000| Untracked 
| 301|0x0000000092d00000, 0x0000000092d00000, 0x0000000092e00000|  0%| F|  |TAMS 0x0000000092d00000, 0x0000000092d00000| Untracked 
| 302|0x0000000092e00000, 0x0000000092e00000, 0x0000000092f00000|  0%| F|  |TAMS 0x0000000092e00000, 0x0000000092e00000| Untracked 
| 303|0x0000000092f00000, 0x0000000092f00000, 0x0000000093000000|  0%| F|  |TAMS 0x0000000092f00000, 0x0000000092f00000| Untracked 
| 304|0x0000000093000000, 0x0000000093000000, 0x0000000093100000|  0%| F|  |TAMS 0x0000000093000000, 0x0000000093000000| Untracked 
| 305|0x0000000093100000, 0x0000000093100000, 0x0000000093200000|  0%| F|  |TAMS 0x0000000093100000, 0x0000000093100000| Untracked 
| 306|0x0000000093200000, 0x0000000093200000, 0x0000000093300000|  0%| F|  |TAMS 0x0000000093200000, 0x0000000093200000| Untracked 
| 307|0x0000000093300000, 0x0000000093300000, 0x0000000093400000|  0%| F|  |TAMS 0x0000000093300000, 0x0000000093300000| Untracked 
| 308|0x0000000093400000, 0x0000000093400000, 0x0000000093500000|  0%| F|  |TAMS 0x0000000093400000, 0x0000000093400000| Untracked 
| 309|0x0000000093500000, 0x0000000093500000, 0x0000000093600000|  0%| F|  |TAMS 0x0000000093500000, 0x0000000093500000| Untracked 
| 310|0x0000000093600000, 0x0000000093600000, 0x0000000093700000|  0%| F|  |TAMS 0x0000000093600000, 0x0000000093600000| Untracked 
| 311|0x0000000093700000, 0x0000000093700000, 0x0000000093800000|  0%| F|  |TAMS 0x0000000093700000, 0x0000000093700000| Untracked 
| 312|0x0000000093800000, 0x0000000093800000, 0x0000000093900000|  0%| F|  |TAMS 0x0000000093800000, 0x0000000093800000| Untracked 
| 313|0x0000000093900000, 0x0000000093900000, 0x0000000093a00000|  0%| F|  |TAMS 0x0000000093900000, 0x0000000093900000| Untracked 
| 314|0x0000000093a00000, 0x0000000093a00000, 0x0000000093b00000|  0%| F|  |TAMS 0x0000000093a00000, 0x0000000093a00000| Untracked 
| 315|0x0000000093b00000, 0x0000000093b00000, 0x0000000093c00000|  0%| F|  |TAMS 0x0000000093b00000, 0x0000000093b00000| Untracked 
| 316|0x0000000093c00000, 0x0000000093c00000, 0x0000000093d00000|  0%| F|  |TAMS 0x0000000093c00000, 0x0000000093c00000| Untracked 
| 317|0x0000000093d00000, 0x0000000093d00000, 0x0000000093e00000|  0%| F|  |TAMS 0x0000000093d00000, 0x0000000093d00000| Untracked 
| 318|0x0000000093e00000, 0x0000000093e00000, 0x0000000093f00000|  0%| F|  |TAMS 0x0000000093e00000, 0x0000000093e00000| Untracked 
| 319|0x0000000093f00000, 0x0000000093f00000, 0x0000000094000000|  0%| F|  |TAMS 0x0000000093f00000, 0x0000000093f00000| Untracked 
| 320|0x0000000094000000, 0x0000000094000000, 0x0000000094100000|  0%| F|  |TAMS 0x0000000094000000, 0x0000000094000000| Untracked 
| 321|0x0000000094100000, 0x0000000094100000, 0x0000000094200000|  0%| F|  |TAMS 0x0000000094100000, 0x0000000094100000| Untracked 
| 322|0x0000000094200000, 0x0000000094200000, 0x0000000094300000|  0%| F|  |TAMS 0x0000000094200000, 0x0000000094200000| Untracked 
| 323|0x0000000094300000, 0x0000000094300000, 0x0000000094400000|  0%| F|  |TAMS 0x0000000094300000, 0x0000000094300000| Untracked 
| 324|0x0000000094400000, 0x0000000094400000, 0x0000000094500000|  0%| F|  |TAMS 0x0000000094400000, 0x0000000094400000| Untracked 
| 325|0x0000000094500000, 0x0000000094500000, 0x0000000094600000|  0%| F|  |TAMS 0x0000000094500000, 0x0000000094500000| Untracked 
| 326|0x0000000094600000, 0x0000000094600000, 0x0000000094700000|  0%| F|  |TAMS 0x0000000094600000, 0x0000000094600000| Untracked 
| 327|0x0000000094700000, 0x0000000094700000, 0x0000000094800000|  0%| F|  |TAMS 0x0000000094700000, 0x0000000094700000| Untracked 
| 328|0x0000000094800000, 0x0000000094800000, 0x0000000094900000|  0%| F|  |TAMS 0x0000000094800000, 0x0000000094800000| Untracked 
| 329|0x0000000094900000, 0x0000000094900000, 0x0000000094a00000|  0%| F|  |TAMS 0x0000000094900000, 0x0000000094900000| Untracked 
| 330|0x0000000094a00000, 0x0000000094a00000, 0x0000000094b00000|  0%| F|  |TAMS 0x0000000094a00000, 0x0000000094a00000| Untracked 
| 331|0x0000000094b00000, 0x0000000094b00000, 0x0000000094c00000|  0%| F|  |TAMS 0x0000000094b00000, 0x0000000094b00000| Untracked 
| 332|0x0000000094c00000, 0x0000000094c00000, 0x0000000094d00000|  0%| F|  |TAMS 0x0000000094c00000, 0x0000000094c00000| Untracked 
| 333|0x0000000094d00000, 0x0000000094d00000, 0x0000000094e00000|  0%| F|  |TAMS 0x0000000094d00000, 0x0000000094d00000| Untracked 
| 334|0x0000000094e00000, 0x0000000094e00000, 0x0000000094f00000|  0%| F|  |TAMS 0x0000000094e00000, 0x0000000094e00000| Untracked 
| 335|0x0000000094f00000, 0x0000000094f00000, 0x0000000095000000|  0%| F|  |TAMS 0x0000000094f00000, 0x0000000094f00000| Untracked 
| 336|0x0000000095000000, 0x0000000095000000, 0x0000000095100000|  0%| F|  |TAMS 0x0000000095000000, 0x0000000095000000| Untracked 
| 337|0x0000000095100000, 0x0000000095100000, 0x0000000095200000|  0%| F|  |TAMS 0x0000000095100000, 0x0000000095100000| Untracked 
| 338|0x0000000095200000, 0x0000000095200000, 0x0000000095300000|  0%| F|  |TAMS 0x0000000095200000, 0x0000000095200000| Untracked 
| 339|0x0000000095300000, 0x0000000095300000, 0x0000000095400000|  0%| F|  |TAMS 0x0000000095300000, 0x0000000095300000| Untracked 
| 340|0x0000000095400000, 0x0000000095400000, 0x0000000095500000|  0%| F|  |TAMS 0x0000000095400000, 0x0000000095400000| Untracked 
| 341|0x0000000095500000, 0x0000000095500000, 0x0000000095600000|  0%| F|  |TAMS 0x0000000095500000, 0x0000000095500000| Untracked 
| 342|0x0000000095600000, 0x0000000095600000, 0x0000000095700000|  0%| F|  |TAMS 0x0000000095600000, 0x0000000095600000| Untracked 
| 343|0x0000000095700000, 0x0000000095700000, 0x0000000095800000|  0%| F|  |TAMS 0x0000000095700000, 0x0000000095700000| Untracked 
| 344|0x0000000095800000, 0x0000000095800000, 0x0000000095900000|  0%| F|  |TAMS 0x0000000095800000, 0x0000000095800000| Untracked 
| 345|0x0000000095900000, 0x0000000095900000, 0x0000000095a00000|  0%| F|  |TAMS 0x0000000095900000, 0x0000000095900000| Untracked 
| 346|0x0000000095a00000, 0x0000000095a00000, 0x0000000095b00000|  0%| F|  |TAMS 0x0000000095a00000, 0x0000000095a00000| Untracked 
| 347|0x0000000095b00000, 0x0000000095b00000, 0x0000000095c00000|  0%| F|  |TAMS 0x0000000095b00000, 0x0000000095b00000| Untracked 
| 348|0x0000000095c00000, 0x0000000095c00000, 0x0000000095d00000|  0%| F|  |TAMS 0x0000000095c00000, 0x0000000095c00000| Untracked 
| 349|0x0000000095d00000, 0x0000000095d00000, 0x0000000095e00000|  0%| F|  |TAMS 0x0000000095d00000, 0x0000000095d00000| Untracked 
| 350|0x0000000095e00000, 0x0000000095e00000, 0x0000000095f00000|  0%| F|  |TAMS 0x0000000095e00000, 0x0000000095e00000| Untracked 
| 351|0x0000000095f00000, 0x0000000095f00000, 0x0000000096000000|  0%| F|  |TAMS 0x0000000095f00000, 0x0000000095f00000| Untracked 
| 352|0x0000000096000000, 0x0000000096000000, 0x0000000096100000|  0%| F|  |TAMS 0x0000000096000000, 0x0000000096000000| Untracked 
| 353|0x0000000096100000, 0x0000000096100000, 0x0000000096200000|  0%| F|  |TAMS 0x0000000096100000, 0x0000000096100000| Untracked 
| 354|0x0000000096200000, 0x0000000096200000, 0x0000000096300000|  0%| F|  |TAMS 0x0000000096200000, 0x0000000096200000| Untracked 
| 355|0x0000000096300000, 0x0000000096300000, 0x0000000096400000|  0%| F|  |TAMS 0x0000000096300000, 0x0000000096300000| Untracked 
| 356|0x0000000096400000, 0x0000000096400000, 0x0000000096500000|  0%| F|  |TAMS 0x0000000096400000, 0x0000000096400000| Untracked 
| 357|0x0000000096500000, 0x0000000096500000, 0x0000000096600000|  0%| F|  |TAMS 0x0000000096500000, 0x0000000096500000| Untracked 

Card table byte_map: [0x000001c721d50000,0x000001c722150000] _byte_map_base: 0x000001c721950000

Marking Bits (Prev, Next): (CMBitMap*) 0x000001c70e695f88, (CMBitMap*) 0x000001c70e695fc0
 Prev Bits: [0x000001c722550000, 0x000001c724550000)
 Next Bits: [0x000001c724550000, 0x000001c726550000)

Polling page: 0x000001c70ddb0000

Metaspace:

Usage:
  Non-class:     90.33 MB capacity,    88.73 MB ( 98%) used,     1.27 MB (  1%) free+waste,   339.44 KB ( <1%) overhead. 
      Class:     14.08 MB capacity,    13.08 MB ( 93%) used,   870.46 KB (  6%) free+waste,   148.25 KB (  1%) overhead. 
       Both:    104.41 MB capacity,   101.81 MB ( 98%) used,     2.12 MB (  2%) free+waste,   487.69 KB ( <1%) overhead. 

Virtual space:
  Non-class space:       92.00 MB reserved,      91.75 MB (>99%) committed 
      Class space:        1.00 GB reserved,      15.00 MB (  1%) committed 
             Both:        1.09 GB reserved,     106.75 MB ( 10%) committed 

Chunk freelists:
   Non-Class:  1.23 MB
       Class:  851.00 KB
        Both:  2.06 MB

MaxMetaspaceSize: 17179869184.00 GB
CompressedClassSpaceSize: 1.00 GB

CodeHeap 'non-profiled nmethods': size=119168Kb used=8650Kb max_used=8650Kb free=110517Kb
 bounds [0x000001c719c70000, 0x000001c71a4f0000, 0x000001c7210d0000]
CodeHeap 'profiled nmethods': size=119168Kb used=39228Kb max_used=39228Kb free=79939Kb
 bounds [0x000001c712810000, 0x000001c714e60000, 0x000001c719c70000]
CodeHeap 'non-nmethods': size=7424Kb used=3454Kb max_used=3539Kb free=3969Kb
 bounds [0x000001c7120d0000, 0x000001c712450000, 0x000001c712810000]
 total_blobs=17464 nmethods=16538 adapters=832
 compilation: enabled
              stopped_count=0, restarted_count=0
 full_count=0

Compilation events (20 events):
Event: 33.449 Thread 0x000001c729f51800 nmethod 17265 0x000001c714e5c090 code [0x000001c714e5c240, 0x000001c714e5c338]
Event: 33.449 Thread 0x000001c729f51800 17266       2       com.android.tools.r8.internal.i0$b::size (8 bytes)
Event: 33.449 Thread 0x000001c729f51800 nmethod 17266 0x000001c714e5c410 code [0x000001c714e5c5c0, 0x000001c714e5c6e8]
Event: 33.449 Thread 0x000001c729f51800 17267       2       com.android.tools.r8.internal.b0::b (10 bytes)
Event: 33.449 Thread 0x000001c729f51800 nmethod 17267 0x000001c714e5c790 code [0x000001c714e5c940, 0x000001c714e5ca68]
Event: 33.449 Thread 0x000001c729f51800 17268       1       com.android.tools.r8.internal.FA::size (5 bytes)
Event: 33.449 Thread 0x000001c729f51800 nmethod 17268 0x000001c71a4e2290 code [0x000001c71a4e2440, 0x000001c71a4e24f8]
Event: 33.449 Thread 0x000001c729f51800 17269       2       com.android.tools.r8.internal.Mf$a::<init> (6 bytes)
Event: 33.449 Thread 0x000001c729f51800 nmethod 17269 0x000001c714e5cb10 code [0x000001c714e5ccc0, 0x000001c714e5ce18]
Event: 33.449 Thread 0x000001c729f51800 17270       1       com.android.tools.r8.internal.Pf::g (5 bytes)
Event: 33.451 Thread 0x000001c72ca74800 nmethod 17247 0x000001c714e5ce90 code [0x000001c714e5d080, 0x000001c714e5d508]
Event: 33.451 Thread 0x000001c72ca74800 17271       1       com.android.tools.r8.internal.FA::a (5 bytes)
Event: 33.451 Thread 0x000001c72ca74800 nmethod 17271 0x000001c71a4e2590 code [0x000001c71a4e2740, 0x000001c71a4e27d8]
Event: 33.452 Thread 0x000001c72ca74800 17272       2       com.android.tools.r8.internal.af::<init> (11 bytes)
Event: 33.452 Thread 0x000001c7326b6000 nmethod 17246 0x000001c714e5d810 code [0x000001c714e5dae0, 0x000001c714e5e398]
Event: 33.452 Thread 0x000001c7326b6000 17273       2       com.android.tools.r8.internal.gk::<init> (7 bytes)
Event: 33.452 Thread 0x000001c72ca74800 nmethod 17272 0x000001c714e5eb90 code [0x000001c714e5ed40, 0x000001c714e5eec8]
Event: 33.452 Thread 0x000001c7326b6000 nmethod 17273 0x000001c714e5ef90 code [0x000001c714e5f140, 0x000001c714e5f268]
Event: 33.452 Thread 0x000001c72ca74800 17274       2       com.android.tools.r8.internal.p4::a (61 bytes)
Event: 33.452 Thread 0x000001c7326b6000 17275       2       com.android.tools.r8.internal.Me::a (72 bytes)

GC Heap History (20 events):
Event: 31.644 GC heap after
{Heap after GC invocations=22 (full 0):
 garbage-first heap   total 258048K, used 145576K [0x0000000080000000, 0x0000000100000000)
  region size 1024K, 7 young (7168K), 7 survivors (7168K)
 Metaspace       used 102551K, capacity 106084K, committed 106240K, reserved 1140736K
  class space    used 13674K, capacity 15070K, committed 15104K, reserved 1048576K
}
Event: 31.911 GC heap before
{Heap before GC invocations=22 (full 0):
 garbage-first heap   total 258048K, used 207016K [0x0000000080000000, 0x0000000100000000)
  region size 1024K, 68 young (69632K), 7 survivors (7168K)
 Metaspace       used 102039K, capacity 105014K, committed 106496K, reserved 1140736K
  class space    used 13412K, capacity 14582K, committed 15104K, reserved 1048576K
}
Event: 31.921 GC heap after
{Heap after GC invocations=23 (full 0):
 garbage-first heap   total 258048K, used 149804K [0x0000000080000000, 0x0000000100000000)
  region size 1024K, 5 young (5120K), 5 survivors (5120K)
 Metaspace       used 102039K, capacity 105014K, committed 106496K, reserved 1140736K
  class space    used 13412K, capacity 14582K, committed 15104K, reserved 1048576K
}
Event: 32.002 GC heap before
{Heap before GC invocations=24 (full 0):
 garbage-first heap   total 258048K, used 211244K [0x0000000080000000, 0x0000000100000000)
  region size 1024K, 66 young (67584K), 5 survivors (5120K)
 Metaspace       used 102277K, capacity 105289K, committed 106880K, reserved 1140736K
  class space    used 13459K, capacity 14655K, committed 15232K, reserved 1048576K
}
Event: 32.010 GC heap after
{Heap after GC invocations=25 (full 0):
 garbage-first heap   total 258048K, used 152929K [0x0000000080000000, 0x0000000100000000)
  region size 1024K, 8 young (8192K), 8 survivors (8192K)
 Metaspace       used 102277K, capacity 105289K, committed 106880K, reserved 1140736K
  class space    used 13459K, capacity 14655K, committed 15232K, reserved 1048576K
}
Event: 32.107 GC heap before
{Heap before GC invocations=25 (full 0):
 garbage-first heap   total 258048K, used 213345K [0x0000000080000000, 0x0000000100000000)
  region size 1024K, 68 young (69632K), 8 survivors (8192K)
 Metaspace       used 102625K, capacity 105707K, committed 107136K, reserved 1140736K
  class space    used 13497K, capacity 14708K, committed 15232K, reserved 1048576K
}
Event: 32.116 GC heap after
{Heap after GC invocations=26 (full 0):
 garbage-first heap   total 258048K, used 155993K [0x0000000080000000, 0x0000000100000000)
  region size 1024K, 7 young (7168K), 7 survivors (7168K)
 Metaspace       used 102625K, capacity 105707K, committed 107136K, reserved 1140736K
  class space    used 13497K, capacity 14708K, committed 15232K, reserved 1048576K
}
Event: 32.350 GC heap before
{Heap before GC invocations=26 (full 0):
 garbage-first heap   total 258048K, used 216409K [0x0000000080000000, 0x0000000100000000)
  region size 1024K, 66 young (67584K), 7 survivors (7168K)
 Metaspace       used 102684K, capacity 105241K, committed 107904K, reserved 1142784K
  class space    used 13258K, capacity 14236K, committed 15232K, reserved 1048576K
}
Event: 32.360 GC heap after
{Heap after GC invocations=27 (full 0):
 garbage-first heap   total 258048K, used 160859K [0x0000000080000000, 0x0000000100000000)
  region size 1024K, 8 young (8192K), 8 survivors (8192K)
 Metaspace       used 102684K, capacity 105241K, committed 107904K, reserved 1142784K
  class space    used 13258K, capacity 14236K, committed 15232K, reserved 1048576K
}
Event: 32.477 GC heap before
{Heap before GC invocations=28 (full 0):
 garbage-first heap   total 258048K, used 216155K [0x0000000080000000, 0x0000000100000000)
  region size 1024K, 63 young (64512K), 8 survivors (8192K)
 Metaspace       used 103504K, capacity 106239K, committed 108416K, reserved 1142784K
  class space    used 13392K, capacity 14443K, committed 15232K, reserved 1048576K
}
Event: 32.486 GC heap after
{Heap after GC invocations=29 (full 0):
 garbage-first heap   total 258048K, used 168448K [0x0000000080000000, 0x0000000100000000)
  region size 1024K, 8 young (8192K), 8 survivors (8192K)
 Metaspace       used 103504K, capacity 106239K, committed 108416K, reserved 1142784K
  class space    used 13392K, capacity 14443K, committed 15232K, reserved 1048576K
}
Event: 32.577 GC heap before
{Heap before GC invocations=29 (full 0):
 garbage-first heap   total 258048K, used 215552K [0x0000000080000000, 0x0000000100000000)
  region size 1024K, 55 young (56320K), 8 survivors (8192K)
 Metaspace       used 103813K, capacity 106535K, committed 108672K, reserved 1142784K
  class space    used 13414K, capacity 14469K, committed 15232K, reserved 1048576K
}
Event: 32.590 GC heap after
{Heap after GC invocations=30 (full 0):
 garbage-first heap   total 366592K, used 172792K [0x0000000080000000, 0x0000000100000000)
  region size 1024K, 6 young (6144K), 6 survivors (6144K)
 Metaspace       used 103813K, capacity 106535K, committed 108672K, reserved 1142784K
  class space    used 13414K, capacity 14469K, committed 15232K, reserved 1048576K
}
Event: 32.912 GC heap before
{Heap before GC invocations=31 (full 0):
 garbage-first heap   total 366592K, used 269048K [0x0000000080000000, 0x0000000100000000)
  region size 1024K, 101 young (103424K), 6 survivors (6144K)
 Metaspace       used 104132K, capacity 106900K, committed 109056K, reserved 1142784K
  class space    used 13405K, capacity 14461K, committed 15360K, reserved 1048576K
}
Event: 32.920 GC heap after
{Heap after GC invocations=32 (full 0):
 garbage-first heap   total 366592K, used 175461K [0x0000000080000000, 0x0000000100000000)
  region size 1024K, 8 young (8192K), 8 survivors (8192K)
 Metaspace       used 104132K, capacity 106900K, committed 109056K, reserved 1142784K
  class space    used 13405K, capacity 14461K, committed 15360K, reserved 1048576K
}
Event: 33.143 GC heap before
{Heap before GC invocations=32 (full 0):
 garbage-first heap   total 366592K, used 275813K [0x0000000080000000, 0x0000000100000000)
  region size 1024K, 107 young (109568K), 8 survivors (8192K)
 Metaspace       used 104192K, capacity 106980K, committed 109056K, reserved 1142784K
  class space    used 13407K, capacity 14463K, committed 15360K, reserved 1048576K
}
Event: 33.162 GC heap after
{Heap after GC invocations=33 (full 0):
 garbage-first heap   total 366592K, used 188433K [0x0000000080000000, 0x0000000100000000)
  region size 1024K, 14 young (14336K), 14 survivors (14336K)
 Metaspace       used 104192K, capacity 106980K, committed 109056K, reserved 1142784K
  class space    used 13407K, capacity 14463K, committed 15360K, reserved 1048576K
}
Event: 33.345 GC heap before
{Heap before GC invocations=33 (full 0):
 garbage-first heap   total 366592K, used 281617K [0x0000000080000000, 0x0000000100000000)
  region size 1024K, 107 young (109568K), 14 survivors (14336K)
 Metaspace       used 104192K, capacity 106913K, committed 109312K, reserved 1142784K
  class space    used 13389K, capacity 14413K, committed 15360K, reserved 1048576K
}
Event: 33.357 GC heap after
{Heap after GC invocations=34 (full 0):
 garbage-first heap   total 366592K, used 198975K [0x0000000080000000, 0x0000000100000000)
  region size 1024K, 14 young (14336K), 14 survivors (14336K)
 Metaspace       used 104192K, capacity 106913K, committed 109312K, reserved 1142784K
  class space    used 13389K, capacity 14413K, committed 15360K, reserved 1048576K
}
Event: 33.453 GC heap before
{Heap before GC invocations=35 (full 0):
 garbage-first heap   total 366592K, used 287039K [0x0000000080000000, 0x0000000100000000)
  region size 1024K, 101 young (103424K), 14 survivors (14336K)
 Metaspace       used 104253K, capacity 106913K, committed 109312K, reserved 1142784K
  class space    used 13394K, capacity 14413K, committed 15360K, reserved 1048576K
}

Deoptimization events (20 events):
Event: 33.405 Thread 0x000001c72ead7000 DEOPT PACKING pc=0x000001c71a34d628 sp=0x0000007cb83f8e50
Event: 33.405 Thread 0x000001c72ead7000 DEOPT UNPACKING pc=0x000001c7120d83af sp=0x0000007cb83f8df0 mode 2
Event: 33.418 Thread 0x000001c72c63d000 DEOPT PACKING pc=0x000001c7149589aa sp=0x0000007cb8df9a30
Event: 33.418 Thread 0x000001c72c63d000 DEOPT UNPACKING pc=0x000001c7120f7c0e sp=0x0000007cb8df91c0 mode 0
Event: 33.425 Thread 0x000001c72ead7000 Uncommon trap: trap_request=0xffffff4d fr.pc=0x000001c71a349b4c relative=0x00000000000012ec
Event: 33.425 Thread 0x000001c72c63d000 DEOPT PACKING pc=0x000001c7149589aa sp=0x0000007cb8df9a30
Event: 33.425 Thread 0x000001c72c63d000 DEOPT UNPACKING pc=0x000001c7120f7c0e sp=0x0000007cb8df91c0 mode 0
Event: 33.428 Thread 0x000001c72ead7000 Uncommon trap: reason=unstable_if action=reinterpret pc=0x000001c71a349b4c method=java.util.concurrent.ConcurrentHashMap.transfer([Ljava/util/concurrent/ConcurrentHashMap$Node;[Ljava/util/concurrent/ConcurrentHashMap$Node;)V @ 352 c2
Event: 33.428 Thread 0x000001c72ead7000 DEOPT PACKING pc=0x000001c71a349b4c sp=0x0000007cb83f8cf0
Event: 33.428 Thread 0x000001c72ead7000 DEOPT UNPACKING pc=0x000001c7120d83af sp=0x0000007cb83f8c98 mode 2
Event: 33.431 Thread 0x000001c72ead8000 DEOPT PACKING pc=0x000001c7149589aa sp=0x0000007cb84f95e0
Event: 33.431 Thread 0x000001c72ead8000 DEOPT UNPACKING pc=0x000001c7120f7c0e sp=0x0000007cb84f8d70 mode 0
Event: 33.439 Thread 0x000001c72eada800 Uncommon trap: trap_request=0xffffff4d fr.pc=0x000001c71a44aa38 relative=0x00000000000000f8
Event: 33.439 Thread 0x000001c72eada800 Uncommon trap: reason=unstable_if action=reinterpret pc=0x000001c71a44aa38 method=com.android.tools.r8.internal.E9.a(C)Z @ 21 c2
Event: 33.439 Thread 0x000001c72eada800 DEOPT PACKING pc=0x000001c71a44aa38 sp=0x0000007cb85f98e0
Event: 33.439 Thread 0x000001c72eada800 DEOPT UNPACKING pc=0x000001c7120d83af sp=0x0000007cb85f97b0 mode 2
Event: 33.439 Thread 0x000001c72eada800 Uncommon trap: trap_request=0xffffff4d fr.pc=0x000001c71a448afc relative=0x000000000000005c
Event: 33.439 Thread 0x000001c72eada800 Uncommon trap: reason=unstable_if action=reinterpret pc=0x000001c71a448afc method=com.android.tools.r8.internal.E9.a(C)Z @ 21 c2
Event: 33.439 Thread 0x000001c72eada800 DEOPT PACKING pc=0x000001c71a448afc sp=0x0000007cb85f91e0
Event: 33.439 Thread 0x000001c72eada800 DEOPT UNPACKING pc=0x000001c7120d83af sp=0x0000007cb85f9170 mode 2

Classes redefined (0 events):
No events

Internal exceptions (20 events):
Event: 32.590 Thread 0x000001c72c63c000 Exception <a 'sun/nio/fs/WindowsException'{0x0000000096541e98}> (0x0000000096541e98) thrown at [./src/hotspot/share/prims/jni.cpp, line 615]
Event: 32.591 Thread 0x000001c72c638000 Exception <a 'sun/nio/fs/WindowsException'{0x0000000096560320}> (0x0000000096560320) thrown at [./src/hotspot/share/prims/jni.cpp, line 615]
Event: 32.591 Thread 0x000001c72eadc000 Exception <a 'sun/nio/fs/WindowsException'{0x00000000965651f0}> (0x00000000965651f0) thrown at [./src/hotspot/share/prims/jni.cpp, line 615]
Event: 32.592 Thread 0x000001c72ead6800 Exception <a 'sun/nio/fs/WindowsException'{0x000000009657a0c0}> (0x000000009657a0c0) thrown at [./src/hotspot/share/prims/jni.cpp, line 615]
Event: 32.594 Thread 0x000001c72eada800 Exception <a 'sun/nio/fs/WindowsException'{0x000000009659dcc8}> (0x000000009659dcc8) thrown at [./src/hotspot/share/prims/jni.cpp, line 615]
Event: 32.596 Thread 0x000001c72eadb000 Exception <a 'sun/nio/fs/WindowsException'{0x00000000965de078}> (0x00000000965de078) thrown at [./src/hotspot/share/prims/jni.cpp, line 615]
Event: 32.663 Thread 0x000001c72c63b800 Implicit null exception at 0x000001c71a4aeb58 to 0x000001c71a4af684
Event: 32.886 Thread 0x000001c72c63e800 Exception <a 'sun/nio/fs/WindowsException'{0x000000009254a648}> (0x000000009254a648) thrown at [./src/hotspot/share/prims/jni.cpp, line 615]
Event: 32.892 Thread 0x000001c72c63d000 Exception <a 'sun/nio/fs/WindowsException'{0x000000009459a6e8}> (0x000000009459a6e8) thrown at [./src/hotspot/share/prims/jni.cpp, line 615]
Event: 33.054 Thread 0x000001c72c63e000 Exception <a 'sun/nio/fs/WindowsException'{0x0000000093d45bc8}> (0x0000000093d45bc8) thrown at [./src/hotspot/share/prims/jni.cpp, line 615]
Event: 33.072 Thread 0x000001c72c63e000 Exception <a 'sun/nio/fs/WindowsException'{0x000000009335aa70}> (0x000000009335aa70) thrown at [./src/hotspot/share/prims/jni.cpp, line 615]
Event: 33.080 Thread 0x000001c72c638000 Exception <a 'sun/nio/fs/WindowsException'{0x0000000093079098}> (0x0000000093079098) thrown at [./src/hotspot/share/prims/jni.cpp, line 615]
Event: 33.108 Thread 0x000001c72eada800 Exception <a 'sun/nio/fs/WindowsException'{0x0000000091dce018}> (0x0000000091dce018) thrown at [./src/hotspot/share/prims/jni.cpp, line 615]
Event: 33.121 Thread 0x000001c72c63a800 Exception <a 'sun/nio/fs/WindowsException'{0x00000000914a2c70}> (0x00000000914a2c70) thrown at [./src/hotspot/share/prims/jni.cpp, line 615]
Event: 33.188 Thread 0x000001c72c63c000 Exception <a 'sun/nio/fs/WindowsException'{0x0000000095d99390}> (0x0000000095d99390) thrown at [./src/hotspot/share/prims/jni.cpp, line 615]
Event: 33.204 Thread 0x000001c72eadd000 Exception <a 'java/lang/NoSuchMethodError'{0x0000000094dcb3f8}: 'int java.lang.invoke.DirectMethodHandle$Holder.invokeInterface(java.lang.Object, java.lang.Object, int)'> (0x0000000094dcb3f8) thrown at [./src/hotspot/share/interpreter/linkResolver.cpp, line 773]
Event: 33.277 Thread 0x000001c72c63d000 Exception <a 'sun/nio/fs/WindowsException'{0x0000000092e8aee0}> (0x0000000092e8aee0) thrown at [./src/hotspot/share/prims/jni.cpp, line 615]
Event: 33.280 Thread 0x000001c72c63c000 Exception <a 'sun/nio/fs/WindowsException'{0x0000000094266b60}> (0x0000000094266b60) thrown at [./src/hotspot/share/prims/jni.cpp, line 615]
Event: 33.282 Thread 0x000001c72ead8000 Exception <a 'sun/nio/fs/WindowsException'{0x0000000092d08cf0}> (0x0000000092d08cf0) thrown at [./src/hotspot/share/prims/jni.cpp, line 615]
Event: 33.293 Thread 0x000001c72ead7000 Exception <a 'sun/nio/fs/WindowsException'{0x00000000925c6a68}> (0x00000000925c6a68) thrown at [./src/hotspot/share/prims/jni.cpp, line 615]

Events (20 events):
Event: 33.372 Executing VM operation: ICBufferFull done
Event: 33.372 loading class com/android/tools/r8/internal/ah
Event: 33.372 loading class com/android/tools/r8/internal/ah done
Event: 33.373 loading class com/android/tools/r8/internal/Ug
Event: 33.373 loading class com/android/tools/r8/internal/Ug done
Event: 33.380 Executing VM operation: ICBufferFull
Event: 33.381 Executing VM operation: ICBufferFull done
Event: 33.395 Executing VM operation: ICBufferFull
Event: 33.398 Executing VM operation: ICBufferFull done
Event: 33.405 loading class java/util/concurrent/ConcurrentHashMap$TreeNode
Event: 33.411 loading class java/util/concurrent/ConcurrentHashMap$TreeNode done
Event: 33.411 loading class java/util/concurrent/ConcurrentHashMap$TreeBin
Event: 33.421 loading class java/util/concurrent/ConcurrentHashMap$TreeBin done
Event: 33.425 Executing VM operation: RevokeBias
Event: 33.428 Executing VM operation: RevokeBias done
Event: 33.436 loading class com/android/tools/r8/internal/ba
Event: 33.436 loading class com/android/tools/r8/internal/ba done
Event: 33.449 Executing VM operation: CGC_Operation
Event: 33.451 Executing VM operation: CGC_Operation done
Event: 33.453 Executing VM operation: G1CollectForAllocation


Dynamic libraries:
0x00007ff72d2b0000 - 0x00007ff72d2ba000 	C:\Program Files\Android\Android Studio\jre\bin\java.exe
0x00007ff999650000 - 0x00007ff999845000 	C:\Windows\SYSTEM32\ntdll.dll
0x00007ff997cc0000 - 0x00007ff997d7e000 	C:\Windows\System32\KERNEL32.DLL
0x00007ff996f70000 - 0x00007ff997238000 	C:\Windows\System32\KERNELBASE.dll
0x00007ff9972e0000 - 0x00007ff9973e0000 	C:\Windows\System32\ucrtbase.dll
0x00007ff97b0d0000 - 0x00007ff97b0e9000 	C:\Program Files\Android\Android Studio\jre\bin\jli.dll
0x00007ff97b0b0000 - 0x00007ff97b0c7000 	C:\Program Files\Android\Android Studio\jre\bin\VCRUNTIME140.dll
0x00007ff997b20000 - 0x00007ff997cc0000 	C:\Windows\System32\USER32.dll
0x00007ff9975d0000 - 0x00007ff9975f2000 	C:\Windows\System32\win32u.dll
0x00007ff998830000 - 0x00007ff99885b000 	C:\Windows\System32\GDI32.dll
0x00007ff996e60000 - 0x00007ff996f6b000 	C:\Windows\System32\gdi32full.dll
0x00007ff996dc0000 - 0x00007ff996e5d000 	C:\Windows\System32\msvcp_win.dll
0x00007ff987cc0000 - 0x00007ff987f5a000 	C:\Windows\WinSxS\amd64_microsoft.windows.common-controls_6595b64144ccf1df_6.0.19041.1110_none_60b5254171f9507e\COMCTL32.dll
0x00007ff997ec0000 - 0x00007ff997f5e000 	C:\Windows\System32\msvcrt.dll
0x00007ff9989b0000 - 0x00007ff9989e0000 	C:\Windows\System32\IMM32.DLL
0x00007ff98bd10000 - 0x00007ff98bf12000 	C:\Windows\system32\tmumh\20019\AddOn\8.53.0.1128\TmUmEvt64.dll
0x00007ff998110000 - 0x00007ff998118000 	C:\Windows\System32\PSAPI.DLL
0x00007ff998430000 - 0x00007ff9984de000 	C:\Windows\System32\ADVAPI32.dll
0x00007ff9991b0000 - 0x00007ff99924c000 	C:\Windows\System32\sechost.dll
0x00007ff998120000 - 0x00007ff998245000 	C:\Windows\System32\RPCRT4.dll
0x00000000525f0000 - 0x0000000052760000 	C:\Windows\system32\tmumh\20019\TmMon\2.8.0.1054\tmmon64.dll
0x00007ff95b080000 - 0x00007ff95b11d000 	C:\Program Files\Android\Android Studio\jre\bin\msvcp140.dll
0x00007ff932330000 - 0x00007ff932e05000 	C:\Program Files\Android\Android Studio\jre\bin\server\jvm.dll
0x00007ff981950000 - 0x00007ff981959000 	C:\Windows\SYSTEM32\WSOCK32.dll
0x00007ff998610000 - 0x00007ff99867b000 	C:\Windows\System32\WS2_32.dll
0x00007ff98c710000 - 0x00007ff98c737000 	C:\Windows\SYSTEM32\WINMM.dll
0x00007ff98b880000 - 0x00007ff98b88a000 	C:\Windows\SYSTEM32\VERSION.dll
0x00007ff995640000 - 0x00007ff995652000 	C:\Windows\SYSTEM32\kernel.appcore.dll
0x00007ff98e380000 - 0x00007ff98e391000 	C:\Program Files\Android\Android Studio\jre\bin\verify.dll
0x00007ff994b00000 - 0x00007ff994ce4000 	C:\Windows\SYSTEM32\DBGHELP.DLL
0x00007ff98c6e0000 - 0x00007ff98c70c000 	C:\Windows\SYSTEM32\dbgcore.DLL
0x00007ff9973e0000 - 0x00007ff997462000 	C:\Windows\System32\bcryptPrimitives.dll
0x00007ff97ccb0000 - 0x00007ff97ccd9000 	C:\Program Files\Android\Android Studio\jre\bin\java.dll
0x00007ff993d30000 - 0x00007ff993d3b000 	C:\Program Files\Android\Android Studio\jre\bin\jimage.dll
0x00007ff98e350000 - 0x00007ff98e368000 	C:\Program Files\Android\Android Studio\jre\bin\zip.dll
0x00007ff998a40000 - 0x00007ff999184000 	C:\Windows\System32\SHELL32.dll
0x00007ff994cf0000 - 0x00007ff995484000 	C:\Windows\SYSTEM32\windows.storage.dll
0x00007ff9992b0000 - 0x00007ff999604000 	C:\Windows\System32\combase.dll
0x00007ff996760000 - 0x00007ff99678c000 	C:\Windows\SYSTEM32\Wldp.dll
0x00007ff998380000 - 0x00007ff99842d000 	C:\Windows\System32\SHCORE.dll
0x00007ff997d80000 - 0x00007ff997dd5000 	C:\Windows\System32\shlwapi.dll
0x00007ff996cb0000 - 0x00007ff996ccf000 	C:\Windows\SYSTEM32\profapi.dll
0x00007ff9899b0000 - 0x00007ff9899ca000 	C:\Program Files\Android\Android Studio\jre\bin\net.dll
0x00007ff990fd0000 - 0x00007ff9910d9000 	C:\Windows\SYSTEM32\WINHTTP.dll
0x00007ff996460000 - 0x00007ff9964ca000 	C:\Windows\system32\mswsock.dll
0x00007ff97cdd0000 - 0x00007ff97cde4000 	C:\Program Files\Android\Android Studio\jre\bin\nio.dll
0x00007ff94b760000 - 0x00007ff94b787000 	C:\Users\keerthi-con927\.gradle\native\8bec1ad78214c89d9ad589b4d07fe93259594b29d510b10fafb7a158f7737e5d\windows-amd64\native-platform.dll
0x00007ff919b60000 - 0x00007ff919c9d000 	C:\Users\keerthi-con927\.gradle\native\53dbd7edfb1c66fb8903c78663c9afc45aea4f116125fa6feffd364cf09443e8\windows-amd64\native-platform-file-events.dll
0x00007ff98cde0000 - 0x00007ff98cdea000 	C:\Program Files\Android\Android Studio\jre\bin\management.dll
0x00007ff987200000 - 0x00007ff98720d000 	C:\Program Files\Android\Android Studio\jre\bin\management_ext.dll
0x00007ff996660000 - 0x00007ff996678000 	C:\Windows\SYSTEM32\CRYPTSP.dll
0x00007ff995de0000 - 0x00007ff995e14000 	C:\Windows\system32\rsaenh.dll
0x00007ff997240000 - 0x00007ff997267000 	C:\Windows\System32\bcrypt.dll
0x00007ff996c70000 - 0x00007ff996c9e000 	C:\Windows\SYSTEM32\USERENV.dll
0x00007ff996650000 - 0x00007ff99665c000 	C:\Windows\SYSTEM32\CRYPTBASE.dll
0x00007ff996150000 - 0x00007ff99618b000 	C:\Windows\SYSTEM32\IPHLPAPI.DLL
0x00007ff9988f0000 - 0x00007ff9988f8000 	C:\Windows\System32\NSI.dll
0x00007ff98f4e0000 - 0x00007ff98f4f7000 	C:\Windows\SYSTEM32\dhcpcsvc6.DLL
0x00007ff98f4b0000 - 0x00007ff98f4cd000 	C:\Windows\SYSTEM32\dhcpcsvc.DLL
0x00007ff9961e0000 - 0x00007ff9962aa000 	C:\Windows\SYSTEM32\DNSAPI.dll

dbghelp: loaded successfully - version: 4.0.5 - missing functions: none
symbol engine: initialized successfully - sym options: 0x614 - pdb path: .;C:\Program Files\Android\Android Studio\jre\bin;C:\Windows\SYSTEM32;C:\Windows\WinSxS\amd64_microsoft.windows.common-controls_6595b64144ccf1df_6.0.19041.1110_none_60b5254171f9507e;C:\Windows\system32\tmumh\20019\AddOn\8.53.0.1128;C:\Windows\system32\tmumh\20019\TmMon\2.8.0.1054;C:\Program Files\Android\Android Studio\jre\bin\server;C:\Users\keerthi-con927\.gradle\native\8bec1ad78214c89d9ad589b4d07fe93259594b29d510b10fafb7a158f7737e5d\windows-amd64;C:\Users\keerthi-con927\.gradle\native\53dbd7edfb1c66fb8903c78663c9afc45aea4f116125fa6feffd364cf09443e8\windows-amd64

VM Arguments:
jvm_args: --add-opens=java.base/java.util=ALL-UNNAMED --add-opens=java.base/java.lang=ALL-UNNAMED --add-opens=java.base/java.lang.invoke=ALL-UNNAMED --add-opens=java.base/java.util=ALL-UNNAMED --add-opens=java.prefs/java.util.prefs=ALL-UNNAMED --add-opens=java.prefs/java.util.prefs=ALL-UNNAMED --add-opens=java.base/java.nio.charset=ALL-UNNAMED --add-opens=java.base/java.net=ALL-UNNAMED --add-opens=java.base/java.util.concurrent.atomic=ALL-UNNAMED -Xmx2048m -Dfile.encoding=UTF-8 -Duser.country=IN -Duser.language=en -Duser.variant 
java_command: org.gradle.launcher.daemon.bootstrap.GradleDaemon 7.0.2
java_class_path (initial): C:\Users\keerthi-con927\.gradle\wrapper\dists\gradle-7.0.2-bin\857tjihv64xamwrf0h14cai3r\gradle-7.0.2\lib\gradle-launcher-7.0.2.jar
Launcher Type: SUN_STANDARD

[Global flags]
     intx CICompilerCount                          = 12                                        {product} {ergonomic}
     uint ConcGCThreads                            = 3                                         {product} {ergonomic}
     uint G1ConcRefinementThreads                  = 13                                        {product} {ergonomic}
   size_t G1HeapRegionSize                         = 1048576                                   {product} {ergonomic}
    uintx GCDrainStackTargetSize                   = 64                                        {product} {ergonomic}
   size_t InitialHeapSize                          = 264241152                                 {product} {ergonomic}
   size_t MarkStackSize                            = 4194304                                   {product} {ergonomic}
   size_t MaxHeapSize                              = 2147483648                                {product} {command line}
   size_t MaxNewSize                               = 1287651328                                {product} {ergonomic}
   size_t MinHeapDeltaBytes                        = 1048576                                   {product} {ergonomic}
    uintx NonNMethodCodeHeapSize                   = 7594288                                {pd product} {ergonomic}
    uintx NonProfiledCodeHeapSize                  = 122031976                              {pd product} {ergonomic}
    uintx ProfiledCodeHeapSize                     = 122031976                              {pd product} {ergonomic}
    uintx ReservedCodeCacheSize                    = 251658240                              {pd product} {ergonomic}
     bool SegmentedCodeCache                       = true                                      {product} {ergonomic}
     bool UseCompressedClassPointers               = true                                 {lp64_product} {ergonomic}
     bool UseCompressedOops                        = true                                 {lp64_product} {ergonomic}
     bool UseG1GC                                  = true                                      {product} {ergonomic}
     bool UseLargePagesIndividualAllocation        = false                                  {pd product} {ergonomic}

Logging:
Log output configuration:
 #0: stdout all=warning uptime,level,tags
 #1: stderr all=off uptime,level,tags

Environment Variables:
PATH=C:\Program Files (x86)\Common Files\Oracle\Java\javapath;C:\Windows\system32;C:\Windows;C:\Windows\System32\Wbem;C:\Windows\System32\WindowsPowerShell\v1.0\;C:\Windows\System32\OpenSSH\;C:\Program Files\Git\cmd;C:\Program Files\nodejs\;C:\Users\keerthi-con927\AppData\Local\Microsoft\WindowsApps;;C:\Program Files\JetBrains\IntelliJ IDEA Community Edition 2021.3.2\bin;;C:\Users\keerthi-con927\AppData\Local\Programs\Microsoft VS Code\bin;C:\Users\keerthi-con927\AppData\Roaming\npm
USERNAME=keerthi-con927
OS=Windows_NT
PROCESSOR_IDENTIFIER=Intel64 Family 6 Model 141 Stepping 1, GenuineIntel



---------------  S Y S T E M  ---------------

OS: Windows 10 , 64 bit Build 19041 (10.0.19041.1566)
OS uptime: 8 days 12:52 hours

CPU:total 16 (initial active 16) (8 cores per cpu, 2 threads per core) family 6 model 141 stepping 1 microcode 0x3c, cmov, cx8, fxsr, mmx, sse, sse2, sse3, ssse3, sse4.1, sse4.2, popcnt, avx, avx2, aes, clmul, erms, 3dnowpref, lzcnt, ht, tsc, tscinvbit, bmi1, bmi2, adx, evex, sha, fma

Memory: 4k page, system-wide physical 16103M (12M free)
TotalPageFile size 45555M (AvailPageFile size 15M)
current process WorkingSet (physical memory assigned to process): 746M, peak: 751M
current process commit charge ("private bytes"): 906M, peak: 1050M

vm_info: OpenJDK 64-Bit Server VM (11.0.11+9-b60-7590822) for windows-amd64 JRE (11.0.11+9-b60-7590822), built on Jul 29 2021 21:43:44 by "builder" with MS VC++ 14.0 (VS2015)

END.
