#
# There is insufficient memory for the Java Runtime Environment to continue.
# Native memory allocation (mmap) failed to map 321912832 bytes for Failed to commit area from 0x0000000093300000 to 0x00000000a6600000 of length 321912832.
# Possible reasons:
#   The system is out of physical RAM or swap space
#   The process is running with CompressedOops enabled, and the Java Heap may be blocking the growth of the native heap
# Possible solutions:
#   Reduce memory load on the system
#   Increase physical memory or swap space
#   Check if swap backing store is full
#   Decrease Java heap size (-Xmx/-Xms)
#   Decrease number of Java threads
#   Decrease Java thread stack sizes (-Xss)
#   Set larger code cache with -XX:ReservedCodeCacheSize=
#   JVM is running with Unscaled Compressed Oops mode in which the Java heap is
#     placed in the first 4GB address space. The Java Heap base address is the
#     maximum limit for the native heap growth. Please use -XX:HeapBaseMinAddress
#     to set the Java Heap base and to place the Java Heap above 4GB virtual address.
# This output file may be truncated or incomplete.
#
#  Out of Memory Error (./src/hotspot/os/windows/os_windows.cpp:3301), pid=36760, tid=34076
#
# JRE version: OpenJDK Runtime Environment (11.0.11+9) (build 11.0.11+9-b60-7590822)
# Java VM: OpenJDK 64-Bit Server VM (11.0.11+9-b60-7590822, mixed mode, tiered, compressed oops, g1 gc, windows-amd64)
# No core dump will be written. Minidumps are not enabled by default on client versions of Windows
#

---------------  S U M M A R Y ------------

Command Line: --add-opens=java.base/java.util=ALL-UNNAMED --add-opens=java.base/java.lang=ALL-UNNAMED --add-opens=java.base/java.lang.invoke=ALL-UNNAMED --add-opens=java.base/java.util=ALL-UNNAMED --add-opens=java.prefs/java.util.prefs=ALL-UNNAMED --add-opens=java.prefs/java.util.prefs=ALL-UNNAMED --add-opens=java.base/java.nio.charset=ALL-UNNAMED --add-opens=java.base/java.net=ALL-UNNAMED --add-opens=java.base/java.util.concurrent.atomic=ALL-UNNAMED -Xmx2048m -Dfile.encoding=UTF-8 -Duser.country=IN -Duser.language=en -Duser.variant org.gradle.launcher.daemon.bootstrap.GradleDaemon 7.0.2

Host: 11th Gen Intel(R) Core(TM) i7-11850H @ 2.50GHz, 16 cores, 15G,  Windows 10 , 64 bit Build 19041 (10.0.19041.1566)
Time: Tue Mar 22 11:11:34 2022 India Standard Time elapsed time: 16.244580 seconds (0d 0h 0m 16s)

---------------  T H R E A D  ---------------

Current thread (0x0000024149ca5800):  VMThread "VM Thread" [stack: 0x000000b0d9d00000,0x000000b0d9e00000] [id=34076]

Stack: [0x000000b0d9d00000,0x000000b0d9e00000]
[error occurred during error reporting (printing stack bounds), id 0xc0000005, EXCEPTION_ACCESS_VIOLATION (0xc0000005) at pc=0x0000024131ec10e7]

Native frames: (J=compiled Java code, j=interpreted, Vv=VM code, C=native code)
V  [jvm.dll+0x5f214a]
V  [jvm.dll+0x726fb5]
V  [jvm.dll+0x7285cd]
V  [jvm.dll+0x728be5]
V  [jvm.dll+0x728b9b]
V  [jvm.dll+0x5f14e8]
V  [jvm.dll+0x5f1c78]
C  [ntdll.dll+0xa20cf]
C  [ntdll.dll+0x51454]
C  [ntdll.dll+0xa0bfe]
C  0x0000024131ec10e7

VM_Operation (0x000000b0dd9f8990): G1CollectForAllocation, mode: safepoint, requested by thread 0x000002414ff18000


---------------  P R O C E S S  ---------------

Threads class SMR info:
_java_thread_list=0x000002415cdbd7a0, length=91, elements={
0x000002412e442800, 0x0000024149cac800, 0x0000024149cae800, 0x0000024149d0c800,
0x0000024149d10800, 0x0000024149d12000, 0x0000024149d1b000, 0x0000024149d20800,
0x0000024149d34000, 0x0000024149e68000, 0x0000024149e9b800, 0x000002414b193000,
0x0000024149e9a000, 0x0000024149e9a800, 0x0000024149e9c800, 0x0000024149ea0800,
0x0000024149e9d000, 0x0000024149e9e000, 0x0000024149e9f800, 0x0000024149e9e800,
0x000002414c325000, 0x000002414c327800, 0x000002414c326800, 0x000002414c324000,
0x000002414c326000, 0x000002414c328800, 0x000002414c329000, 0x000002414c323800,
0x000002414c32f000, 0x000002414c32a800, 0x000002414c32b800, 0x000002414c32d000,
0x000002414c32c800, 0x000002414e0de000, 0x000002414c32f800, 0x000002414c32a000,
0x000002414c332000, 0x000002414ff1a000, 0x000002414ff1a800, 0x000002414ff1b800,
0x000002414ff1c800, 0x000002414ff16800, 0x000002414ff1d000, 0x000002414ff17800,
0x000002414ff1e000, 0x000002414ff18000, 0x000002414ff1f000, 0x000002414ff19000,
0x000002414ff23800, 0x000002414ff23000, 0x000002414ff20800, 0x000002414ff22000,
0x000002414ff21000, 0x000002414ff24800, 0x000002414ff1f800, 0x000002414ff25800,
0x000002414f855800, 0x000002414f856800, 0x000002414f854000, 0x000002414f859000,
0x000002414f857800, 0x000002414f855000, 0x000002414f858000, 0x000002414f853000,
0x000002414f85c000, 0x000002414f85f800, 0x000002414f85a000, 0x000002414f85a800,
0x000002414f860800, 0x000002414f85e800, 0x000002414f85b800, 0x000002414f862000,
0x000002414f85d000, 0x000002414f85e000, 0x0000024149eba000, 0x0000024149ebd000,
0x0000024149ebc800, 0x0000024149ebb800, 0x0000024149ebe000, 0x0000024149eba800,
0x0000024149ec0800, 0x0000024149ec1000, 0x0000024149ec4800, 0x0000024149ec2000,
0x0000024149ec3000, 0x0000024149ebf800, 0x0000024149ec3800, 0x0000024149ec5800,
0x0000024149ec7800, 0x0000024149ec6000, 0x0000024149ec8800
}

Java Threads: ( => current thread )
  0x000002412e442800 JavaThread "main" [_thread_blocked, id=8276, stack(0x000000b0d9700000,0x000000b0d9800000)]
  0x0000024149cac800 JavaThread "Reference Handler" daemon [_thread_blocked, id=26428, stack(0x000000b0d9e00000,0x000000b0d9f00000)]
  0x0000024149cae800 JavaThread "Finalizer" daemon [_thread_blocked, id=35064, stack(0x000000b0d9f00000,0x000000b0da000000)]
  0x0000024149d0c800 JavaThread "Signal Dispatcher" daemon [_thread_blocked, id=23332, stack(0x000000b0da000000,0x000000b0da100000)]
  0x0000024149d10800 JavaThread "Attach Listener" daemon [_thread_blocked, id=21296, stack(0x000000b0da100000,0x000000b0da200000)]
  0x0000024149d12000 JavaThread "Service Thread" daemon [_thread_blocked, id=20352, stack(0x000000b0da200000,0x000000b0da300000)]
  0x0000024149d1b000 JavaThread "C2 CompilerThread0" daemon [_thread_blocked, id=31816, stack(0x000000b0da300000,0x000000b0da400000)]
  0x0000024149d20800 JavaThread "C1 CompilerThread0" daemon [_thread_blocked, id=26284, stack(0x000000b0da400000,0x000000b0da500000)]
  0x0000024149d34000 JavaThread "Sweeper thread" daemon [_thread_blocked, id=1260, stack(0x000000b0da500000,0x000000b0da600000)]
  0x0000024149e68000 JavaThread "C1 CompilerThread1" daemon [_thread_blocked, id=20848, stack(0x000000b0da600000,0x000000b0da700000)]
  0x0000024149e9b800 JavaThread "Common-Cleaner" daemon [_thread_blocked, id=14552, stack(0x000000b0da700000,0x000000b0da800000)]
  0x000002414b193000 JavaThread "C1 CompilerThread2" daemon [_thread_blocked, id=23256, stack(0x000000b0dae00000,0x000000b0daf00000)]
  0x0000024149e9a000 JavaThread "Daemon health stats" [_thread_blocked, id=35428, stack(0x000000b0daf00000,0x000000b0db000000)]
  0x0000024149e9a800 JavaThread "Incoming local TCP Connector on port 60276" [_thread_in_native, id=29560, stack(0x000000b0db000000,0x000000b0db100000)]
  0x0000024149e9c800 JavaThread "Daemon periodic checks" [_thread_blocked, id=17500, stack(0x000000b0db100000,0x000000b0db200000)]
  0x0000024149ea0800 JavaThread "Daemon" [_thread_blocked, id=8312, stack(0x000000b0db200000,0x000000b0db300000)]
  0x0000024149e9d000 JavaThread "Handler for socket connection from /127.0.0.1:60276 to /127.0.0.1:60277" [_thread_in_native, id=36984, stack(0x000000b0db300000,0x000000b0db400000)]
  0x0000024149e9e000 JavaThread "Cancel handler" [_thread_blocked, id=36596, stack(0x000000b0db400000,0x000000b0db500000)]
  0x0000024149e9f800 JavaThread "Daemon worker" [_thread_blocked, id=31800, stack(0x000000b0db500000,0x000000b0db600000)]
  0x0000024149e9e800 JavaThread "Asynchronous log dispatcher for DefaultDaemonConnection: socket connection from /127.0.0.1:60276 to /127.0.0.1:60277" [_thread_blocked, id=10816, stack(0x000000b0db600000,0x000000b0db700000)]
  0x000002414c325000 JavaThread "Stdin handler" [_thread_blocked, id=15204, stack(0x000000b0db700000,0x000000b0db800000)]
  0x000002414c327800 JavaThread "Daemon client event forwarder" [_thread_blocked, id=25836, stack(0x000000b0db800000,0x000000b0db900000)]
  0x000002414c326800 JavaThread "Cache worker for file hash cache (C:\Users\keerthi-con927\.gradle\caches\7.0.2\fileHashes)" [_thread_blocked, id=25160, stack(0x000000b0db900000,0x000000b0dba00000)]
  0x000002414c324000 JavaThread "File lock request listener" [_thread_in_native, id=23420, stack(0x000000b0dba00000,0x000000b0dbb00000)]
  0x000002414c326000 JavaThread "Cache worker for journal cache (C:\Users\keerthi-con927\.gradle\caches\journal-1)" [_thread_blocked, id=38324, stack(0x000000b0dc400000,0x000000b0dc500000)]
  0x000002414c328800 JavaThread "Cache worker for file hash cache (C:\Users\keerthi-con927\AndroidStudioProjects\algoliademo\.gradle\7.0.2\fileHashes)" [_thread_blocked, id=37504, stack(0x000000b0dc500000,0x000000b0dc600000)]
  0x000002414c329000 JavaThread "File watcher server" daemon [_thread_blocked, id=18180, stack(0x000000b0dc600000,0x000000b0dc700000)]
  0x000002414c323800 JavaThread "File watcher consumer" daemon [_thread_blocked, id=36812, stack(0x000000b0dc700000,0x000000b0dc800000)]
  0x000002414c32f000 JavaThread "Cache worker for checksums cache (C:\Users\keerthi-con927\AndroidStudioProjects\algoliademo\.gradle\checksums)" [_thread_blocked, id=38168, stack(0x000000b0dc800000,0x000000b0dc900000)]
  0x000002414c32a800 JavaThread "Cache worker for cache directory md-supplier (C:\Users\keerthi-con927\.gradle\caches\7.0.2\md-supplier)" [_thread_blocked, id=26288, stack(0x000000b0dc900000,0x000000b0dca00000)]
  0x000002414c32b800 JavaThread "Cache worker for cache directory md-rule (C:\Users\keerthi-con927\.gradle\caches\7.0.2\md-rule)" [_thread_blocked, id=38780, stack(0x000000b0dca00000,0x000000b0dcb00000)]
  0x000002414c32d000 JavaThread "Cache worker for execution history cache (C:\Users\keerthi-con927\.gradle\caches\7.0.2\executionHistory)" [_thread_blocked, id=13972, stack(0x000000b0dcb00000,0x000000b0dcc00000)]
  0x000002414c32c800 JavaThread "jar transforms" [_thread_blocked, id=31928, stack(0x000000b0dcc00000,0x000000b0dcd00000)]
  0x000002414e0de000 JavaThread "C2 CompilerThread1" daemon [_thread_blocked, id=34056, stack(0x000000b0dcd00000,0x000000b0dce00000)]
  0x000002414c32f800 JavaThread "jar transforms Thread 2" [_thread_blocked, id=38604, stack(0x000000b0dce00000,0x000000b0dcf00000)]
  0x000002414c32a000 JavaThread "Cache worker for file content cache (C:\Users\keerthi-con927\.gradle\caches\7.0.2\fileContent)" [_thread_blocked, id=2448, stack(0x000000b0dcf00000,0x000000b0dd000000)]
  0x000002414c332000 JavaThread "Cache worker for dependencies-accessors (C:\Users\keerthi-con927\AndroidStudioProjects\algoliademo\.gradle\7.0.2\dependencies-accessors)" [_thread_blocked, id=38196, stack(0x000000b0dd000000,0x000000b0dd100000)]
  0x000002414ff1a000 JavaThread "jar transforms Thread 3" [_thread_blocked, id=4196, stack(0x000000b0dd100000,0x000000b0dd200000)]
  0x000002414ff1a800 JavaThread "Cache worker for Build Output Cleanup Cache (C:\Users\keerthi-con927\AndroidStudioProjects\algoliademo\.gradle\buildOutputCleanup)" [_thread_blocked, id=22308, stack(0x000000b0dd200000,0x000000b0dd300000)]
  0x000002414ff1b800 JavaThread "Build operations" [_thread_blocked, id=21864, stack(0x000000b0dd300000,0x000000b0dd400000)]
  0x000002414ff1c800 JavaThread "Build operations Thread 2" [_thread_blocked, id=1884, stack(0x000000b0dd400000,0x000000b0dd500000)]
  0x000002414ff16800 JavaThread "Build operations Thread 3" [_thread_blocked, id=12376, stack(0x000000b0dd500000,0x000000b0dd600000)]
  0x000002414ff1d000 JavaThread "Build operations Thread 4" [_thread_blocked, id=38524, stack(0x000000b0dd600000,0x000000b0dd700000)]
  0x000002414ff17800 JavaThread "Build operations Thread 5" [_thread_blocked, id=8916, stack(0x000000b0dd700000,0x000000b0dd800000)]
  0x000002414ff1e000 JavaThread "Build operations Thread 6" [_thread_blocked, id=4732, stack(0x000000b0dd800000,0x000000b0dd900000)]
  0x000002414ff18000 JavaThread "Build operations Thread 7" [_thread_blocked, id=17996, stack(0x000000b0dd900000,0x000000b0dda00000)]
  0x000002414ff1f000 JavaThread "Build operations Thread 8" [_thread_blocked, id=38076, stack(0x000000b0dda00000,0x000000b0ddb00000)]
  0x000002414ff19000 JavaThread "Build operations Thread 9" [_thread_blocked, id=20960, stack(0x000000b0ddb00000,0x000000b0ddc00000)]
  0x000002414ff23800 JavaThread "Build operations Thread 10" [_thread_blocked, id=38832, stack(0x000000b0ddc00000,0x000000b0ddd00000)]
  0x000002414ff23000 JavaThread "Build operations Thread 11" [_thread_blocked, id=34940, stack(0x000000b0ddd00000,0x000000b0dde00000)]
  0x000002414ff20800 JavaThread "Build operations Thread 12" [_thread_blocked, id=11468, stack(0x000000b0dde00000,0x000000b0ddf00000)]
  0x000002414ff22000 JavaThread "Build operations Thread 13" [_thread_blocked, id=38256, stack(0x000000b0ddf00000,0x000000b0de000000)]
  0x000002414ff21000 JavaThread "Build operations Thread 14" [_thread_blocked, id=31648, stack(0x000000b0de000000,0x000000b0de100000)]
  0x000002414ff24800 JavaThread "Build operations Thread 15" [_thread_blocked, id=6636, stack(0x000000b0de100000,0x000000b0de200000)]
  0x000002414ff1f800 JavaThread "Build operations Thread 16" [_thread_blocked, id=18700, stack(0x000000b0de200000,0x000000b0de300000)]
  0x000002414ff25800 JavaThread "jar transforms Thread 4" [_thread_blocked, id=35912, stack(0x000000b0de300000,0x000000b0de400000)]
  0x000002414f855800 JavaThread "jar transforms Thread 5" [_thread_blocked, id=4780, stack(0x000000b0de400000,0x000000b0de500000)]
  0x000002414f856800 JavaThread "jar transforms Thread 6" [_thread_blocked, id=10708, stack(0x000000b0de500000,0x000000b0de600000)]
  0x000002414f854000 JavaThread "jar transforms Thread 7" [_thread_blocked, id=21208, stack(0x000000b0de600000,0x000000b0de700000)]
  0x000002414f859000 JavaThread "jar transforms Thread 8" [_thread_blocked, id=13676, stack(0x000000b0de700000,0x000000b0de800000)]
  0x000002414f857800 JavaThread "jar transforms Thread 9" [_thread_blocked, id=22136, stack(0x000000b0de800000,0x000000b0de900000)]
  0x000002414f855000 JavaThread "jar transforms Thread 10" [_thread_blocked, id=22412, stack(0x000000b0de900000,0x000000b0dea00000)]
  0x000002414f858000 JavaThread "jar transforms Thread 11" [_thread_blocked, id=37488, stack(0x000000b0dea00000,0x000000b0deb00000)]
  0x000002414f853000 JavaThread "jar transforms Thread 12" [_thread_blocked, id=10864, stack(0x000000b0deb00000,0x000000b0dec00000)]
  0x000002414f85c000 JavaThread "jar transforms Thread 13" [_thread_blocked, id=18768, stack(0x000000b0dec00000,0x000000b0ded00000)]
  0x000002414f85f800 JavaThread "jar transforms Thread 14" [_thread_blocked, id=37912, stack(0x000000b0ded00000,0x000000b0dee00000)]
  0x000002414f85a000 JavaThread "jar transforms Thread 15" [_thread_blocked, id=15468, stack(0x000000b0dee00000,0x000000b0def00000)]
  0x000002414f85a800 JavaThread "jar transforms Thread 16" [_thread_blocked, id=24980, stack(0x000000b0def00000,0x000000b0df000000)]
  0x000002414f860800 JavaThread "Memory manager" [_thread_blocked, id=37208, stack(0x000000b0df000000,0x000000b0df100000)]
  0x000002414f85e800 JavaThread "build event listener" [_thread_blocked, id=24228, stack(0x000000b0df100000,0x000000b0df200000)]
  0x000002414f85b800 JavaThread "build event listener" [_thread_blocked, id=13932, stack(0x000000b0df200000,0x000000b0df300000)]
  0x000002414f862000 JavaThread "Execution worker for ':'" [_thread_blocked, id=32408, stack(0x000000b0df300000,0x000000b0df400000)]
  0x000002414f85d000 JavaThread "Execution worker for ':' Thread 2" [_thread_blocked, id=18372, stack(0x000000b0df400000,0x000000b0df500000)]
  0x000002414f85e000 JavaThread "Execution worker for ':' Thread 3" [_thread_blocked, id=25016, stack(0x000000b0df500000,0x000000b0df600000)]
  0x0000024149eba000 JavaThread "Execution worker for ':' Thread 4" [_thread_blocked, id=17964, stack(0x000000b0df600000,0x000000b0df700000)]
  0x0000024149ebd000 JavaThread "Execution worker for ':' Thread 5" [_thread_blocked, id=21540, stack(0x000000b0df700000,0x000000b0df800000)]
  0x0000024149ebc800 JavaThread "Execution worker for ':' Thread 6" [_thread_blocked, id=25044, stack(0x000000b0df800000,0x000000b0df900000)]
  0x0000024149ebb800 JavaThread "Execution worker for ':' Thread 7" [_thread_blocked, id=16312, stack(0x000000b0df900000,0x000000b0dfa00000)]
  0x0000024149ebe000 JavaThread "Execution worker for ':' Thread 8" [_thread_blocked, id=17176, stack(0x000000b0dfa00000,0x000000b0dfb00000)]
  0x0000024149eba800 JavaThread "Execution worker for ':' Thread 9" [_thread_blocked, id=18192, stack(0x000000b0dfb00000,0x000000b0dfc00000)]
  0x0000024149ec0800 JavaThread "Execution worker for ':' Thread 10" [_thread_blocked, id=16768, stack(0x000000b0dfc00000,0x000000b0dfd00000)]
  0x0000024149ec1000 JavaThread "Execution worker for ':' Thread 11" [_thread_blocked, id=10124, stack(0x000000b0dfd00000,0x000000b0dfe00000)]
  0x0000024149ec4800 JavaThread "Execution worker for ':' Thread 12" [_thread_blocked, id=18812, stack(0x000000b0dfe00000,0x000000b0dff00000)]
  0x0000024149ec2000 JavaThread "Execution worker for ':' Thread 13" [_thread_blocked, id=16856, stack(0x000000b0dff00000,0x000000b0e0000000)]
  0x0000024149ec3000 JavaThread "Execution worker for ':' Thread 14" [_thread_blocked, id=37864, stack(0x000000b0e0000000,0x000000b0e0100000)]
  0x0000024149ebf800 JavaThread "Execution worker for ':' Thread 15" [_thread_blocked, id=21160, stack(0x000000b0e0100000,0x000000b0e0200000)]
  0x0000024149ec3800 JavaThread "Cache worker for execution history cache (C:\Users\keerthi-con927\AndroidStudioProjects\algoliademo\.gradle\7.0.2\executionHistory)" [_thread_blocked, id=31160, stack(0x000000b0e0200000,0x000000b0e0300000)]
  0x0000024149ec5800 JavaThread "WorkerExecutor Queue" [_thread_blocked, id=24368, stack(0x000000b0e0300000,0x000000b0e0400000)]
  0x0000024149ec7800 JavaThread "pool-3-thread-1" [_thread_blocked, id=36020, stack(0x000000b0e0400000,0x000000b0e0500000)]
  0x0000024149ec6000 JavaThread "stderr" [_thread_in_native, id=19608, stack(0x000000b0e0500000,0x000000b0e0600000)]
  0x0000024149ec8800 JavaThread "stdout" [_thread_in_native, id=27824, stack(0x000000b0e0600000,0x000000b0e0700000)]

Other Threads:
=>0x0000024149ca5800 VMThread "VM Thread" [stack: 0x000000b0d9d00000,0x000000b0d9e00000] [id=34076]
  0x0000024149f6a800 WatcherThread [stack: 0x000000b0da800000,0x000000b0da900000] [id=29220]
  0x000002412e45a000 GCTaskThread "GC Thread#0" [stack: 0x000000b0d9800000,0x000000b0d9900000] [id=24408]
  0x000002414a83a000 GCTaskThread "GC Thread#1" [stack: 0x000000b0da900000,0x000000b0daa00000] [id=4220]
  0x000002414a83b000 GCTaskThread "GC Thread#2" [stack: 0x000000b0daa00000,0x000000b0dab00000] [id=38000]
  0x000002414a9ea000 GCTaskThread "GC Thread#3" [stack: 0x000000b0dab00000,0x000000b0dac00000] [id=32848]
  0x000002414a9ea800 GCTaskThread "GC Thread#4" [stack: 0x000000b0dac00000,0x000000b0dad00000] [id=20404]
  0x000002414a9f4800 GCTaskThread "GC Thread#5" [stack: 0x000000b0dad00000,0x000000b0dae00000] [id=14012]
  0x000002414c483000 GCTaskThread "GC Thread#6" [stack: 0x000000b0dbb00000,0x000000b0dbc00000] [id=36904]
  0x000002414c455800 GCTaskThread "GC Thread#7" [stack: 0x000000b0dbc00000,0x000000b0dbd00000] [id=33496]
  0x000002414c386800 GCTaskThread "GC Thread#8" [stack: 0x000000b0dbd00000,0x000000b0dbe00000] [id=26788]
  0x000002414c42c800 GCTaskThread "GC Thread#9" [stack: 0x000000b0dbe00000,0x000000b0dbf00000] [id=29272]
  0x000002414c42d000 GCTaskThread "GC Thread#10" [stack: 0x000000b0dbf00000,0x000000b0dc000000] [id=30448]
  0x000002414c401800 GCTaskThread "GC Thread#11" [stack: 0x000000b0dc000000,0x000000b0dc100000] [id=28380]
  0x000002414c402000 GCTaskThread "GC Thread#12" [stack: 0x000000b0dc100000,0x000000b0dc200000] [id=37844]
  0x000002412e48c800 ConcurrentGCThread "G1 Main Marker" [stack: 0x000000b0d9900000,0x000000b0d9a00000] [id=26672]
  0x000002412e48f800 ConcurrentGCThread "G1 Conc#0" [stack: 0x000000b0d9a00000,0x000000b0d9b00000] [id=23040]
  0x000002414c2b9800 ConcurrentGCThread "G1 Conc#1" [stack: 0x000000b0dc200000,0x000000b0dc300000] [id=21584]
  0x000002414a827000 ConcurrentGCThread "G1 Conc#2" [stack: 0x000000b0dc300000,0x000000b0dc400000] [id=34960]
  0x0000024148961000 ConcurrentGCThread "G1 Refine#0" [stack: 0x000000b0d9b00000,0x000000b0d9c00000] [id=22328]
  0x000002415f36c000 ConcurrentGCThread "G1 Refine#1" [stack: 0x000000b0e0700000,0x000000b0e0800000] [id=17660]
  0x000002415f554800 ConcurrentGCThread "G1 Refine#2" [stack: 0x000000b0e0800000,0x000000b0e0900000] [id=35032]
  0x0000024155acb800 ConcurrentGCThread "G1 Refine#3" [stack: 0x000000b0e0900000,0x000000b0e0a00000] [id=9052]
  0x000002415f455800 ConcurrentGCThread "G1 Refine#4" [stack: 0x000000b0e0a00000,0x000000b0e0b00000] [id=21340]
  0x00000241514fa800 ConcurrentGCThread "G1 Refine#5" [stack: 0x000000b0e0b00000,0x000000b0e0c00000] [id=24468]
  0x000002414e5d2000 ConcurrentGCThread "G1 Refine#6" [stack: 0x000000b0e0c00000,0x000000b0e0d00000] [id=25180]
  0x0000024148962000 ConcurrentGCThread "G1 Young RemSet Sampling" [stack: 0x000000b0d9c00000,0x000000b0d9d00000] [id=15164]

Threads with active compile tasks:
C2 CompilerThread0  16319 13463   !   4       java.util.concurrent.ConcurrentHashMap::putVal (432 bytes)
C1 CompilerThread0  16319 13756       2       com.android.tools.r8.internal.X4::a (1165 bytes)
C1 CompilerThread1  16319 13767       2       com.android.tools.r8.internal.e5$a::a (13 bytes)
C1 CompilerThread2  16319 13753       2       com.android.tools.r8.internal.Me::a (1137 bytes)
C2 CompilerThread1  16319 13026       4       com.android.tools.r8.internal.U6::a (4191 bytes)

VM state:at safepoint (normal execution)

VM Mutex/Monitor currently owned by a thread:  ([mutex/lock_event])
[0x000002412e43ce00] Threads_lock - owner thread: 0x0000024149ca5800
[0x000002412e43cf20] Heap_lock - owner thread: 0x000002414ff18000

Heap address: 0x0000000080000000, size: 2048 MB, Compressed Oops mode: 32-bit
Narrow klass base: 0x0000000000000000, Narrow klass shift: 3
Compressed class space size: 1073741824 Address: 0x0000000100000000

Heap:
 garbage-first heap   total 628736K, used 222174K [0x0000000080000000, 0x0000000100000000)
  region size 1024K, 6 young (6144K), 6 survivors (6144K)
 Metaspace       used 100206K, capacity 102990K, committed 103424K, reserved 1138688K
  class space    used 13108K, capacity 14193K, committed 14336K, reserved 1048576K
Heap Regions: E=young(eden), S=young(survivor), O=old, HS=humongous(starts), HC=humongous(continues), CS=collection set, F=free, A=archive, TAMS=top-at-mark-start (previous, next)
|   0|0x0000000080000000, 0x0000000080100000, 0x0000000080100000|100%| O|  |TAMS 0x0000000080100000, 0x0000000080100000| Untracked 
|   1|0x0000000080100000, 0x0000000080200000, 0x0000000080200000|100%| O|  |TAMS 0x0000000080200000, 0x0000000080200000| Untracked 
|   2|0x0000000080200000, 0x0000000080300000, 0x0000000080300000|100%| O|  |TAMS 0x0000000080300000, 0x0000000080300000| Untracked 
|   3|0x0000000080300000, 0x0000000080400000, 0x0000000080400000|100%|HS|  |TAMS 0x0000000080400000, 0x0000000080400000| Complete 
|   4|0x0000000080400000, 0x0000000080500000, 0x0000000080500000|100%|HC|  |TAMS 0x0000000080500000, 0x0000000080500000| Complete 
|   5|0x0000000080500000, 0x0000000080600000, 0x0000000080600000|100%|HC|  |TAMS 0x0000000080600000, 0x0000000080600000| Complete 
|   6|0x0000000080600000, 0x0000000080700000, 0x0000000080700000|100%| O|  |TAMS 0x0000000080700000, 0x0000000080700000| Untracked 
|   7|0x0000000080700000, 0x0000000080800000, 0x0000000080800000|100%| O|  |TAMS 0x0000000080800000, 0x0000000080800000| Untracked 
|   8|0x0000000080800000, 0x0000000080900000, 0x0000000080900000|100%| O|  |TAMS 0x0000000080900000, 0x0000000080900000| Untracked 
|   9|0x0000000080900000, 0x0000000080a00000, 0x0000000080a00000|100%| O|  |TAMS 0x0000000080a00000, 0x0000000080a00000| Untracked 
|  10|0x0000000080a00000, 0x0000000080b00000, 0x0000000080b00000|100%| O|  |TAMS 0x0000000080b00000, 0x0000000080b00000| Untracked 
|  11|0x0000000080b00000, 0x0000000080c00000, 0x0000000080c00000|100%| O|  |TAMS 0x0000000080c00000, 0x0000000080c00000| Untracked 
|  12|0x0000000080c00000, 0x0000000080d00000, 0x0000000080d00000|100%| O|  |TAMS 0x0000000080d00000, 0x0000000080d00000| Untracked 
|  13|0x0000000080d00000, 0x0000000080e00000, 0x0000000080e00000|100%| O|  |TAMS 0x0000000080e00000, 0x0000000080e00000| Untracked 
|  14|0x0000000080e00000, 0x0000000080f00000, 0x0000000080f00000|100%| O|  |TAMS 0x0000000080f00000, 0x0000000080f00000| Untracked 
|  15|0x0000000080f00000, 0x0000000081000000, 0x0000000081000000|100%| O|  |TAMS 0x0000000081000000, 0x0000000081000000| Untracked 
|  16|0x0000000081000000, 0x0000000081100000, 0x0000000081100000|100%| O|  |TAMS 0x0000000081100000, 0x0000000081100000| Untracked 
|  17|0x0000000081100000, 0x0000000081200000, 0x0000000081200000|100%|HS|  |TAMS 0x0000000081200000, 0x0000000081200000| Complete 
|  18|0x0000000081200000, 0x0000000081300000, 0x0000000081300000|100%|HS|  |TAMS 0x0000000081300000, 0x0000000081300000| Complete 
|  19|0x0000000081300000, 0x0000000081400000, 0x0000000081400000|100%|HS|  |TAMS 0x0000000081400000, 0x0000000081400000| Complete 
|  20|0x0000000081400000, 0x0000000081500000, 0x0000000081500000|100%|HS|  |TAMS 0x0000000081500000, 0x0000000081500000| Complete 
|  21|0x0000000081500000, 0x0000000081600000, 0x0000000081600000|100%|HC|  |TAMS 0x0000000081600000, 0x0000000081600000| Complete 
|  22|0x0000000081600000, 0x0000000081700000, 0x0000000081700000|100%|HC|  |TAMS 0x0000000081700000, 0x0000000081700000| Complete 
|  23|0x0000000081700000, 0x0000000081800000, 0x0000000081800000|100%|HS|  |TAMS 0x0000000081800000, 0x0000000081800000| Complete 
|  24|0x0000000081800000, 0x0000000081900000, 0x0000000081900000|100%|HC|  |TAMS 0x0000000081900000, 0x0000000081900000| Complete 
|  25|0x0000000081900000, 0x0000000081a00000, 0x0000000081a00000|100%| O|  |TAMS 0x0000000081a00000, 0x0000000081a00000| Untracked 
|  26|0x0000000081a00000, 0x0000000081b00000, 0x0000000081b00000|100%| O|  |TAMS 0x0000000081b00000, 0x0000000081b00000| Untracked 
|  27|0x0000000081b00000, 0x0000000081c00000, 0x0000000081c00000|100%| O|  |TAMS 0x0000000081c00000, 0x0000000081c00000| Untracked 
|  28|0x0000000081c00000, 0x0000000081d00000, 0x0000000081d00000|100%| O|  |TAMS 0x0000000081d00000, 0x0000000081d00000| Untracked 
|  29|0x0000000081d00000, 0x0000000081e00000, 0x0000000081e00000|100%| O|  |TAMS 0x0000000081e00000, 0x0000000081e00000| Untracked 
|  30|0x0000000081e00000, 0x0000000081f00000, 0x0000000081f00000|100%| O|  |TAMS 0x0000000081f00000, 0x0000000081f00000| Untracked 
|  31|0x0000000081f00000, 0x0000000082000000, 0x0000000082000000|100%| O|  |TAMS 0x0000000082000000, 0x0000000082000000| Untracked 
|  32|0x0000000082000000, 0x0000000082100000, 0x0000000082100000|100%| O|  |TAMS 0x0000000082100000, 0x0000000082100000| Untracked 
|  33|0x0000000082100000, 0x0000000082200000, 0x0000000082200000|100%| O|  |TAMS 0x0000000082200000, 0x0000000082200000| Untracked 
|  34|0x0000000082200000, 0x0000000082300000, 0x0000000082300000|100%| O|  |TAMS 0x0000000082300000, 0x0000000082300000| Untracked 
|  35|0x0000000082300000, 0x0000000082400000, 0x0000000082400000|100%| O|  |TAMS 0x0000000082400000, 0x0000000082400000| Untracked 
|  36|0x0000000082400000, 0x0000000082500000, 0x0000000082500000|100%| O|  |TAMS 0x0000000082500000, 0x0000000082500000| Untracked 
|  37|0x0000000082500000, 0x0000000082600000, 0x0000000082600000|100%| O|  |TAMS 0x0000000082600000, 0x0000000082600000| Untracked 
|  38|0x0000000082600000, 0x0000000082700000, 0x0000000082700000|100%| O|  |TAMS 0x0000000082700000, 0x0000000082700000| Untracked 
|  39|0x0000000082700000, 0x0000000082800000, 0x0000000082800000|100%| O|  |TAMS 0x0000000082800000, 0x0000000082800000| Untracked 
|  40|0x0000000082800000, 0x0000000082900000, 0x0000000082900000|100%| O|  |TAMS 0x0000000082900000, 0x0000000082900000| Untracked 
|  41|0x0000000082900000, 0x0000000082a00000, 0x0000000082a00000|100%| O|  |TAMS 0x0000000082a00000, 0x0000000082a00000| Untracked 
|  42|0x0000000082a00000, 0x0000000082b00000, 0x0000000082b00000|100%| O|  |TAMS 0x0000000082b00000, 0x0000000082b00000| Untracked 
|  43|0x0000000082b00000, 0x0000000082c00000, 0x0000000082c00000|100%| O|  |TAMS 0x0000000082c00000, 0x0000000082c00000| Untracked 
|  44|0x0000000082c00000, 0x0000000082d00000, 0x0000000082d00000|100%| O|  |TAMS 0x0000000082d00000, 0x0000000082d00000| Untracked 
|  45|0x0000000082d00000, 0x0000000082e00000, 0x0000000082e00000|100%| O|  |TAMS 0x0000000082e00000, 0x0000000082e00000| Untracked 
|  46|0x0000000082e00000, 0x0000000082f00000, 0x0000000082f00000|100%| O|  |TAMS 0x0000000082f00000, 0x0000000082f00000| Untracked 
|  47|0x0000000082f00000, 0x0000000083000000, 0x0000000083000000|100%| O|  |TAMS 0x0000000083000000, 0x0000000083000000| Untracked 
|  48|0x0000000083000000, 0x0000000083100000, 0x0000000083100000|100%| O|  |TAMS 0x0000000083100000, 0x0000000083100000| Untracked 
|  49|0x0000000083100000, 0x0000000083200000, 0x0000000083200000|100%| O|  |TAMS 0x0000000083200000, 0x0000000083200000| Untracked 
|  50|0x0000000083200000, 0x0000000083300000, 0x0000000083300000|100%| O|  |TAMS 0x0000000083300000, 0x0000000083300000| Untracked 
|  51|0x0000000083300000, 0x0000000083400000, 0x0000000083400000|100%| O|  |TAMS 0x0000000083400000, 0x0000000083400000| Untracked 
|  52|0x0000000083400000, 0x0000000083500000, 0x0000000083500000|100%| O|  |TAMS 0x0000000083500000, 0x0000000083500000| Untracked 
|  53|0x0000000083500000, 0x0000000083600000, 0x0000000083600000|100%| O|  |TAMS 0x0000000083600000, 0x0000000083600000| Untracked 
|  54|0x0000000083600000, 0x0000000083700000, 0x0000000083700000|100%| O|  |TAMS 0x0000000083700000, 0x0000000083700000| Untracked 
|  55|0x0000000083700000, 0x0000000083800000, 0x0000000083800000|100%| O|  |TAMS 0x0000000083800000, 0x0000000083800000| Untracked 
|  56|0x0000000083800000, 0x0000000083900000, 0x0000000083900000|100%| O|  |TAMS 0x0000000083900000, 0x0000000083900000| Untracked 
|  57|0x0000000083900000, 0x0000000083a00000, 0x0000000083a00000|100%| O|  |TAMS 0x0000000083a00000, 0x0000000083a00000| Untracked 
|  58|0x0000000083a00000, 0x0000000083b00000, 0x0000000083b00000|100%| O|  |TAMS 0x0000000083b00000, 0x0000000083b00000| Untracked 
|  59|0x0000000083b00000, 0x0000000083c00000, 0x0000000083c00000|100%| O|  |TAMS 0x0000000083c00000, 0x0000000083c00000| Untracked 
|  60|0x0000000083c00000, 0x0000000083d00000, 0x0000000083d00000|100%| O|  |TAMS 0x0000000083d00000, 0x0000000083d00000| Untracked 
|  61|0x0000000083d00000, 0x0000000083e00000, 0x0000000083e00000|100%| O|  |TAMS 0x0000000083e00000, 0x0000000083e00000| Untracked 
|  62|0x0000000083e00000, 0x0000000083f00000, 0x0000000083f00000|100%| O|  |TAMS 0x0000000083f00000, 0x0000000083f00000| Untracked 
|  63|0x0000000083f00000, 0x0000000084000000, 0x0000000084000000|100%| O|  |TAMS 0x0000000084000000, 0x0000000084000000| Untracked 
|  64|0x0000000084000000, 0x0000000084100000, 0x0000000084100000|100%| O|  |TAMS 0x0000000084100000, 0x0000000084100000| Untracked 
|  65|0x0000000084100000, 0x0000000084200000, 0x0000000084200000|100%| O|  |TAMS 0x0000000084200000, 0x0000000084200000| Untracked 
|  66|0x0000000084200000, 0x0000000084300000, 0x0000000084300000|100%| O|  |TAMS 0x0000000084300000, 0x0000000084300000| Untracked 
|  67|0x0000000084300000, 0x0000000084400000, 0x0000000084400000|100%| O|  |TAMS 0x0000000084400000, 0x0000000084400000| Untracked 
|  68|0x0000000084400000, 0x0000000084500000, 0x0000000084500000|100%| O|  |TAMS 0x0000000084500000, 0x0000000084500000| Untracked 
|  69|0x0000000084500000, 0x0000000084600000, 0x0000000084600000|100%| O|  |TAMS 0x0000000084600000, 0x0000000084600000| Untracked 
|  70|0x0000000084600000, 0x0000000084700000, 0x0000000084700000|100%| O|  |TAMS 0x0000000084700000, 0x0000000084700000| Untracked 
|  71|0x0000000084700000, 0x0000000084800000, 0x0000000084800000|100%| O|  |TAMS 0x0000000084800000, 0x0000000084800000| Untracked 
|  72|0x0000000084800000, 0x0000000084900000, 0x0000000084900000|100%| O|  |TAMS 0x0000000084900000, 0x0000000084900000| Untracked 
|  73|0x0000000084900000, 0x0000000084a00000, 0x0000000084a00000|100%| O|  |TAMS 0x0000000084a00000, 0x0000000084a00000| Untracked 
|  74|0x0000000084a00000, 0x0000000084b00000, 0x0000000084b00000|100%| O|  |TAMS 0x0000000084b00000, 0x0000000084b00000| Untracked 
|  75|0x0000000084b00000, 0x0000000084c00000, 0x0000000084c00000|100%| O|  |TAMS 0x0000000084c00000, 0x0000000084c00000| Untracked 
|  76|0x0000000084c00000, 0x0000000084d00000, 0x0000000084d00000|100%| O|  |TAMS 0x0000000084d00000, 0x0000000084d00000| Untracked 
|  77|0x0000000084d00000, 0x0000000084e00000, 0x0000000084e00000|100%| O|  |TAMS 0x0000000084e00000, 0x0000000084e00000| Untracked 
|  78|0x0000000084e00000, 0x0000000084f00000, 0x0000000084f00000|100%| O|  |TAMS 0x0000000084f00000, 0x0000000084f00000| Untracked 
|  79|0x0000000084f00000, 0x0000000085000000, 0x0000000085000000|100%| O|  |TAMS 0x0000000085000000, 0x0000000085000000| Untracked 
|  80|0x0000000085000000, 0x0000000085100000, 0x0000000085100000|100%| O|  |TAMS 0x0000000085100000, 0x0000000085100000| Untracked 
|  81|0x0000000085100000, 0x0000000085200000, 0x0000000085200000|100%| O|  |TAMS 0x0000000085200000, 0x0000000085200000| Untracked 
|  82|0x0000000085200000, 0x0000000085300000, 0x0000000085300000|100%| O|  |TAMS 0x0000000085300000, 0x0000000085300000| Untracked 
|  83|0x0000000085300000, 0x0000000085400000, 0x0000000085400000|100%| O|  |TAMS 0x0000000085400000, 0x0000000085400000| Untracked 
|  84|0x0000000085400000, 0x0000000085500000, 0x0000000085500000|100%| O|  |TAMS 0x0000000085500000, 0x0000000085500000| Untracked 
|  85|0x0000000085500000, 0x0000000085600000, 0x0000000085600000|100%| O|  |TAMS 0x0000000085600000, 0x0000000085600000| Untracked 
|  86|0x0000000085600000, 0x0000000085700000, 0x0000000085700000|100%| O|  |TAMS 0x0000000085700000, 0x0000000085700000| Untracked 
|  87|0x0000000085700000, 0x0000000085800000, 0x0000000085800000|100%| O|  |TAMS 0x0000000085800000, 0x0000000085800000| Untracked 
|  88|0x0000000085800000, 0x0000000085900000, 0x0000000085900000|100%| O|  |TAMS 0x0000000085900000, 0x0000000085900000| Untracked 
|  89|0x0000000085900000, 0x0000000085a00000, 0x0000000085a00000|100%| O|  |TAMS 0x0000000085a00000, 0x0000000085a00000| Untracked 
|  90|0x0000000085a00000, 0x0000000085b00000, 0x0000000085b00000|100%| O|  |TAMS 0x0000000085b00000, 0x0000000085b00000| Untracked 
|  91|0x0000000085b00000, 0x0000000085c00000, 0x0000000085c00000|100%| O|  |TAMS 0x0000000085c00000, 0x0000000085c00000| Untracked 
|  92|0x0000000085c00000, 0x0000000085d00000, 0x0000000085d00000|100%| O|  |TAMS 0x0000000085d00000, 0x0000000085d00000| Untracked 
|  93|0x0000000085d00000, 0x0000000085e00000, 0x0000000085e00000|100%| O|  |TAMS 0x0000000085e00000, 0x0000000085e00000| Untracked 
|  94|0x0000000085e00000, 0x0000000085f00000, 0x0000000085f00000|100%| O|  |TAMS 0x0000000085f00000, 0x0000000085f00000| Untracked 
|  95|0x0000000085f00000, 0x0000000086000000, 0x0000000086000000|100%| O|  |TAMS 0x0000000086000000, 0x0000000086000000| Untracked 
|  96|0x0000000086000000, 0x0000000086100000, 0x0000000086100000|100%| O|  |TAMS 0x0000000086100000, 0x0000000086100000| Untracked 
|  97|0x0000000086100000, 0x0000000086200000, 0x0000000086200000|100%| O|  |TAMS 0x0000000086200000, 0x0000000086200000| Untracked 
|  98|0x0000000086200000, 0x0000000086300000, 0x0000000086300000|100%| O|  |TAMS 0x0000000086300000, 0x0000000086300000| Untracked 
|  99|0x0000000086300000, 0x0000000086400000, 0x0000000086400000|100%| O|  |TAMS 0x0000000086400000, 0x0000000086400000| Untracked 
| 100|0x0000000086400000, 0x0000000086500000, 0x0000000086500000|100%| O|  |TAMS 0x0000000086500000, 0x0000000086500000| Untracked 
| 101|0x0000000086500000, 0x0000000086600000, 0x0000000086600000|100%| O|  |TAMS 0x0000000086600000, 0x0000000086600000| Untracked 
| 102|0x0000000086600000, 0x0000000086700000, 0x0000000086700000|100%| O|  |TAMS 0x0000000086700000, 0x0000000086700000| Untracked 
| 103|0x0000000086700000, 0x0000000086800000, 0x0000000086800000|100%| O|  |TAMS 0x0000000086800000, 0x0000000086800000| Untracked 
| 104|0x0000000086800000, 0x0000000086900000, 0x0000000086900000|100%| O|  |TAMS 0x0000000086900000, 0x0000000086900000| Untracked 
| 105|0x0000000086900000, 0x0000000086a00000, 0x0000000086a00000|100%| O|  |TAMS 0x0000000086a00000, 0x0000000086a00000| Untracked 
| 106|0x0000000086a00000, 0x0000000086b00000, 0x0000000086b00000|100%| O|  |TAMS 0x0000000086a00000, 0x0000000086b00000| Untracked 
| 107|0x0000000086b00000, 0x0000000086c00000, 0x0000000086c00000|100%| O|  |TAMS 0x0000000086b00000, 0x0000000086c00000| Untracked 
| 108|0x0000000086c00000, 0x0000000086d00000, 0x0000000086d00000|100%| O|  |TAMS 0x0000000086d00000, 0x0000000086d00000| Untracked 
| 109|0x0000000086d00000, 0x0000000086e00000, 0x0000000086e00000|100%| O|  |TAMS 0x0000000086e00000, 0x0000000086e00000| Untracked 
| 110|0x0000000086e00000, 0x0000000086f00000, 0x0000000086f00000|100%| O|  |TAMS 0x0000000086f00000, 0x0000000086f00000| Untracked 
| 111|0x0000000086f00000, 0x0000000087000000, 0x0000000087000000|100%| O|  |TAMS 0x0000000087000000, 0x0000000087000000| Untracked 
| 112|0x0000000087000000, 0x0000000087100000, 0x0000000087100000|100%| O|  |TAMS 0x0000000087100000, 0x0000000087100000| Untracked 
| 113|0x0000000087100000, 0x0000000087200000, 0x0000000087200000|100%| O|  |TAMS 0x0000000087200000, 0x0000000087200000| Untracked 
| 114|0x0000000087200000, 0x0000000087300000, 0x0000000087300000|100%| O|  |TAMS 0x0000000087300000, 0x0000000087300000| Untracked 
| 115|0x0000000087300000, 0x0000000087400000, 0x0000000087400000|100%| O|  |TAMS 0x0000000087400000, 0x0000000087400000| Untracked 
| 116|0x0000000087400000, 0x0000000087500000, 0x0000000087500000|100%| O|  |TAMS 0x0000000087500000, 0x0000000087500000| Untracked 
| 117|0x0000000087500000, 0x0000000087600000, 0x0000000087600000|100%| O|  |TAMS 0x0000000087600000, 0x0000000087600000| Untracked 
| 118|0x0000000087600000, 0x0000000087700000, 0x0000000087700000|100%| O|  |TAMS 0x0000000087700000, 0x0000000087700000| Untracked 
| 119|0x0000000087700000, 0x0000000087800000, 0x0000000087800000|100%| O|  |TAMS 0x0000000087800000, 0x0000000087800000| Untracked 
| 120|0x0000000087800000, 0x0000000087900000, 0x0000000087900000|100%| O|  |TAMS 0x0000000087900000, 0x0000000087900000| Untracked 
| 121|0x0000000087900000, 0x0000000087a00000, 0x0000000087a00000|100%| O|  |TAMS 0x0000000087a00000, 0x0000000087a00000| Untracked 
| 122|0x0000000087a00000, 0x0000000087b00000, 0x0000000087b00000|100%| O|  |TAMS 0x0000000087b00000, 0x0000000087b00000| Untracked 
| 123|0x0000000087b00000, 0x0000000087c00000, 0x0000000087c00000|100%| O|  |TAMS 0x0000000087c00000, 0x0000000087c00000| Untracked 
| 124|0x0000000087c00000, 0x0000000087d00000, 0x0000000087d00000|100%| O|  |TAMS 0x0000000087d00000, 0x0000000087d00000| Untracked 
| 125|0x0000000087d00000, 0x0000000087e00000, 0x0000000087e00000|100%| O|  |TAMS 0x0000000087e00000, 0x0000000087e00000| Untracked 
| 126|0x0000000087e00000, 0x0000000087f00000, 0x0000000087f00000|100%| O|  |TAMS 0x0000000087f00000, 0x0000000087f00000| Untracked 
| 127|0x0000000087f00000, 0x0000000088000000, 0x0000000088000000|100%| O|  |TAMS 0x0000000088000000, 0x0000000088000000| Untracked 
| 128|0x0000000088000000, 0x0000000088100000, 0x0000000088100000|100%| O|  |TAMS 0x0000000088100000, 0x0000000088100000| Untracked 
| 129|0x0000000088100000, 0x0000000088200000, 0x0000000088200000|100%| O|  |TAMS 0x0000000088200000, 0x0000000088200000| Untracked 
| 130|0x0000000088200000, 0x0000000088300000, 0x0000000088300000|100%| O|  |TAMS 0x0000000088300000, 0x0000000088300000| Untracked 
| 131|0x0000000088300000, 0x0000000088400000, 0x0000000088400000|100%| O|  |TAMS 0x0000000088400000, 0x0000000088400000| Untracked 
| 132|0x0000000088400000, 0x0000000088500000, 0x0000000088500000|100%| O|  |TAMS 0x0000000088500000, 0x0000000088500000| Untracked 
| 133|0x0000000088500000, 0x0000000088600000, 0x0000000088600000|100%| O|  |TAMS 0x0000000088600000, 0x0000000088600000| Untracked 
| 134|0x0000000088600000, 0x0000000088700000, 0x0000000088700000|100%| O|  |TAMS 0x0000000088700000, 0x0000000088700000| Untracked 
| 135|0x0000000088700000, 0x0000000088800000, 0x0000000088800000|100%| O|  |TAMS 0x0000000088800000, 0x0000000088800000| Untracked 
| 136|0x0000000088800000, 0x0000000088900000, 0x0000000088900000|100%| O|  |TAMS 0x0000000088900000, 0x0000000088900000| Untracked 
| 137|0x0000000088900000, 0x0000000088a00000, 0x0000000088a00000|100%| O|  |TAMS 0x0000000088a00000, 0x0000000088a00000| Untracked 
| 138|0x0000000088a00000, 0x0000000088b00000, 0x0000000088b00000|100%| O|  |TAMS 0x0000000088b00000, 0x0000000088b00000| Untracked 
| 139|0x0000000088b00000, 0x0000000088c00000, 0x0000000088c00000|100%| O|  |TAMS 0x0000000088c00000, 0x0000000088c00000| Untracked 
| 140|0x0000000088c00000, 0x0000000088d00000, 0x0000000088d00000|100%| O|  |TAMS 0x0000000088d00000, 0x0000000088d00000| Untracked 
| 141|0x0000000088d00000, 0x0000000088e00000, 0x0000000088e00000|100%| O|  |TAMS 0x0000000088e00000, 0x0000000088e00000| Untracked 
| 142|0x0000000088e00000, 0x0000000088f00000, 0x0000000088f00000|100%| O|  |TAMS 0x0000000088f00000, 0x0000000088f00000| Untracked 
| 143|0x0000000088f00000, 0x0000000089000000, 0x0000000089000000|100%| O|  |TAMS 0x0000000089000000, 0x0000000089000000| Untracked 
| 144|0x0000000089000000, 0x0000000089100000, 0x0000000089100000|100%| O|  |TAMS 0x0000000089100000, 0x0000000089100000| Untracked 
| 145|0x0000000089100000, 0x0000000089200000, 0x0000000089200000|100%| O|  |TAMS 0x0000000089200000, 0x0000000089200000| Untracked 
| 146|0x0000000089200000, 0x0000000089300000, 0x0000000089300000|100%| O|  |TAMS 0x0000000089300000, 0x0000000089300000| Untracked 
| 147|0x0000000089300000, 0x0000000089400000, 0x0000000089400000|100%| O|  |TAMS 0x0000000089400000, 0x0000000089400000| Untracked 
| 148|0x0000000089400000, 0x0000000089500000, 0x0000000089500000|100%| O|  |TAMS 0x0000000089500000, 0x0000000089500000| Untracked 
| 149|0x0000000089500000, 0x0000000089600000, 0x0000000089600000|100%| O|  |TAMS 0x0000000089600000, 0x0000000089600000| Untracked 
| 150|0x0000000089600000, 0x0000000089700000, 0x0000000089700000|100%| O|  |TAMS 0x0000000089700000, 0x0000000089700000| Untracked 
| 151|0x0000000089700000, 0x0000000089800000, 0x0000000089800000|100%| O|  |TAMS 0x0000000089800000, 0x0000000089800000| Untracked 
| 152|0x0000000089800000, 0x0000000089900000, 0x0000000089900000|100%| O|  |TAMS 0x0000000089900000, 0x0000000089900000| Untracked 
| 153|0x0000000089900000, 0x0000000089a00000, 0x0000000089a00000|100%| O|  |TAMS 0x0000000089a00000, 0x0000000089a00000| Untracked 
| 154|0x0000000089a00000, 0x0000000089b00000, 0x0000000089b00000|100%| O|  |TAMS 0x0000000089b00000, 0x0000000089b00000| Untracked 
| 155|0x0000000089b00000, 0x0000000089c00000, 0x0000000089c00000|100%| O|  |TAMS 0x0000000089c00000, 0x0000000089c00000| Untracked 
| 156|0x0000000089c00000, 0x0000000089d00000, 0x0000000089d00000|100%| O|  |TAMS 0x0000000089d00000, 0x0000000089d00000| Untracked 
| 157|0x0000000089d00000, 0x0000000089e00000, 0x0000000089e00000|100%| O|  |TAMS 0x0000000089e00000, 0x0000000089e00000| Untracked 
| 158|0x0000000089e00000, 0x0000000089f00000, 0x0000000089f00000|100%| O|  |TAMS 0x0000000089f00000, 0x0000000089f00000| Untracked 
| 159|0x0000000089f00000, 0x000000008a000000, 0x000000008a000000|100%| O|  |TAMS 0x000000008a000000, 0x000000008a000000| Untracked 
| 160|0x000000008a000000, 0x000000008a100000, 0x000000008a100000|100%| O|  |TAMS 0x000000008a100000, 0x000000008a100000| Untracked 
| 161|0x000000008a100000, 0x000000008a200000, 0x000000008a200000|100%| O|  |TAMS 0x000000008a200000, 0x000000008a200000| Untracked 
| 162|0x000000008a200000, 0x000000008a300000, 0x000000008a300000|100%| O|  |TAMS 0x000000008a300000, 0x000000008a300000| Untracked 
| 163|0x000000008a300000, 0x000000008a400000, 0x000000008a400000|100%| O|  |TAMS 0x000000008a400000, 0x000000008a400000| Untracked 
| 164|0x000000008a400000, 0x000000008a500000, 0x000000008a500000|100%| O|  |TAMS 0x000000008a500000, 0x000000008a500000| Untracked 
| 165|0x000000008a500000, 0x000000008a600000, 0x000000008a600000|100%| O|  |TAMS 0x000000008a600000, 0x000000008a600000| Untracked 
| 166|0x000000008a600000, 0x000000008a700000, 0x000000008a700000|100%| O|  |TAMS 0x000000008a658400, 0x000000008a700000| Untracked 
| 167|0x000000008a700000, 0x000000008a800000, 0x000000008a800000|100%| O|  |TAMS 0x000000008a700000, 0x000000008a800000| Untracked 
| 168|0x000000008a800000, 0x000000008a900000, 0x000000008a900000|100%| O|  |TAMS 0x000000008a800000, 0x000000008a900000| Untracked 
| 169|0x000000008a900000, 0x000000008aa00000, 0x000000008aa00000|100%| O|  |TAMS 0x000000008a900000, 0x000000008aa00000| Untracked 
| 170|0x000000008aa00000, 0x000000008ab00000, 0x000000008ab00000|100%| O|  |TAMS 0x000000008aa00000, 0x000000008ab00000| Untracked 
| 171|0x000000008ab00000, 0x000000008ac00000, 0x000000008ac00000|100%| O|  |TAMS 0x000000008ab00000, 0x000000008ac00000| Untracked 
| 172|0x000000008ac00000, 0x000000008ad00000, 0x000000008ad00000|100%| O|  |TAMS 0x000000008ac00000, 0x000000008ad00000| Untracked 
| 173|0x000000008ad00000, 0x000000008ae00000, 0x000000008ae00000|100%| O|  |TAMS 0x000000008ad00000, 0x000000008ae00000| Untracked 
| 174|0x000000008ae00000, 0x000000008af00000, 0x000000008af00000|100%| O|  |TAMS 0x000000008ae00000, 0x000000008af00000| Untracked 
| 175|0x000000008af00000, 0x000000008b000000, 0x000000008b000000|100%| O|  |TAMS 0x000000008af00000, 0x000000008b000000| Untracked 
| 176|0x000000008b000000, 0x000000008b100000, 0x000000008b100000|100%| O|  |TAMS 0x000000008b000000, 0x000000008b100000| Untracked 
| 177|0x000000008b100000, 0x000000008b200000, 0x000000008b200000|100%| O|  |TAMS 0x000000008b100000, 0x000000008b200000| Untracked 
| 178|0x000000008b200000, 0x000000008b300000, 0x000000008b300000|100%| O|  |TAMS 0x000000008b200000, 0x000000008b300000| Untracked 
| 179|0x000000008b300000, 0x000000008b400000, 0x000000008b400000|100%| O|  |TAMS 0x000000008b300000, 0x000000008b400000| Untracked 
| 180|0x000000008b400000, 0x000000008b500000, 0x000000008b500000|100%| O|  |TAMS 0x000000008b400000, 0x000000008b500000| Untracked 
| 181|0x000000008b500000, 0x000000008b600000, 0x000000008b600000|100%| O|  |TAMS 0x000000008b500000, 0x000000008b600000| Untracked 
| 182|0x000000008b600000, 0x000000008b700000, 0x000000008b700000|100%| O|  |TAMS 0x000000008b600000, 0x000000008b700000| Untracked 
| 183|0x000000008b700000, 0x000000008b800000, 0x000000008b800000|100%| O|  |TAMS 0x000000008b700000, 0x000000008b800000| Untracked 
| 184|0x000000008b800000, 0x000000008b900000, 0x000000008b900000|100%| O|  |TAMS 0x000000008b800000, 0x000000008b900000| Untracked 
| 185|0x000000008b900000, 0x000000008ba00000, 0x000000008ba00000|100%| O|  |TAMS 0x000000008b900000, 0x000000008ba00000| Untracked 
| 186|0x000000008ba00000, 0x000000008bb00000, 0x000000008bb00000|100%| O|  |TAMS 0x000000008ba00000, 0x000000008bb00000| Untracked 
| 187|0x000000008bb00000, 0x000000008bc00000, 0x000000008bc00000|100%| O|  |TAMS 0x000000008bb00000, 0x000000008bc00000| Untracked 
| 188|0x000000008bc00000, 0x000000008bd00000, 0x000000008bd00000|100%| O|  |TAMS 0x000000008bc00000, 0x000000008bd00000| Untracked 
| 189|0x000000008bd00000, 0x000000008be00000, 0x000000008be00000|100%| O|  |TAMS 0x000000008bd00000, 0x000000008be00000| Untracked 
| 190|0x000000008be00000, 0x000000008bf00000, 0x000000008bf00000|100%| O|  |TAMS 0x000000008be00000, 0x000000008bf00000| Untracked 
| 191|0x000000008bf00000, 0x000000008c000000, 0x000000008c000000|100%| O|  |TAMS 0x000000008bf00000, 0x000000008c000000| Untracked 
| 192|0x000000008c000000, 0x000000008c100000, 0x000000008c100000|100%| O|  |TAMS 0x000000008c000000, 0x000000008c100000| Untracked 
| 193|0x000000008c100000, 0x000000008c200000, 0x000000008c200000|100%| O|  |TAMS 0x000000008c100000, 0x000000008c200000| Untracked 
| 194|0x000000008c200000, 0x000000008c300000, 0x000000008c300000|100%| O|  |TAMS 0x000000008c200000, 0x000000008c300000| Untracked 
| 195|0x000000008c300000, 0x000000008c400000, 0x000000008c400000|100%| O|  |TAMS 0x000000008c300000, 0x000000008c400000| Untracked 
| 196|0x000000008c400000, 0x000000008c500000, 0x000000008c500000|100%| O|  |TAMS 0x000000008c400000, 0x000000008c500000| Untracked 
| 197|0x000000008c500000, 0x000000008c600000, 0x000000008c600000|100%| O|  |TAMS 0x000000008c500000, 0x000000008c600000| Untracked 
| 198|0x000000008c600000, 0x000000008c700000, 0x000000008c700000|100%| O|  |TAMS 0x000000008c600000, 0x000000008c700000| Untracked 
| 199|0x000000008c700000, 0x000000008c800000, 0x000000008c800000|100%| O|  |TAMS 0x000000008c700000, 0x000000008c800000| Untracked 
| 200|0x000000008c800000, 0x000000008c900000, 0x000000008c900000|100%| O|  |TAMS 0x000000008c800000, 0x000000008c900000| Untracked 
| 201|0x000000008c900000, 0x000000008ca00000, 0x000000008ca00000|100%| O|  |TAMS 0x000000008c900000, 0x000000008ca00000| Untracked 
| 202|0x000000008ca00000, 0x000000008cb00000, 0x000000008cb00000|100%| O|  |TAMS 0x000000008ca00000, 0x000000008cb00000| Untracked 
| 203|0x000000008cb00000, 0x000000008cc00000, 0x000000008cc00000|100%| O|  |TAMS 0x000000008cb00000, 0x000000008cc00000| Untracked 
| 204|0x000000008cc00000, 0x000000008cd00000, 0x000000008cd00000|100%| O|  |TAMS 0x000000008cc00000, 0x000000008cd00000| Untracked 
| 205|0x000000008cd00000, 0x000000008ce00000, 0x000000008ce00000|100%| O|  |TAMS 0x000000008cd00000, 0x000000008ce00000| Untracked 
| 206|0x000000008ce00000, 0x000000008cf00000, 0x000000008cf00000|100%| O|  |TAMS 0x000000008ce00000, 0x000000008cf00000| Untracked 
| 207|0x000000008cf00000, 0x000000008d000000, 0x000000008d000000|100%| O|  |TAMS 0x000000008cf00000, 0x000000008d000000| Untracked 
| 208|0x000000008d000000, 0x000000008d100000, 0x000000008d100000|100%| O|  |TAMS 0x000000008d000000, 0x000000008d100000| Untracked 
| 209|0x000000008d100000, 0x000000008d200000, 0x000000008d200000|100%| O|  |TAMS 0x000000008d100000, 0x000000008d200000| Untracked 
| 210|0x000000008d200000, 0x000000008d2f7a00, 0x000000008d300000| 96%| O|  |TAMS 0x000000008d200000, 0x000000008d2f7a00| Untracked 
| 211|0x000000008d300000, 0x000000008d300000, 0x000000008d400000|  0%| F|  |TAMS 0x000000008d300000, 0x000000008d300000| Untracked 
| 212|0x000000008d400000, 0x000000008d400000, 0x000000008d500000|  0%| F|  |TAMS 0x000000008d400000, 0x000000008d400000| Untracked 
| 213|0x000000008d500000, 0x000000008d500000, 0x000000008d600000|  0%| F|  |TAMS 0x000000008d500000, 0x000000008d500000| Untracked 
| 214|0x000000008d600000, 0x000000008d600000, 0x000000008d700000|  0%| F|  |TAMS 0x000000008d600000, 0x000000008d600000| Untracked 
| 215|0x000000008d700000, 0x000000008d700000, 0x000000008d800000|  0%| F|  |TAMS 0x000000008d700000, 0x000000008d700000| Untracked 
| 216|0x000000008d800000, 0x000000008d800000, 0x000000008d900000|  0%| F|  |TAMS 0x000000008d800000, 0x000000008d800000| Untracked 
| 217|0x000000008d900000, 0x000000008d900000, 0x000000008da00000|  0%| F|  |TAMS 0x000000008d900000, 0x000000008d900000| Untracked 
| 218|0x000000008da00000, 0x000000008da00000, 0x000000008db00000|  0%| F|  |TAMS 0x000000008da00000, 0x000000008da00000| Untracked 
| 219|0x000000008db00000, 0x000000008db00000, 0x000000008dc00000|  0%| F|  |TAMS 0x000000008db00000, 0x000000008db00000| Untracked 
| 220|0x000000008dc00000, 0x000000008dc00000, 0x000000008dd00000|  0%| F|  |TAMS 0x000000008dc00000, 0x000000008dc00000| Untracked 
| 221|0x000000008dd00000, 0x000000008dd00000, 0x000000008de00000|  0%| F|  |TAMS 0x000000008dd00000, 0x000000008dd00000| Untracked 
| 222|0x000000008de00000, 0x000000008de00000, 0x000000008df00000|  0%| F|  |TAMS 0x000000008de00000, 0x000000008de00000| Untracked 
| 223|0x000000008df00000, 0x000000008df00000, 0x000000008e000000|  0%| F|  |TAMS 0x000000008df00000, 0x000000008df00000| Untracked 
| 224|0x000000008e000000, 0x000000008e000000, 0x000000008e100000|  0%| F|  |TAMS 0x000000008e000000, 0x000000008e000000| Untracked 
| 225|0x000000008e100000, 0x000000008e100000, 0x000000008e200000|  0%| F|  |TAMS 0x000000008e100000, 0x000000008e100000| Untracked 
| 226|0x000000008e200000, 0x000000008e200000, 0x000000008e300000|  0%| F|  |TAMS 0x000000008e200000, 0x000000008e200000| Untracked 
| 227|0x000000008e300000, 0x000000008e300000, 0x000000008e400000|  0%| F|  |TAMS 0x000000008e300000, 0x000000008e300000| Untracked 
| 228|0x000000008e400000, 0x000000008e400000, 0x000000008e500000|  0%| F|  |TAMS 0x000000008e400000, 0x000000008e400000| Untracked 
| 229|0x000000008e500000, 0x000000008e500000, 0x000000008e600000|  0%| F|  |TAMS 0x000000008e500000, 0x000000008e500000| Untracked 
| 230|0x000000008e600000, 0x000000008e600000, 0x000000008e700000|  0%| F|  |TAMS 0x000000008e600000, 0x000000008e600000| Untracked 
| 231|0x000000008e700000, 0x000000008e700000, 0x000000008e800000|  0%| F|  |TAMS 0x000000008e700000, 0x000000008e700000| Untracked 
| 232|0x000000008e800000, 0x000000008e800000, 0x000000008e900000|  0%| F|  |TAMS 0x000000008e800000, 0x000000008e800000| Untracked 
| 233|0x000000008e900000, 0x000000008e900000, 0x000000008ea00000|  0%| F|  |TAMS 0x000000008e900000, 0x000000008e900000| Untracked 
| 234|0x000000008ea00000, 0x000000008ea00000, 0x000000008eb00000|  0%| F|  |TAMS 0x000000008ea00000, 0x000000008ea00000| Untracked 
| 235|0x000000008eb00000, 0x000000008eb00000, 0x000000008ec00000|  0%| F|  |TAMS 0x000000008eb00000, 0x000000008eb00000| Untracked 
| 236|0x000000008ec00000, 0x000000008ec00000, 0x000000008ed00000|  0%| F|  |TAMS 0x000000008ec00000, 0x000000008ec00000| Untracked 
| 237|0x000000008ed00000, 0x000000008ed00000, 0x000000008ee00000|  0%| F|  |TAMS 0x000000008ed00000, 0x000000008ed00000| Untracked 
| 238|0x000000008ee00000, 0x000000008ee00000, 0x000000008ef00000|  0%| F|  |TAMS 0x000000008ee00000, 0x000000008ee00000| Untracked 
| 239|0x000000008ef00000, 0x000000008ef00000, 0x000000008f000000|  0%| F|  |TAMS 0x000000008ef00000, 0x000000008ef00000| Untracked 
| 240|0x000000008f000000, 0x000000008f000000, 0x000000008f100000|  0%| F|  |TAMS 0x000000008f000000, 0x000000008f000000| Untracked 
| 241|0x000000008f100000, 0x000000008f100000, 0x000000008f200000|  0%| F|  |TAMS 0x000000008f100000, 0x000000008f100000| Untracked 
| 242|0x000000008f200000, 0x000000008f200000, 0x000000008f300000|  0%| F|  |TAMS 0x000000008f200000, 0x000000008f200000| Untracked 
| 243|0x000000008f300000, 0x000000008f300000, 0x000000008f400000|  0%| F|  |TAMS 0x000000008f300000, 0x000000008f300000| Untracked 
| 244|0x000000008f400000, 0x000000008f400000, 0x000000008f500000|  0%| F|  |TAMS 0x000000008f400000, 0x000000008f400000| Untracked 
| 245|0x000000008f500000, 0x000000008f500000, 0x000000008f600000|  0%| F|  |TAMS 0x000000008f500000, 0x000000008f500000| Untracked 
| 246|0x000000008f600000, 0x000000008f600000, 0x000000008f700000|  0%| F|  |TAMS 0x000000008f600000, 0x000000008f600000| Untracked 
| 247|0x000000008f700000, 0x000000008f700000, 0x000000008f800000|  0%| F|  |TAMS 0x000000008f700000, 0x000000008f700000| Untracked 
| 248|0x000000008f800000, 0x000000008f800000, 0x000000008f900000|  0%| F|  |TAMS 0x000000008f800000, 0x000000008f800000| Untracked 
| 249|0x000000008f900000, 0x000000008f900000, 0x000000008fa00000|  0%| F|  |TAMS 0x000000008f900000, 0x000000008f900000| Untracked 
| 250|0x000000008fa00000, 0x000000008fa00000, 0x000000008fb00000|  0%| F|  |TAMS 0x000000008fa00000, 0x000000008fa00000| Untracked 
| 251|0x000000008fb00000, 0x000000008fb00000, 0x000000008fc00000|  0%| F|  |TAMS 0x000000008fb00000, 0x000000008fb00000| Untracked 
| 252|0x000000008fc00000, 0x000000008fc00000, 0x000000008fd00000|  0%| F|  |TAMS 0x000000008fc00000, 0x000000008fc00000| Untracked 
| 253|0x000000008fd00000, 0x000000008fd00000, 0x000000008fe00000|  0%| F|  |TAMS 0x000000008fd00000, 0x000000008fd00000| Untracked 
| 254|0x000000008fe00000, 0x000000008fe00000, 0x000000008ff00000|  0%| F|  |TAMS 0x000000008fe00000, 0x000000008fe00000| Untracked 
| 255|0x000000008ff00000, 0x0000000090000000, 0x0000000090000000|100%| S|CS|TAMS 0x000000008ff00000, 0x000000008ff00000| Complete 
| 256|0x0000000090000000, 0x0000000090100000, 0x0000000090100000|100%| S|CS|TAMS 0x0000000090000000, 0x0000000090000000| Complete 
| 257|0x0000000090100000, 0x0000000090200000, 0x0000000090200000|100%| S|CS|TAMS 0x0000000090100000, 0x0000000090100000| Complete 
| 258|0x0000000090200000, 0x0000000090300000, 0x0000000090300000|100%| S|CS|TAMS 0x0000000090200000, 0x0000000090200000| Complete 
| 259|0x0000000090300000, 0x0000000090400000, 0x0000000090400000|100%| S|CS|TAMS 0x0000000090300000, 0x0000000090300000| Complete 
| 260|0x0000000090400000, 0x0000000090500000, 0x0000000090500000|100%| S|CS|TAMS 0x0000000090400000, 0x0000000090400000| Complete 
| 261|0x0000000090500000, 0x0000000090500000, 0x0000000090600000|  0%| F|  |TAMS 0x0000000090500000, 0x0000000090500000| Untracked 
| 262|0x0000000090600000, 0x0000000090600000, 0x0000000090700000|  0%| F|  |TAMS 0x0000000090600000, 0x0000000090600000| Untracked 
| 263|0x0000000090700000, 0x0000000090700000, 0x0000000090800000|  0%| F|  |TAMS 0x0000000090700000, 0x0000000090700000| Untracked 
| 264|0x0000000090800000, 0x0000000090800000, 0x0000000090900000|  0%| F|  |TAMS 0x0000000090800000, 0x0000000090800000| Untracked 
| 265|0x0000000090900000, 0x0000000090900000, 0x0000000090a00000|  0%| F|  |TAMS 0x0000000090900000, 0x0000000090900000| Untracked 
| 266|0x0000000090a00000, 0x0000000090a00000, 0x0000000090b00000|  0%| F|  |TAMS 0x0000000090a00000, 0x0000000090a00000| Untracked 
| 267|0x0000000090b00000, 0x0000000090b00000, 0x0000000090c00000|  0%| F|  |TAMS 0x0000000090b00000, 0x0000000090b00000| Untracked 
| 268|0x0000000090c00000, 0x0000000090c00000, 0x0000000090d00000|  0%| F|  |TAMS 0x0000000090c00000, 0x0000000090c00000| Untracked 
| 269|0x0000000090d00000, 0x0000000090d00000, 0x0000000090e00000|  0%| F|  |TAMS 0x0000000090d00000, 0x0000000090d00000| Untracked 
| 270|0x0000000090e00000, 0x0000000090e00000, 0x0000000090f00000|  0%| F|  |TAMS 0x0000000090e00000, 0x0000000090e00000| Untracked 
| 271|0x0000000090f00000, 0x0000000090f00000, 0x0000000091000000|  0%| F|  |TAMS 0x0000000090f00000, 0x0000000090f00000| Untracked 
| 272|0x0000000091000000, 0x0000000091000000, 0x0000000091100000|  0%| F|  |TAMS 0x0000000091000000, 0x0000000091000000| Untracked 
| 273|0x0000000091100000, 0x0000000091100000, 0x0000000091200000|  0%| F|  |TAMS 0x0000000091100000, 0x0000000091100000| Untracked 
| 274|0x0000000091200000, 0x0000000091200000, 0x0000000091300000|  0%| F|  |TAMS 0x0000000091200000, 0x0000000091200000| Untracked 
| 275|0x0000000091300000, 0x0000000091300000, 0x0000000091400000|  0%| F|  |TAMS 0x0000000091300000, 0x0000000091300000| Untracked 
| 276|0x0000000091400000, 0x0000000091400000, 0x0000000091500000|  0%| F|  |TAMS 0x0000000091400000, 0x0000000091400000| Untracked 
| 277|0x0000000091500000, 0x0000000091500000, 0x0000000091600000|  0%| F|  |TAMS 0x0000000091500000, 0x0000000091500000| Untracked 
| 278|0x0000000091600000, 0x0000000091600000, 0x0000000091700000|  0%| F|  |TAMS 0x0000000091600000, 0x0000000091600000| Untracked 
| 279|0x0000000091700000, 0x0000000091700000, 0x0000000091800000|  0%| F|  |TAMS 0x0000000091700000, 0x0000000091700000| Untracked 
| 280|0x0000000091800000, 0x0000000091800000, 0x0000000091900000|  0%| F|  |TAMS 0x0000000091800000, 0x0000000091800000| Untracked 
| 281|0x0000000091900000, 0x0000000091900000, 0x0000000091a00000|  0%| F|  |TAMS 0x0000000091900000, 0x0000000091900000| Untracked 
| 282|0x0000000091a00000, 0x0000000091a00000, 0x0000000091b00000|  0%| F|  |TAMS 0x0000000091a00000, 0x0000000091a00000| Untracked 
| 283|0x0000000091b00000, 0x0000000091b00000, 0x0000000091c00000|  0%| F|  |TAMS 0x0000000091b00000, 0x0000000091b00000| Untracked 
| 284|0x0000000091c00000, 0x0000000091c00000, 0x0000000091d00000|  0%| F|  |TAMS 0x0000000091c00000, 0x0000000091c00000| Untracked 
| 285|0x0000000091d00000, 0x0000000091d00000, 0x0000000091e00000|  0%| F|  |TAMS 0x0000000091d00000, 0x0000000091d00000| Untracked 
| 286|0x0000000091e00000, 0x0000000091e00000, 0x0000000091f00000|  0%| F|  |TAMS 0x0000000091e00000, 0x0000000091e00000| Untracked 
| 287|0x0000000091f00000, 0x0000000091f00000, 0x0000000092000000|  0%| F|  |TAMS 0x0000000091f00000, 0x0000000091f00000| Untracked 
| 288|0x0000000092000000, 0x0000000092000000, 0x0000000092100000|  0%| F|  |TAMS 0x0000000092000000, 0x0000000092000000| Untracked 
| 289|0x0000000092100000, 0x0000000092100000, 0x0000000092200000|  0%| F|  |TAMS 0x0000000092100000, 0x0000000092100000| Untracked 
| 290|0x0000000092200000, 0x0000000092200000, 0x0000000092300000|  0%| F|  |TAMS 0x0000000092200000, 0x0000000092200000| Untracked 
| 291|0x0000000092300000, 0x0000000092300000, 0x0000000092400000|  0%| F|  |TAMS 0x0000000092300000, 0x0000000092300000| Untracked 
| 292|0x0000000092400000, 0x0000000092400000, 0x0000000092500000|  0%| F|  |TAMS 0x0000000092400000, 0x0000000092400000| Untracked 
| 293|0x0000000092500000, 0x0000000092500000, 0x0000000092600000|  0%| F|  |TAMS 0x0000000092500000, 0x0000000092500000| Untracked 
| 294|0x0000000092600000, 0x0000000092600000, 0x0000000092700000|  0%| F|  |TAMS 0x0000000092600000, 0x0000000092600000| Untracked 
| 295|0x0000000092700000, 0x0000000092700000, 0x0000000092800000|  0%| F|  |TAMS 0x0000000092700000, 0x0000000092700000| Untracked 
| 296|0x0000000092800000, 0x0000000092800000, 0x0000000092900000|  0%| F|  |TAMS 0x0000000092800000, 0x0000000092800000| Untracked 
| 297|0x0000000092900000, 0x0000000092900000, 0x0000000092a00000|  0%| F|  |TAMS 0x0000000092900000, 0x0000000092900000| Untracked 
| 298|0x0000000092a00000, 0x0000000092a00000, 0x0000000092b00000|  0%| F|  |TAMS 0x0000000092a00000, 0x0000000092a00000| Untracked 
| 299|0x0000000092b00000, 0x0000000092b00000, 0x0000000092c00000|  0%| F|  |TAMS 0x0000000092b00000, 0x0000000092b00000| Untracked 
| 300|0x0000000092c00000, 0x0000000092c00000, 0x0000000092d00000|  0%| F|  |TAMS 0x0000000092c00000, 0x0000000092c00000| Untracked 
| 301|0x0000000092d00000, 0x0000000092d00000, 0x0000000092e00000|  0%| F|  |TAMS 0x0000000092d00000, 0x0000000092d00000| Untracked 
| 302|0x0000000092e00000, 0x0000000092e00000, 0x0000000092f00000|  0%| F|  |TAMS 0x0000000092e00000, 0x0000000092e00000| Untracked 
| 303|0x0000000092f00000, 0x0000000092f00000, 0x0000000093000000|  0%| F|  |TAMS 0x0000000092f00000, 0x0000000092f00000| Untracked 
| 304|0x0000000093000000, 0x0000000093000000, 0x0000000093100000|  0%| F|  |TAMS 0x0000000093000000, 0x0000000093000000| Untracked 
| 305|0x0000000093100000, 0x0000000093100000, 0x0000000093200000|  0%| F|  |TAMS 0x0000000093100000, 0x0000000093100000| Untracked 
| 306|0x0000000093200000, 0x0000000093200000, 0x0000000093300000|  0%| F|  |TAMS 0x0000000093200000, 0x0000000093200000| Untracked 

Card table byte_map: [0x0000024141b40000,0x0000024141f40000] _byte_map_base: 0x0000024141740000

Marking Bits (Prev, Next): (CMBitMap*) 0x000002412e4836e8, (CMBitMap*) 0x000002412e483720
 Prev Bits: [0x0000024142340000, 0x0000024144340000)
 Next Bits: [0x0000024144340000, 0x0000024146340000)

Polling page: 0x000002412dba0000

Metaspace:

Usage:
  Non-class:     86.72 MB capacity,    85.06 MB ( 98%) used,     1.34 MB (  2%) free+waste,   325.13 KB ( <1%) overhead. 
      Class:     13.86 MB capacity,    12.80 MB ( 92%) used,   930.63 KB (  7%) free+waste,   153.88 KB (  1%) overhead. 
       Both:    100.58 MB capacity,    97.86 MB ( 97%) used,     2.25 MB (  2%) free+waste,   479.00 KB ( <1%) overhead. 

Virtual space:
  Non-class space:       88.00 MB reserved,      87.00 MB ( 99%) committed 
      Class space:        1.00 GB reserved,      14.00 MB (  1%) committed 
             Both:        1.09 GB reserved,     101.00 MB (  9%) committed 

Chunk freelists:
   Non-Class:  227.00 KB
       Class:  143.00 KB
        Both:  370.00 KB

MaxMetaspaceSize: 17179869184.00 GB
CompressedClassSpaceSize: 1.00 GB

CodeHeap 'non-profiled nmethods': size=119168Kb used=7511Kb max_used=7511Kb free=111656Kb
 bounds [0x0000024139a60000, 0x000002413a1c0000, 0x0000024140ec0000]
CodeHeap 'profiled nmethods': size=119168Kb used=31036Kb max_used=31036Kb free=88131Kb
 bounds [0x0000024132600000, 0x0000024134450000, 0x0000024139a60000]
CodeHeap 'non-nmethods': size=7424Kb used=3512Kb max_used=3512Kb free=3911Kb
 bounds [0x0000024131ec0000, 0x0000024132240000, 0x0000024132600000]
 total_blobs=14351 nmethods=13430 adapters=826
 compilation: enabled
              stopped_count=0, restarted_count=0
 full_count=0

Compilation events (20 events):
Event: 16.227 Thread 0x0000024149e68000 nmethod 13751 0x000002413a1b4d90 code [0x000002413a1b4f40, 0x000002413a1b4ff8]
Event: 16.227 Thread 0x0000024149e68000 13762       2       com.android.tools.r8.internal.g5::a (8 bytes)
Event: 16.227 Thread 0x0000024149e68000 nmethod 13762 0x000002413444d610 code [0x000002413444d7c0, 0x000002413444d8c8]
Event: 16.227 Thread 0x0000024149e68000 13763       2       com.android.tools.r8.internal.i2::b (64 bytes)
Event: 16.227 Thread 0x0000024149e68000 nmethod 13763 0x000002413444d990 code [0x000002413444db80, 0x000002413444df38]
Event: 16.227 Thread 0x0000024149e68000 13765       2       com.android.tools.r8.internal.i2::v (29 bytes)
Event: 16.227 Thread 0x0000024149e68000 nmethod 13765 0x000002413444e110 code [0x000002413444e2c0, 0x000002413444e3b8]
Event: 16.227 Thread 0x0000024149e68000 13764       2       com.android.tools.r8.internal.i2::y (8 bytes)
Event: 16.228 Thread 0x0000024149e68000 nmethod 13764 0x000002413444e490 code [0x000002413444e680, 0x000002413444eb98]
Event: 16.228 Thread 0x0000024149e68000 13755       1       com.android.tools.r8.internal.Me$f::a (5 bytes)
Event: 16.228 Thread 0x0000024149e68000 nmethod 13755 0x000002413a1b5090 code [0x000002413a1b5240, 0x000002413a1b52d8]
Event: 16.228 Thread 0x0000024149e68000 13748       2       com.android.tools.r8.internal.m4::c (42 bytes)
Event: 16.228 Thread 0x0000024149e68000 nmethod 13748 0x000002413444ed10 code [0x000002413444ef00, 0x000002413444f118]
Event: 16.228 Thread 0x0000024149e68000 13732       1       com.android.tools.r8.internal.Ph::a (5 bytes)
Event: 16.228 Thread 0x0000024149e68000 nmethod 13732 0x000002413a1b5390 code [0x000002413a1b5540, 0x000002413a1b55d8]
Event: 16.228 Thread 0x0000024149e68000 13760       1       com.android.tools.r8.graph.i$a::b (5 bytes)
Event: 16.228 Thread 0x0000024149e68000 nmethod 13760 0x000002413a1b5690 code [0x000002413a1b5840, 0x000002413a1b58f8]
Event: 16.228 Thread 0x0000024149e68000 13761       1       com.android.tools.r8.graph.i$a::c (5 bytes)
Event: 16.228 Thread 0x0000024149e68000 nmethod 13761 0x000002413a1b5990 code [0x000002413a1b5b40, 0x000002413a1b5bf8]
Event: 16.228 Thread 0x0000024149e68000 13767       2       com.android.tools.r8.internal.e5$a::a (13 bytes)

GC Heap History (20 events):
Event: 15.740 GC heap after
{Heap after GC invocations=22 (full 0):
 garbage-first heap   total 258048K, used 158880K [0x0000000080000000, 0x0000000100000000)
  region size 1024K, 8 young (8192K), 8 survivors (8192K)
 Metaspace       used 96496K, capacity 99013K, committed 100096K, reserved 1136640K
  class space    used 12467K, capacity 13391K, committed 13824K, reserved 1048576K
}
Event: 15.792 GC heap before
{Heap before GC invocations=23 (full 0):
 garbage-first heap   total 258048K, used 205984K [0x0000000080000000, 0x0000000100000000)
  region size 1024K, 54 young (55296K), 8 survivors (8192K)
 Metaspace       used 96944K, capacity 99533K, committed 100608K, reserved 1136640K
  class space    used 12516K, capacity 13466K, committed 13824K, reserved 1048576K
}
Event: 15.802 GC heap after
{Heap after GC invocations=24 (full 0):
 garbage-first heap   total 258048K, used 168769K [0x0000000080000000, 0x0000000100000000)
  region size 1024K, 7 young (7168K), 7 survivors (7168K)
 Metaspace       used 96944K, capacity 99533K, committed 100608K, reserved 1136640K
  class space    used 12516K, capacity 13466K, committed 13824K, reserved 1048576K
}
Event: 15.809 GC heap before
{Heap before GC invocations=24 (full 0):
 garbage-first heap   total 258048K, used 173889K [0x0000000080000000, 0x0000000100000000)
  region size 1024K, 12 young (12288K), 7 survivors (7168K)
 Metaspace       used 97046K, capacity 99675K, committed 100608K, reserved 1136640K
  class space    used 12551K, capacity 13529K, committed 13824K, reserved 1048576K
}
Event: 15.814 GC heap after
{Heap after GC invocations=25 (full 0):
 garbage-first heap   total 258048K, used 169343K [0x0000000080000000, 0x0000000100000000)
  region size 1024K, 2 young (2048K), 2 survivors (2048K)
 Metaspace       used 97046K, capacity 99675K, committed 100608K, reserved 1136640K
  class space    used 12551K, capacity 13529K, committed 13824K, reserved 1048576K
}
Event: 15.860 GC heap before
{Heap before GC invocations=25 (full 0):
 garbage-first heap   total 258048K, used 209279K [0x0000000080000000, 0x0000000100000000)
  region size 1024K, 41 young (41984K), 2 survivors (2048K)
 Metaspace       used 97698K, capacity 100547K, committed 100736K, reserved 1136640K
  class space    used 12735K, capacity 13852K, committed 13952K, reserved 1048576K
}
Event: 15.867 GC heap after
{Heap after GC invocations=26 (full 0):
 garbage-first heap   total 258048K, used 176481K [0x0000000080000000, 0x0000000100000000)
  region size 1024K, 6 young (6144K), 6 survivors (6144K)
 Metaspace       used 97698K, capacity 100547K, committed 100736K, reserved 1136640K
  class space    used 12735K, capacity 13852K, committed 13952K, reserved 1048576K
}
Event: 15.909 GC heap before
{Heap before GC invocations=26 (full 0):
 garbage-first heap   total 258048K, used 211297K [0x0000000080000000, 0x0000000100000000)
  region size 1024K, 41 young (41984K), 6 survivors (6144K)
 Metaspace       used 97840K, capacity 100717K, committed 100992K, reserved 1136640K
  class space    used 12760K, capacity 13867K, committed 13952K, reserved 1048576K
}
Event: 15.916 GC heap after
{Heap after GC invocations=27 (full 0):
 garbage-first heap   total 258048K, used 183959K [0x0000000080000000, 0x0000000100000000)
  region size 1024K, 6 young (6144K), 6 survivors (6144K)
 Metaspace       used 97840K, capacity 100717K, committed 100992K, reserved 1136640K
  class space    used 12760K, capacity 13867K, committed 13952K, reserved 1048576K
}
Event: 15.956 GC heap before
{Heap before GC invocations=27 (full 0):
 garbage-first heap   total 258048K, used 214679K [0x0000000080000000, 0x0000000100000000)
  region size 1024K, 36 young (36864K), 6 survivors (6144K)
 Metaspace       used 97854K, capacity 100717K, committed 100992K, reserved 1136640K
  class space    used 12764K, capacity 13867K, committed 13952K, reserved 1048576K
}
Event: 15.963 GC heap after
{Heap after GC invocations=28 (full 0):
 garbage-first heap   total 258048K, used 190201K [0x0000000080000000, 0x0000000100000000)
  region size 1024K, 5 young (5120K), 5 survivors (5120K)
 Metaspace       used 97854K, capacity 100717K, committed 100992K, reserved 1136640K
  class space    used 12764K, capacity 13867K, committed 13952K, reserved 1048576K
}
Event: 15.992 GC heap before
{Heap before GC invocations=28 (full 0):
 garbage-first heap   total 258048K, used 217849K [0x0000000080000000, 0x0000000100000000)
  region size 1024K, 32 young (32768K), 5 survivors (5120K)
 Metaspace       used 97989K, capacity 100854K, committed 100992K, reserved 1136640K
  class space    used 12794K, capacity 13913K, committed 13952K, reserved 1048576K
}
Event: 15.999 GC heap after
{Heap after GC invocations=29 (full 0):
 garbage-first heap   total 314368K, used 195584K [0x0000000080000000, 0x0000000100000000)
  region size 1024K, 4 young (4096K), 4 survivors (4096K)
 Metaspace       used 97989K, capacity 100854K, committed 100992K, reserved 1136640K
  class space    used 12794K, capacity 13913K, committed 13952K, reserved 1048576K
}
Event: 16.074 GC heap before
{Heap before GC invocations=29 (full 0):
 garbage-first heap   total 314368K, used 248832K [0x0000000080000000, 0x0000000100000000)
  region size 1024K, 56 young (57344K), 4 survivors (4096K)
 Metaspace       used 98102K, capacity 100681K, committed 101632K, reserved 1136640K
  class space    used 12738K, capacity 13716K, committed 14080K, reserved 1048576K
}
Event: 16.082 GC heap after
{Heap after GC invocations=30 (full 0):
 garbage-first heap   total 314368K, used 205076K [0x0000000080000000, 0x0000000100000000)
  region size 1024K, 7 young (7168K), 7 survivors (7168K)
 Metaspace       used 98102K, capacity 100681K, committed 101632K, reserved 1136640K
  class space    used 12738K, capacity 13716K, committed 14080K, reserved 1048576K
}
Event: 16.139 GC heap before
{Heap before GC invocations=31 (full 0):
 garbage-first heap   total 314368K, used 253204K [0x0000000080000000, 0x0000000100000000)
  region size 1024K, 55 young (56320K), 7 survivors (7168K)
 Metaspace       used 99055K, capacity 101667K, committed 102528K, reserved 1138688K
  class space    used 12931K, capacity 13939K, committed 14208K, reserved 1048576K
}
Event: 16.148 GC heap after
{Heap after GC invocations=32 (full 0):
 garbage-first heap   total 314368K, used 213796K [0x0000000080000000, 0x0000000100000000)
  region size 1024K, 7 young (7168K), 7 survivors (7168K)
 Metaspace       used 99055K, capacity 101667K, committed 102528K, reserved 1138688K
  class space    used 12931K, capacity 13939K, committed 14208K, reserved 1048576K
}
Event: 16.161 GC heap before
{Heap before GC invocations=32 (full 0):
 garbage-first heap   total 314368K, used 221988K [0x0000000080000000, 0x0000000100000000)
  region size 1024K, 15 young (15360K), 7 survivors (7168K)
 Metaspace       used 99227K, capacity 101981K, committed 102656K, reserved 1138688K
  class space    used 12960K, capacity 14023K, committed 14336K, reserved 1048576K
}
Event: 16.167 GC heap after
{Heap after GC invocations=33 (full 0):
 garbage-first heap   total 314368K, used 214483K [0x0000000080000000, 0x0000000100000000)
  region size 1024K, 2 young (2048K), 2 survivors (2048K)
 Metaspace       used 99227K, capacity 101981K, committed 102656K, reserved 1138688K
  class space    used 12960K, capacity 14023K, committed 14336K, reserved 1048576K
}
Event: 16.229 GC heap before
{Heap before GC invocations=33 (full 0):
 garbage-first heap   total 314368K, used 259539K [0x0000000080000000, 0x0000000100000000)
  region size 1024K, 46 young (47104K), 2 survivors (2048K)
 Metaspace       used 100206K, capacity 102990K, committed 103424K, reserved 1138688K
  class space    used 13108K, capacity 14193K, committed 14336K, reserved 1048576K
}

Deoptimization events (20 events):
Event: 16.168 Thread 0x000002414ff22000 Uncommon trap: trap_request=0xffffffde fr.pc=0x0000024139eb8e80 relative=0x00000000000003a0
Event: 16.168 Thread 0x000002414ff22000 Uncommon trap: reason=class_check action=maybe_recompile pc=0x0000024139eb8e80 method=java.util.Spliterators$IteratorSpliterator.tryAdvance(Ljava/util/function/Consumer;)Z @ 68 c2
Event: 16.168 Thread 0x000002414ff22000 DEOPT PACKING pc=0x0000024139eb8e80 sp=0x000000b0ddff9bf0
Event: 16.168 Thread 0x000002414ff22000 DEOPT UNPACKING pc=0x0000024131ec83af sp=0x000000b0ddff9b88 mode 2
Event: 16.174 Thread 0x000002414ff23000 Uncommon trap: trap_request=0xffffff4d fr.pc=0x0000024139dfa424 relative=0x0000000000001784
Event: 16.174 Thread 0x000002414ff23000 Uncommon trap: reason=unstable_if action=reinterpret pc=0x0000024139dfa424 method=java.util.TreeMap.put(Ljava/lang/Object;Ljava/lang/Object;)Ljava/lang/Object; @ 163 c2
Event: 16.174 Thread 0x000002414ff23000 DEOPT PACKING pc=0x0000024139dfa424 sp=0x000000b0dddf9b00
Event: 16.174 Thread 0x000002414ff23000 DEOPT UNPACKING pc=0x0000024131ec83af sp=0x000000b0dddf9ad0 mode 2
Event: 16.203 Thread 0x0000024149ec5800 Uncommon trap: trap_request=0xffffff4d fr.pc=0x0000024139b1a39c relative=0x000000000000043c
Event: 16.203 Thread 0x0000024149ec5800 Uncommon trap: reason=unstable_if action=reinterpret pc=0x0000024139b1a39c method=sun.nio.cs.UTF_8$Encoder.encodeArrayLoop(Ljava/nio/CharBuffer;Ljava/nio/ByteBuffer;)Ljava/nio/charset/CoderResult; @ 113 c2
Event: 16.203 Thread 0x0000024149ec5800 DEOPT PACKING pc=0x0000024139b1a39c sp=0x000000b0e03fd210
Event: 16.203 Thread 0x0000024149ec5800 DEOPT UNPACKING pc=0x0000024131ec83af sp=0x000000b0e03fd178 mode 2
Event: 16.207 Thread 0x0000024149ec5800 DEOPT PACKING pc=0x0000024134412c80 sp=0x000000b0e03fd100
Event: 16.207 Thread 0x0000024149ec5800 DEOPT UNPACKING pc=0x0000024131ee7c0e sp=0x000000b0e03fc678 mode 0
Event: 16.207 Thread 0x0000024149ec5800 DEOPT PACKING pc=0x0000024134412c80 sp=0x000000b0e03fd100
Event: 16.208 Thread 0x0000024149ec5800 DEOPT UNPACKING pc=0x0000024131ee7c0e sp=0x000000b0e03fc678 mode 0
Event: 16.209 Thread 0x0000024149ec5800 DEOPT PACKING pc=0x0000024134412c80 sp=0x000000b0e03fd100
Event: 16.209 Thread 0x0000024149ec5800 DEOPT UNPACKING pc=0x0000024131ee7c0e sp=0x000000b0e03fc678 mode 0
Event: 16.225 Thread 0x000002414ff1e000 DEOPT PACKING pc=0x00000241343f61c7 sp=0x000000b0dd8f9650
Event: 16.226 Thread 0x000002414ff1e000 DEOPT UNPACKING pc=0x0000024131ee7c0e sp=0x000000b0dd8f8ab8 mode 0

Classes redefined (0 events):
No events

Internal exceptions (20 events):
Event: 16.063 Thread 0x000002414ff17800 Exception <a 'java/lang/NoSuchMethodError'{0x00000000930aa950}: 'java.lang.Object java.lang.invoke.DirectMethodHandle$Holder.invokeVirtual(java.lang.Object, java.lang.Object, int, java.lang.Object)'> (0x00000000930aa950) thrown at [./src/hotspot/share/interpreter/linkResolver.cpp, line 773]
Event: 16.063 Thread 0x000002414ff23000 Exception <a 'java/lang/NoSuchMethodError'{0x000000009084b780}: 'java.lang.Object java.lang.invoke.DirectMethodHandle$Holder.invokeVirtual(java.lang.Object, java.lang.Object, int, java.lang.Object)'> (0x000000009084b780) thrown at [./src/hotspot/share/interpreter/linkResolver.cpp, line 773]
Event: 16.063 Thread 0x000002414ff22000 Exception <a 'java/lang/NoSuchMethodError'{0x00000000930e2ee0}: 'java.lang.Object java.lang.invoke.DirectMethodHandle$Holder.invokeVirtual(java.lang.Object, java.lang.Object, int, java.lang.Object)'> (0x00000000930e2ee0) thrown at [./src/hotspot/share/interpreter/linkResolver.cpp, line 773]
Event: 16.063 Thread 0x000002414ff1b800 Exception <a 'java/lang/NoSuchMethodError'{0x0000000090866098}: 'java.lang.Object java.lang.invoke.DirectMethodHandle$Holder.invokeVirtual(java.lang.Object, java.lang.Object, int, java.lang.Object)'> (0x0000000090866098) thrown at [./src/hotspot/share/interpreter/linkResolver.cpp, line 773]
Event: 16.066 Thread 0x000002414ff23000 Exception <a 'java/lang/IncompatibleClassChangeError'{0x00000000905281a0}: Found class java.lang.Object, but interface was expected> (0x00000000905281a0) thrown at [./src/hotspot/share/interpreter/linkResolver.cpp, line 839]
Event: 16.068 Thread 0x000002414ff23000 Exception <a 'java/lang/IncompatibleClassChangeError'{0x00000000904b5d30}: Found class java.lang.Object, but interface was expected> (0x00000000904b5d30) thrown at [./src/hotspot/share/interpreter/linkResolver.cpp, line 839]
Event: 16.109 Thread 0x000002414ff24800 Exception <a 'java/lang/NoSuchMethodError'{0x0000000091dbaf80}: 'void java.lang.invoke.DirectMethodHandle$Holder.invokeVirtual(java.lang.Object, java.lang.Object, int, java.lang.Object)'> (0x0000000091dbaf80) thrown at [./src/hotspot/share/interpreter/linkResolver.cpp, line 773]
Event: 16.109 Thread 0x000002414ff17800 Exception <a 'java/lang/NoSuchMethodError'{0x0000000091b73720}: 'void java.lang.invoke.DirectMethodHandle$Holder.invokeVirtual(java.lang.Object, java.lang.Object, int, java.lang.Object)'> (0x0000000091b73720) thrown at [./src/hotspot/share/interpreter/linkResolver.cpp, line 773]
Event: 16.109 Thread 0x000002414ff22000 Exception <a 'java/lang/NoSuchMethodError'{0x0000000092a3f318}: 'void java.lang.invoke.DirectMethodHandle$Holder.invokeVirtual(java.lang.Object, java.lang.Object, int, java.lang.Object)'> (0x0000000092a3f318) thrown at [./src/hotspot/share/interpreter/linkResolver.cpp, line 773]
Event: 16.109 Thread 0x000002414ff1b800 Exception <a 'java/lang/NoSuchMethodError'{0x00000000920014b0}: 'void java.lang.invoke.DirectMethodHandle$Holder.invokeVirtual(java.lang.Object, java.lang.Object, int, java.lang.Object)'> (0x00000000920014b0) thrown at [./src/hotspot/share/interpreter/linkResolver.cpp, line 773]
Event: 16.109 Thread 0x000002414ff1e000 Exception <a 'java/lang/NoSuchMethodError'{0x0000000092cc5ff0}: 'void java.lang.invoke.DirectMethodHandle$Holder.invokeVirtual(java.lang.Object, java.lang.Object, int, java.lang.Object)'> (0x0000000092cc5ff0) thrown at [./src/hotspot/share/interpreter/linkResolver.cpp, line 773]
Event: 16.188 Thread 0x000002414ff20800 Exception <a 'java/lang/NoSuchMethodError'{0x0000000092802440}: 'int java.lang.invoke.DirectMethodHandle$Holder.invokeSpecial(java.lang.Object, java.lang.Object, java.lang.Object, int, java.lang.Object)'> (0x0000000092802440) thrown at [./src/hotspot/share/interpreter/linkResolver.cpp, line 773]
Event: 16.189 Thread 0x000002414ff17800 Exception <a 'java/lang/NoSuchMethodError'{0x00000000926c77b8}: 'int java.lang.invoke.DirectMethodHandle$Holder.invokeSpecial(java.lang.Object, java.lang.Object, java.lang.Object, int, java.lang.Object)'> (0x00000000926c77b8) thrown at [./src/hotspot/share/interpreter/linkResolver.cpp, line 773]
Event: 16.189 Thread 0x000002414ff1b800 Exception <a 'java/lang/NoSuchMethodError'{0x0000000092d7c558}: 'int java.lang.invoke.DirectMethodHandle$Holder.invokeSpecial(java.lang.Object, java.lang.Object, java.lang.Object, int, java.lang.Object)'> (0x0000000092d7c558) thrown at [./src/hotspot/share/interpreter/linkResolver.cpp, line 773]
Event: 16.202 Thread 0x0000024149ec5800 Exception <a 'java/lang/NoSuchMethodError'{0x0000000091a249e8}: 'int java.lang.invoke.DirectMethodHandle$Holder.invokeSpecialIFC(java.lang.Object, java.lang.Object, java.lang.Object)'> (0x0000000091a249e8) thrown at [./src/hotspot/share/interpreter/linkResolver.cpp, line 773]
Event: 16.202 Thread 0x000002414ff1b800 Exception <a 'java/lang/NoSuchMethodError'{0x0000000091dafb30}: 'java.lang.Object java.lang.invoke.DirectMethodHandle$Holder.newInvokeSpecial(java.lang.Object, int)'> (0x0000000091dafb30) thrown at [./src/hotspot/share/interpreter/linkResolver.cpp, line 773]
Event: 16.202 Thread 0x000002414ff22000 Exception <a 'java/lang/NoSuchMethodError'{0x0000000091ad0718}: 'java.lang.Object java.lang.invoke.DirectMethodHandle$Holder.newInvokeSpecial(java.lang.Object, int)'> (0x0000000091ad0718) thrown at [./src/hotspot/share/interpreter/linkResolver.cpp, line 773]
Event: 16.202 Thread 0x000002414ff1f800 Exception <a 'java/lang/NoSuchMethodError'{0x0000000091a071f8}: 'java.lang.Object java.lang.invoke.DirectMethodHandle$Holder.newInvokeSpecial(java.lang.Object, int)'> (0x0000000091a071f8) thrown at [./src/hotspot/share/interpreter/linkResolver.cpp, line 773]
Event: 16.203 Thread 0x000002414ff24800 Exception <a 'java/lang/NoSuchMethodError'{0x0000000091bfb628}: 'java.lang.Object java.lang.invoke.DirectMethodHandle$Holder.newInvokeSpecial(java.lang.Object, int)'> (0x0000000091bfb628) thrown at [./src/hotspot/share/interpreter/linkResolver.cpp, line 773]
Event: 16.203 Thread 0x000002414ff1e000 Exception <a 'java/lang/NoSuchMethodError'{0x0000000091dd8788}: 'java.lang.Object java.lang.invoke.DirectMethodHandle$Holder.newInvokeSpecial(java.lang.Object, int)'> (0x0000000091dd8788) thrown at [./src/hotspot/share/interpreter/linkResolver.cpp, line 773]

Events (20 events):
Event: 16.227 loading class com/android/tools/r8/code/m done
Event: 16.227 loading class com/android/tools/r8/internal/aw
Event: 16.227 loading class com/android/tools/r8/internal/aw done
Event: 16.227 loading class com/android/tools/r8/internal/iw
Event: 16.227 loading class com/android/tools/r8/internal/iw done
Event: 16.228 loading class com/android/tools/r8/code/o
Event: 16.228 loading class com/android/tools/r8/code/o done
Event: 16.228 loading class com/android/tools/r8/code/T3
Event: 16.228 loading class com/android/tools/r8/code/T3 done
Event: 16.228 loading class com/android/tools/r8/internal/Gg
Event: 16.228 loading class com/android/tools/r8/internal/Gg done
Event: 16.228 loading class com/android/tools/r8/internal/Gg
Event: 16.228 loading class com/android/tools/r8/internal/Gg done
Event: 16.228 loading class com/android/tools/r8/internal/j2
Event: 16.228 loading class com/android/tools/r8/internal/j2 done
Event: 16.228 loading class com/android/tools/r8/internal/j2
Event: 16.228 loading class com/android/tools/r8/internal/j2 done
Event: 16.228 loading class com/android/tools/r8/internal/j2
Event: 16.228 loading class com/android/tools/r8/internal/j2 done
Event: 16.228 Executing VM operation: G1CollectForAllocation


Dynamic libraries:
0x00007ff7a9960000 - 0x00007ff7a996a000 	C:\Program Files\Android\Android Studio\jre\bin\java.exe
0x00007ff999650000 - 0x00007ff999845000 	C:\Windows\SYSTEM32\ntdll.dll
0x00007ff997cc0000 - 0x00007ff997d7e000 	C:\Windows\System32\KERNEL32.DLL
0x00007ff996f70000 - 0x00007ff997238000 	C:\Windows\System32\KERNELBASE.dll
0x00007ff9972e0000 - 0x00007ff9973e0000 	C:\Windows\System32\ucrtbase.dll
0x00007ff97b2a0000 - 0x00007ff97b2b7000 	C:\Program Files\Android\Android Studio\jre\bin\VCRUNTIME140.dll
0x00007ff97b1e0000 - 0x00007ff97b1f9000 	C:\Program Files\Android\Android Studio\jre\bin\jli.dll
0x00007ff997b20000 - 0x00007ff997cc0000 	C:\Windows\System32\USER32.dll
0x00007ff9975d0000 - 0x00007ff9975f2000 	C:\Windows\System32\win32u.dll
0x00007ff998830000 - 0x00007ff99885b000 	C:\Windows\System32\GDI32.dll
0x00007ff996e60000 - 0x00007ff996f6b000 	C:\Windows\System32\gdi32full.dll
0x00007ff996dc0000 - 0x00007ff996e5d000 	C:\Windows\System32\msvcp_win.dll
0x00007ff987cc0000 - 0x00007ff987f5a000 	C:\Windows\WinSxS\amd64_microsoft.windows.common-controls_6595b64144ccf1df_6.0.19041.1110_none_60b5254171f9507e\COMCTL32.dll
0x00007ff997ec0000 - 0x00007ff997f5e000 	C:\Windows\System32\msvcrt.dll
0x00007ff9989b0000 - 0x00007ff9989e0000 	C:\Windows\System32\IMM32.DLL
0x00007ff98bd10000 - 0x00007ff98bf12000 	C:\Windows\system32\tmumh\20019\AddOn\8.53.0.1128\TmUmEvt64.dll
0x00007ff998110000 - 0x00007ff998118000 	C:\Windows\System32\PSAPI.DLL
0x00007ff998430000 - 0x00007ff9984de000 	C:\Windows\System32\ADVAPI32.dll
0x00007ff9991b0000 - 0x00007ff99924c000 	C:\Windows\System32\sechost.dll
0x00007ff998120000 - 0x00007ff998245000 	C:\Windows\System32\RPCRT4.dll
0x00000000525f0000 - 0x0000000052760000 	C:\Windows\system32\tmumh\20019\TmMon\2.8.0.1054\tmmon64.dll
0x00007ff95c8b0000 - 0x00007ff95c94d000 	C:\Program Files\Android\Android Studio\jre\bin\msvcp140.dll
0x00007ff932330000 - 0x00007ff932e05000 	C:\Program Files\Android\Android Studio\jre\bin\server\jvm.dll
0x00007ff981950000 - 0x00007ff981959000 	C:\Windows\SYSTEM32\WSOCK32.dll
0x00007ff998610000 - 0x00007ff99867b000 	C:\Windows\System32\WS2_32.dll
0x00007ff98c710000 - 0x00007ff98c737000 	C:\Windows\SYSTEM32\WINMM.dll
0x00007ff98b880000 - 0x00007ff98b88a000 	C:\Windows\SYSTEM32\VERSION.dll
0x00007ff995640000 - 0x00007ff995652000 	C:\Windows\SYSTEM32\kernel.appcore.dll
0x00007ff98e380000 - 0x00007ff98e391000 	C:\Program Files\Android\Android Studio\jre\bin\verify.dll
0x00007ff994b00000 - 0x00007ff994ce4000 	C:\Windows\SYSTEM32\DBGHELP.DLL
0x00007ff98c6e0000 - 0x00007ff98c70c000 	C:\Windows\SYSTEM32\dbgcore.DLL
0x00007ff9973e0000 - 0x00007ff997462000 	C:\Windows\System32\bcryptPrimitives.dll
0x00007ff97ccb0000 - 0x00007ff97ccd9000 	C:\Program Files\Android\Android Studio\jre\bin\java.dll
0x00007ff993d30000 - 0x00007ff993d3b000 	C:\Program Files\Android\Android Studio\jre\bin\jimage.dll
0x00007ff98e350000 - 0x00007ff98e368000 	C:\Program Files\Android\Android Studio\jre\bin\zip.dll
0x00007ff998a40000 - 0x00007ff999184000 	C:\Windows\System32\SHELL32.dll
0x00007ff994cf0000 - 0x00007ff995484000 	C:\Windows\SYSTEM32\windows.storage.dll
0x00007ff9992b0000 - 0x00007ff999604000 	C:\Windows\System32\combase.dll
0x00007ff996760000 - 0x00007ff99678c000 	C:\Windows\SYSTEM32\Wldp.dll
0x00007ff998380000 - 0x00007ff99842d000 	C:\Windows\System32\SHCORE.dll
0x00007ff997d80000 - 0x00007ff997dd5000 	C:\Windows\System32\shlwapi.dll
0x00007ff996cb0000 - 0x00007ff996ccf000 	C:\Windows\SYSTEM32\profapi.dll
0x00007ff9899b0000 - 0x00007ff9899ca000 	C:\Program Files\Android\Android Studio\jre\bin\net.dll
0x00007ff990fd0000 - 0x00007ff9910d9000 	C:\Windows\SYSTEM32\WINHTTP.dll
0x00007ff996460000 - 0x00007ff9964ca000 	C:\Windows\system32\mswsock.dll
0x00007ff97cdd0000 - 0x00007ff97cde4000 	C:\Program Files\Android\Android Studio\jre\bin\nio.dll
0x00007ff94b760000 - 0x00007ff94b787000 	C:\Users\keerthi-con927\.gradle\native\8bec1ad78214c89d9ad589b4d07fe93259594b29d510b10fafb7a158f7737e5d\windows-amd64\native-platform.dll
0x00007ff919b60000 - 0x00007ff919c9d000 	C:\Users\keerthi-con927\.gradle\native\53dbd7edfb1c66fb8903c78663c9afc45aea4f116125fa6feffd364cf09443e8\windows-amd64\native-platform-file-events.dll
0x00007ff98cde0000 - 0x00007ff98cdea000 	C:\Program Files\Android\Android Studio\jre\bin\management.dll
0x00007ff987200000 - 0x00007ff98720d000 	C:\Program Files\Android\Android Studio\jre\bin\management_ext.dll
0x00007ff996660000 - 0x00007ff996678000 	C:\Windows\SYSTEM32\CRYPTSP.dll
0x00007ff995de0000 - 0x00007ff995e14000 	C:\Windows\system32\rsaenh.dll
0x00007ff997240000 - 0x00007ff997267000 	C:\Windows\System32\bcrypt.dll
0x00007ff996c70000 - 0x00007ff996c9e000 	C:\Windows\SYSTEM32\USERENV.dll
0x00007ff996650000 - 0x00007ff99665c000 	C:\Windows\SYSTEM32\CRYPTBASE.dll
0x00007ff996150000 - 0x00007ff99618b000 	C:\Windows\SYSTEM32\IPHLPAPI.DLL
0x00007ff9988f0000 - 0x00007ff9988f8000 	C:\Windows\System32\NSI.dll
0x00007ff98f4e0000 - 0x00007ff98f4f7000 	C:\Windows\SYSTEM32\dhcpcsvc6.DLL
0x00007ff98f4b0000 - 0x00007ff98f4cd000 	C:\Windows\SYSTEM32\dhcpcsvc.DLL
0x00007ff9961e0000 - 0x00007ff9962aa000 	C:\Windows\SYSTEM32\DNSAPI.dll

dbghelp: loaded successfully - version: 4.0.5 - missing functions: none
symbol engine: initialized successfully - sym options: 0x614 - pdb path: .;C:\Program Files\Android\Android Studio\jre\bin;C:\Windows\SYSTEM32;C:\Windows\WinSxS\amd64_microsoft.windows.common-controls_6595b64144ccf1df_6.0.19041.1110_none_60b5254171f9507e;C:\Windows\system32\tmumh\20019\AddOn\8.53.0.1128;C:\Windows\system32\tmumh\20019\TmMon\2.8.0.1054;C:\Program Files\Android\Android Studio\jre\bin\server;C:\Users\keerthi-con927\.gradle\native\8bec1ad78214c89d9ad589b4d07fe93259594b29d510b10fafb7a158f7737e5d\windows-amd64;C:\Users\keerthi-con927\.gradle\native\53dbd7edfb1c66fb8903c78663c9afc45aea4f116125fa6feffd364cf09443e8\windows-amd64

VM Arguments:
jvm_args: --add-opens=java.base/java.util=ALL-UNNAMED --add-opens=java.base/java.lang=ALL-UNNAMED --add-opens=java.base/java.lang.invoke=ALL-UNNAMED --add-opens=java.base/java.util=ALL-UNNAMED --add-opens=java.prefs/java.util.prefs=ALL-UNNAMED --add-opens=java.prefs/java.util.prefs=ALL-UNNAMED --add-opens=java.base/java.nio.charset=ALL-UNNAMED --add-opens=java.base/java.net=ALL-UNNAMED --add-opens=java.base/java.util.concurrent.atomic=ALL-UNNAMED -Xmx2048m -Dfile.encoding=UTF-8 -Duser.country=IN -Duser.language=en -Duser.variant 
java_command: org.gradle.launcher.daemon.bootstrap.GradleDaemon 7.0.2
java_class_path (initial): C:\Users\keerthi-con927\.gradle\wrapper\dists\gradle-7.0.2-bin\857tjihv64xamwrf0h14cai3r\gradle-7.0.2\lib\gradle-launcher-7.0.2.jar
Launcher Type: SUN_STANDARD

[Global flags]
     intx CICompilerCount                          = 12                                        {product} {ergonomic}
     uint ConcGCThreads                            = 3                                         {product} {ergonomic}
     uint G1ConcRefinementThreads                  = 13                                        {product} {ergonomic}
   size_t G1HeapRegionSize                         = 1048576                                   {product} {ergonomic}
    uintx GCDrainStackTargetSize                   = 64                                        {product} {ergonomic}
   size_t InitialHeapSize                          = 264241152                                 {product} {ergonomic}
   size_t MarkStackSize                            = 4194304                                   {product} {ergonomic}
   size_t MaxHeapSize                              = 2147483648                                {product} {command line}
   size_t MaxNewSize                               = 1287651328                                {product} {ergonomic}
   size_t MinHeapDeltaBytes                        = 1048576                                   {product} {ergonomic}
    uintx NonNMethodCodeHeapSize                   = 7594288                                {pd product} {ergonomic}
    uintx NonProfiledCodeHeapSize                  = 122031976                              {pd product} {ergonomic}
    uintx ProfiledCodeHeapSize                     = 122031976                              {pd product} {ergonomic}
    uintx ReservedCodeCacheSize                    = 251658240                              {pd product} {ergonomic}
     bool SegmentedCodeCache                       = true                                      {product} {ergonomic}
     bool UseCompressedClassPointers               = true                                 {lp64_product} {ergonomic}
     bool UseCompressedOops                        = true                                 {lp64_product} {ergonomic}
     bool UseG1GC                                  = true                                      {product} {ergonomic}
     bool UseLargePagesIndividualAllocation        = false                                  {pd product} {ergonomic}

Logging:
Log output configuration:
 #0: stdout all=warning uptime,level,tags
 #1: stderr all=off uptime,level,tags

Environment Variables:
PATH=C:\Program Files (x86)\Common Files\Oracle\Java\javapath;C:\Windows\system32;C:\Windows;C:\Windows\System32\Wbem;C:\Windows\System32\WindowsPowerShell\v1.0\;C:\Windows\System32\OpenSSH\;C:\Program Files\Git\cmd;C:\Program Files\nodejs\;C:\Users\keerthi-con927\AppData\Local\Microsoft\WindowsApps;;C:\Program Files\JetBrains\IntelliJ IDEA Community Edition 2021.3.2\bin;;C:\Users\keerthi-con927\AppData\Local\Programs\Microsoft VS Code\bin;C:\Users\keerthi-con927\AppData\Roaming\npm
USERNAME=keerthi-con927
OS=Windows_NT
PROCESSOR_IDENTIFIER=Intel64 Family 6 Model 141 Stepping 1, GenuineIntel



---------------  S Y S T E M  ---------------

OS: Windows 10 , 64 bit Build 19041 (10.0.19041.1566)
OS uptime: 8 days 12:57 hours

CPU:total 16 (initial active 16) (8 cores per cpu, 2 threads per core) family 6 model 141 stepping 1 microcode 0x3c, cmov, cx8, fxsr, mmx, sse, sse2, sse3, ssse3, sse4.1, sse4.2, popcnt, avx, avx2, aes, clmul, erms, 3dnowpref, lzcnt, ht, tsc, tscinvbit, bmi1, bmi2, adx, evex, sha, fma

Memory: 4k page, system-wide physical 16103M (58M free)
TotalPageFile size 45555M (AvailPageFile size 301M)
current process WorkingSet (physical memory assigned to process): 651M, peak: 654M
current process commit charge ("private bytes"): 827M, peak: 1134M

vm_info: OpenJDK 64-Bit Server VM (11.0.11+9-b60-7590822) for windows-amd64 JRE (11.0.11+9-b60-7590822), built on Jul 29 2021 21:43:44 by "builder" with MS VC++ 14.0 (VS2015)

END.
